Setting stack size to unlimited...
core file size          (blocks, -c) 0
data seg size           (kbytes, -d) unlimited
scheduling priority             (-e) 0
file size               (blocks, -f) unlimited
pending signals                 (-i) 2062696
max locked memory       (kbytes, -l) unlimited
max memory size         (kbytes, -m) 507904000
open files                      (-n) 1024
pipe size            (512 bytes, -p) 8
POSIX message queues     (bytes, -q) 819200
real-time priority              (-r) 0
stack size              (kbytes, -s) unlimited
cpu time               (seconds, -t) unlimited
max user processes              (-u) 4096
virtual memory          (kbytes, -v) unlimited
file locks                      (-x) unlimited

Running Job...!
===============================================================================
Running compiled binary...
Serial version...
Elapsed time: 14.07
R: 149.659528, G: 148.049722, B: 139.202555
Parallel version with 1 threads A
OMP: Info #212: KMP_AFFINITY: decoding x2APIC ids.
OMP: Info #210: KMP_AFFINITY: Affinity capable, using global cpuid leaf 11 info
OMP: Info #154: KMP_AFFINITY: Initial OS proc set respected: 0-28,30,32,34
OMP: Info #156: KMP_AFFINITY: 32 available OS procs
OMP: Info #158: KMP_AFFINITY: Nonuniform topology
OMP: Info #179: KMP_AFFINITY: 2 packages x 18 cores/pkg x 1 threads/core (32 total cores)
OMP: Info #214: KMP_AFFINITY: OS proc to physical thread map:
OMP: Info #171: KMP_AFFINITY: OS proc 0 maps to package 0 core 0 
OMP: Info #171: KMP_AFFINITY: OS proc 2 maps to package 0 core 1 
OMP: Info #171: KMP_AFFINITY: OS proc 4 maps to package 0 core 2 
OMP: Info #171: KMP_AFFINITY: OS proc 6 maps to package 0 core 3 
OMP: Info #171: KMP_AFFINITY: OS proc 8 maps to package 0 core 4 
OMP: Info #171: KMP_AFFINITY: OS proc 10 maps to package 0 core 8 
OMP: Info #171: KMP_AFFINITY: OS proc 12 maps to package 0 core 9 
OMP: Info #171: KMP_AFFINITY: OS proc 14 maps to package 0 core 10 
OMP: Info #171: KMP_AFFINITY: OS proc 16 maps to package 0 core 11 
OMP: Info #171: KMP_AFFINITY: OS proc 18 maps to package 0 core 16 
OMP: Info #171: KMP_AFFINITY: OS proc 20 maps to package 0 core 17 
OMP: Info #171: KMP_AFFINITY: OS proc 22 maps to package 0 core 18 
OMP: Info #171: KMP_AFFINITY: OS proc 24 maps to package 0 core 19 
OMP: Info #171: KMP_AFFINITY: OS proc 26 maps to package 0 core 20 
OMP: Info #171: KMP_AFFINITY: OS proc 28 maps to package 0 core 24 
OMP: Info #171: KMP_AFFINITY: OS proc 30 maps to package 0 core 25 
OMP: Info #171: KMP_AFFINITY: OS proc 32 maps to package 0 core 26 
OMP: Info #171: KMP_AFFINITY: OS proc 34 maps to package 0 core 27 
OMP: Info #171: KMP_AFFINITY: OS proc 1 maps to package 1 core 0 
OMP: Info #171: KMP_AFFINITY: OS proc 3 maps to package 1 core 1 
OMP: Info #171: KMP_AFFINITY: OS proc 5 maps to package 1 core 2 
OMP: Info #171: KMP_AFFINITY: OS proc 7 maps to package 1 core 3 
OMP: Info #171: KMP_AFFINITY: OS proc 9 maps to package 1 core 4 
OMP: Info #171: KMP_AFFINITY: OS proc 11 maps to package 1 core 8 
OMP: Info #171: KMP_AFFINITY: OS proc 13 maps to package 1 core 9 
OMP: Info #171: KMP_AFFINITY: OS proc 15 maps to package 1 core 10 
OMP: Info #171: KMP_AFFINITY: OS proc 17 maps to package 1 core 11 
OMP: Info #171: KMP_AFFINITY: OS proc 19 maps to package 1 core 16 
OMP: Info #171: KMP_AFFINITY: OS proc 21 maps to package 1 core 17 
OMP: Info #171: KMP_AFFINITY: OS proc 23 maps to package 1 core 18 
OMP: Info #171: KMP_AFFINITY: OS proc 25 maps to package 1 core 19 
OMP: Info #171: KMP_AFFINITY: OS proc 27 maps to package 1 core 20 
OMP: Info #250: KMP_AFFINITY: pid 126363 tid 126363 thread 0 bound to OS proc set 0
Elapsed time: 37.26
R: 149.659528, G: 148.049722, B: 139.202555
Parallel version with 2 threads A
OMP: Info #212: KMP_AFFINITY: decoding x2APIC ids.
OMP: Info #210: KMP_AFFINITY: Affinity capable, using global cpuid leaf 11 info
OMP: Info #154: KMP_AFFINITY: Initial OS proc set respected: 0-28,30,32,34
OMP: Info #156: KMP_AFFINITY: 32 available OS procs
OMP: Info #158: KMP_AFFINITY: Nonuniform topology
OMP: Info #179: KMP_AFFINITY: 2 packages x 18 cores/pkg x 1 threads/core (32 total cores)
OMP: Info #214: KMP_AFFINITY: OS proc to physical thread map:
OMP: Info #171: KMP_AFFINITY: OS proc 0 maps to package 0 core 0 
OMP: Info #171: KMP_AFFINITY: OS proc 2 maps to package 0 core 1 
OMP: Info #171: KMP_AFFINITY: OS proc 4 maps to package 0 core 2 
OMP: Info #171: KMP_AFFINITY: OS proc 6 maps to package 0 core 3 
OMP: Info #171: KMP_AFFINITY: OS proc 8 maps to package 0 core 4 
OMP: Info #171: KMP_AFFINITY: OS proc 10 maps to package 0 core 8 
OMP: Info #171: KMP_AFFINITY: OS proc 12 maps to package 0 core 9 
OMP: Info #171: KMP_AFFINITY: OS proc 14 maps to package 0 core 10 
OMP: Info #171: KMP_AFFINITY: OS proc 16 maps to package 0 core 11 
OMP: Info #171: KMP_AFFINITY: OS proc 18 maps to package 0 core 16 
OMP: Info #171: KMP_AFFINITY: OS proc 20 maps to package 0 core 17 
OMP: Info #171: KMP_AFFINITY: OS proc 22 maps to package 0 core 18 
OMP: Info #171: KMP_AFFINITY: OS proc 24 maps to package 0 core 19 
OMP: Info #171: KMP_AFFINITY: OS proc 26 maps to package 0 core 20 
OMP: Info #171: KMP_AFFINITY: OS proc 28 maps to package 0 core 24 
OMP: Info #171: KMP_AFFINITY: OS proc 30 maps to package 0 core 25 
OMP: Info #171: KMP_AFFINITY: OS proc 32 maps to package 0 core 26 
OMP: Info #171: KMP_AFFINITY: OS proc 34 maps to package 0 core 27 
OMP: Info #171: KMP_AFFINITY: OS proc 1 maps to package 1 core 0 
OMP: Info #171: KMP_AFFINITY: OS proc 3 maps to package 1 core 1 
OMP: Info #171: KMP_AFFINITY: OS proc 5 maps to package 1 core 2 
OMP: Info #171: KMP_AFFINITY: OS proc 7 maps to package 1 core 3 
OMP: Info #171: KMP_AFFINITY: OS proc 9 maps to package 1 core 4 
OMP: Info #171: KMP_AFFINITY: OS proc 11 maps to package 1 core 8 
OMP: Info #171: KMP_AFFINITY: OS proc 13 maps to package 1 core 9 
OMP: Info #171: KMP_AFFINITY: OS proc 15 maps to package 1 core 10 
OMP: Info #171: KMP_AFFINITY: OS proc 17 maps to package 1 core 11 
OMP: Info #171: KMP_AFFINITY: OS proc 19 maps to package 1 core 16 
OMP: Info #171: KMP_AFFINITY: OS proc 21 maps to package 1 core 17 
OMP: Info #171: KMP_AFFINITY: OS proc 23 maps to package 1 core 18 
OMP: Info #171: KMP_AFFINITY: OS proc 25 maps to package 1 core 19 
OMP: Info #171: KMP_AFFINITY: OS proc 27 maps to package 1 core 20 
OMP: Info #250: KMP_AFFINITY: pid 126365 tid 126365 thread 0 bound to OS proc set 0
OMP: Info #250: KMP_AFFINITY: pid 126365 tid 126366 thread 1 bound to OS proc set 2
Elapsed time: 25.61
R: 149.659528, G: 148.049722, B: 139.202555
Parallel version with 4 threads A
OMP: Info #212: KMP_AFFINITY: decoding x2APIC ids.
OMP: Info #210: KMP_AFFINITY: Affinity capable, using global cpuid leaf 11 info
OMP: Info #154: KMP_AFFINITY: Initial OS proc set respected: 0-28,30,32,34
OMP: Info #156: KMP_AFFINITY: 32 available OS procs
OMP: Info #158: KMP_AFFINITY: Nonuniform topology
OMP: Info #179: KMP_AFFINITY: 2 packages x 18 cores/pkg x 1 threads/core (32 total cores)
OMP: Info #214: KMP_AFFINITY: OS proc to physical thread map:
OMP: Info #171: KMP_AFFINITY: OS proc 0 maps to package 0 core 0 
OMP: Info #171: KMP_AFFINITY: OS proc 2 maps to package 0 core 1 
OMP: Info #171: KMP_AFFINITY: OS proc 4 maps to package 0 core 2 
OMP: Info #171: KMP_AFFINITY: OS proc 6 maps to package 0 core 3 
OMP: Info #171: KMP_AFFINITY: OS proc 8 maps to package 0 core 4 
OMP: Info #171: KMP_AFFINITY: OS proc 10 maps to package 0 core 8 
OMP: Info #171: KMP_AFFINITY: OS proc 12 maps to package 0 core 9 
OMP: Info #171: KMP_AFFINITY: OS proc 14 maps to package 0 core 10 
OMP: Info #171: KMP_AFFINITY: OS proc 16 maps to package 0 core 11 
OMP: Info #171: KMP_AFFINITY: OS proc 18 maps to package 0 core 16 
OMP: Info #171: KMP_AFFINITY: OS proc 20 maps to package 0 core 17 
OMP: Info #171: KMP_AFFINITY: OS proc 22 maps to package 0 core 18 
OMP: Info #171: KMP_AFFINITY: OS proc 24 maps to package 0 core 19 
OMP: Info #171: KMP_AFFINITY: OS proc 26 maps to package 0 core 20 
OMP: Info #171: KMP_AFFINITY: OS proc 28 maps to package 0 core 24 
OMP: Info #171: KMP_AFFINITY: OS proc 30 maps to package 0 core 25 
OMP: Info #171: KMP_AFFINITY: OS proc 32 maps to package 0 core 26 
OMP: Info #171: KMP_AFFINITY: OS proc 34 maps to package 0 core 27 
OMP: Info #171: KMP_AFFINITY: OS proc 1 maps to package 1 core 0 
OMP: Info #171: KMP_AFFINITY: OS proc 3 maps to package 1 core 1 
OMP: Info #171: KMP_AFFINITY: OS proc 5 maps to package 1 core 2 
OMP: Info #171: KMP_AFFINITY: OS proc 7 maps to package 1 core 3 
OMP: Info #171: KMP_AFFINITY: OS proc 9 maps to package 1 core 4 
OMP: Info #171: KMP_AFFINITY: OS proc 11 maps to package 1 core 8 
OMP: Info #171: KMP_AFFINITY: OS proc 13 maps to package 1 core 9 
OMP: Info #171: KMP_AFFINITY: OS proc 15 maps to package 1 core 10 
OMP: Info #171: KMP_AFFINITY: OS proc 17 maps to package 1 core 11 
OMP: Info #171: KMP_AFFINITY: OS proc 19 maps to package 1 core 16 
OMP: Info #171: KMP_AFFINITY: OS proc 21 maps to package 1 core 17 
OMP: Info #171: KMP_AFFINITY: OS proc 23 maps to package 1 core 18 
OMP: Info #171: KMP_AFFINITY: OS proc 25 maps to package 1 core 19 
OMP: Info #171: KMP_AFFINITY: OS proc 27 maps to package 1 core 20 
OMP: Info #250: KMP_AFFINITY: pid 126368 tid 126368 thread 0 bound to OS proc set 0
OMP: Info #250: KMP_AFFINITY: pid 126368 tid 126369 thread 1 bound to OS proc set 2
OMP: Info #250: KMP_AFFINITY: pid 126368 tid 126370 thread 2 bound to OS proc set 4
OMP: Info #250: KMP_AFFINITY: pid 126368 tid 126371 thread 3 bound to OS proc set 6
Elapsed time: 16.01
R: 149.659528, G: 148.049722, B: 139.202555
Parallel version with 8 threads A
OMP: Info #212: KMP_AFFINITY: decoding x2APIC ids.
OMP: Info #210: KMP_AFFINITY: Affinity capable, using global cpuid leaf 11 info
OMP: Info #154: KMP_AFFINITY: Initial OS proc set respected: 0-28,30,32,34
OMP: Info #156: KMP_AFFINITY: 32 available OS procs
OMP: Info #158: KMP_AFFINITY: Nonuniform topology
OMP: Info #179: KMP_AFFINITY: 2 packages x 18 cores/pkg x 1 threads/core (32 total cores)
OMP: Info #214: KMP_AFFINITY: OS proc to physical thread map:
OMP: Info #171: KMP_AFFINITY: OS proc 0 maps to package 0 core 0 
OMP: Info #171: KMP_AFFINITY: OS proc 2 maps to package 0 core 1 
OMP: Info #171: KMP_AFFINITY: OS proc 4 maps to package 0 core 2 
OMP: Info #171: KMP_AFFINITY: OS proc 6 maps to package 0 core 3 
OMP: Info #171: KMP_AFFINITY: OS proc 8 maps to package 0 core 4 
OMP: Info #171: KMP_AFFINITY: OS proc 10 maps to package 0 core 8 
OMP: Info #171: KMP_AFFINITY: OS proc 12 maps to package 0 core 9 
OMP: Info #171: KMP_AFFINITY: OS proc 14 maps to package 0 core 10 
OMP: Info #171: KMP_AFFINITY: OS proc 16 maps to package 0 core 11 
OMP: Info #171: KMP_AFFINITY: OS proc 18 maps to package 0 core 16 
OMP: Info #171: KMP_AFFINITY: OS proc 20 maps to package 0 core 17 
OMP: Info #171: KMP_AFFINITY: OS proc 22 maps to package 0 core 18 
OMP: Info #171: KMP_AFFINITY: OS proc 24 maps to package 0 core 19 
OMP: Info #171: KMP_AFFINITY: OS proc 26 maps to package 0 core 20 
OMP: Info #171: KMP_AFFINITY: OS proc 28 maps to package 0 core 24 
OMP: Info #171: KMP_AFFINITY: OS proc 30 maps to package 0 core 25 
OMP: Info #171: KMP_AFFINITY: OS proc 32 maps to package 0 core 26 
OMP: Info #171: KMP_AFFINITY: OS proc 34 maps to package 0 core 27 
OMP: Info #171: KMP_AFFINITY: OS proc 1 maps to package 1 core 0 
OMP: Info #171: KMP_AFFINITY: OS proc 3 maps to package 1 core 1 
OMP: Info #171: KMP_AFFINITY: OS proc 5 maps to package 1 core 2 
OMP: Info #171: KMP_AFFINITY: OS proc 7 maps to package 1 core 3 
OMP: Info #171: KMP_AFFINITY: OS proc 9 maps to package 1 core 4 
OMP: Info #171: KMP_AFFINITY: OS proc 11 maps to package 1 core 8 
OMP: Info #171: KMP_AFFINITY: OS proc 13 maps to package 1 core 9 
OMP: Info #171: KMP_AFFINITY: OS proc 15 maps to package 1 core 10 
OMP: Info #171: KMP_AFFINITY: OS proc 17 maps to package 1 core 11 
OMP: Info #171: KMP_AFFINITY: OS proc 19 maps to package 1 core 16 
OMP: Info #171: KMP_AFFINITY: OS proc 21 maps to package 1 core 17 
OMP: Info #171: KMP_AFFINITY: OS proc 23 maps to package 1 core 18 
OMP: Info #171: KMP_AFFINITY: OS proc 25 maps to package 1 core 19 
OMP: Info #171: KMP_AFFINITY: OS proc 27 maps to package 1 core 20 
OMP: Info #250: KMP_AFFINITY: pid 126372 tid 126372 thread 0 bound to OS proc set 0
OMP: Info #250: KMP_AFFINITY: pid 126372 tid 126373 thread 1 bound to OS proc set 2
OMP: Info #250: KMP_AFFINITY: pid 126372 tid 126374 thread 2 bound to OS proc set 4
OMP: Info #250: KMP_AFFINITY: pid 126372 tid 126376 thread 4 bound to OS proc set 8
OMP: Info #250: KMP_AFFINITY: pid 126372 tid 126375 thread 3 bound to OS proc set 6
OMP: Info #250: KMP_AFFINITY: pid 126372 tid 126377 thread 5 bound to OS proc set 10
OMP: Info #250: KMP_AFFINITY: pid 126372 tid 126378 thread 6 bound to OS proc set 12
OMP: Info #250: KMP_AFFINITY: pid 126372 tid 126379 thread 7 bound to OS proc set 14
Elapsed time: 10.92
R: 149.659528, G: 148.049722, B: 139.202555
Parallel version with 16 threads A B
OMP: Info #212: KMP_AFFINITY: decoding x2APIC ids.
OMP: Info #210: KMP_AFFINITY: Affinity capable, using global cpuid leaf 11 info
OMP: Info #154: KMP_AFFINITY: Initial OS proc set respected: 0-28,30,32,34
OMP: Info #156: KMP_AFFINITY: 32 available OS procs
OMP: Info #158: KMP_AFFINITY: Nonuniform topology
OMP: Info #179: KMP_AFFINITY: 2 packages x 18 cores/pkg x 1 threads/core (32 total cores)
OMP: Info #214: KMP_AFFINITY: OS proc to physical thread map:
OMP: Info #171: KMP_AFFINITY: OS proc 0 maps to package 0 core 0 
OMP: Info #171: KMP_AFFINITY: OS proc 2 maps to package 0 core 1 
OMP: Info #171: KMP_AFFINITY: OS proc 4 maps to package 0 core 2 
OMP: Info #171: KMP_AFFINITY: OS proc 6 maps to package 0 core 3 
OMP: Info #171: KMP_AFFINITY: OS proc 8 maps to package 0 core 4 
OMP: Info #171: KMP_AFFINITY: OS proc 10 maps to package 0 core 8 
OMP: Info #171: KMP_AFFINITY: OS proc 12 maps to package 0 core 9 
OMP: Info #171: KMP_AFFINITY: OS proc 14 maps to package 0 core 10 
OMP: Info #171: KMP_AFFINITY: OS proc 16 maps to package 0 core 11 
OMP: Info #171: KMP_AFFINITY: OS proc 18 maps to package 0 core 16 
OMP: Info #171: KMP_AFFINITY: OS proc 20 maps to package 0 core 17 
OMP: Info #171: KMP_AFFINITY: OS proc 22 maps to package 0 core 18 
OMP: Info #171: KMP_AFFINITY: OS proc 24 maps to package 0 core 19 
OMP: Info #171: KMP_AFFINITY: OS proc 26 maps to package 0 core 20 
OMP: Info #171: KMP_AFFINITY: OS proc 28 maps to package 0 core 24 
OMP: Info #171: KMP_AFFINITY: OS proc 30 maps to package 0 core 25 
OMP: Info #171: KMP_AFFINITY: OS proc 32 maps to package 0 core 26 
OMP: Info #171: KMP_AFFINITY: OS proc 34 maps to package 0 core 27 
OMP: Info #171: KMP_AFFINITY: OS proc 1 maps to package 1 core 0 
OMP: Info #171: KMP_AFFINITY: OS proc 3 maps to package 1 core 1 
OMP: Info #171: KMP_AFFINITY: OS proc 5 maps to package 1 core 2 
OMP: Info #171: KMP_AFFINITY: OS proc 7 maps to package 1 core 3 
OMP: Info #171: KMP_AFFINITY: OS proc 9 maps to package 1 core 4 
OMP: Info #171: KMP_AFFINITY: OS proc 11 maps to package 1 core 8 
OMP: Info #171: KMP_AFFINITY: OS proc 13 maps to package 1 core 9 
OMP: Info #171: KMP_AFFINITY: OS proc 15 maps to package 1 core 10 
OMP: Info #171: KMP_AFFINITY: OS proc 17 maps to package 1 core 11 
OMP: Info #171: KMP_AFFINITY: OS proc 19 maps to package 1 core 16 
OMP: Info #171: KMP_AFFINITY: OS proc 21 maps to package 1 core 17 
OMP: Info #171: KMP_AFFINITY: OS proc 23 maps to package 1 core 18 
OMP: Info #171: KMP_AFFINITY: OS proc 25 maps to package 1 core 19 
OMP: Info #171: KMP_AFFINITY: OS proc 27 maps to package 1 core 20 
OMP: Info #250: KMP_AFFINITY: pid 126380 tid 126380 thread 0 bound to OS proc set 0
OMP: Info #250: KMP_AFFINITY: pid 126380 tid 126381 thread 1 bound to OS proc set 2
OMP: Info #250: KMP_AFFINITY: pid 126380 tid 126382 thread 2 bound to OS proc set 4
OMP: Info #250: KMP_AFFINITY: pid 126380 tid 126383 thread 3 bound to OS proc set 6
OMP: Info #250: KMP_AFFINITY: pid 126380 tid 126384 thread 4 bound to OS proc set 8
OMP: Info #250: KMP_AFFINITY: pid 126380 tid 126385 thread 5 bound to OS proc set 10
OMP: Info #250: KMP_AFFINITY: pid 126380 tid 126386 thread 6 bound to OS proc set 12
OMP: Info #250: KMP_AFFINITY: pid 126380 tid 126387 thread 7 bound to OS proc set 14
OMP: Info #250: KMP_AFFINITY: pid 126380 tid 126388 thread 8 bound to OS proc set 16
OMP: Info #250: KMP_AFFINITY: pid 126380 tid 126390 thread 10 bound to OS proc set 20
OMP: Info #250: KMP_AFFINITY: pid 126380 tid 126389 thread 9 bound to OS proc set 18
OMP: Info #250: KMP_AFFINITY: pid 126380 tid 126391 thread 11 bound to OS proc set 22
OMP: Info #250: KMP_AFFINITY: pid 126380 tid 126392 thread 12 bound to OS proc set 24
OMP: Info #250: KMP_AFFINITY: pid 126380 tid 126393 thread 13 bound to OS proc set 26
OMP: Info #250: KMP_AFFINITY: pid 126380 tid 126394 thread 14 bound to OS proc set 28
OMP: Info #250: KMP_AFFINITY: pid 126380 tid 126395 thread 15 bound to OS proc set 30
Elapsed time: 8.26
R: 149.659528, G: 148.049722, B: 139.202555
Parallel version with 32 threads A
OMP: Info #212: KMP_AFFINITY: decoding x2APIC ids.
OMP: Info #210: KMP_AFFINITY: Affinity capable, using global cpuid leaf 11 info
OMP: Info #154: KMP_AFFINITY: Initial OS proc set respected: 0-28,30,32,34
OMP: Info #156: KMP_AFFINITY: 32 available OS procs
OMP: Info #158: KMP_AFFINITY: Nonuniform topology
OMP: Info #179: KMP_AFFINITY: 2 packages x 18 cores/pkg x 1 threads/core (32 total cores)
OMP: Info #214: KMP_AFFINITY: OS proc to physical thread map:
OMP: Info #171: KMP_AFFINITY: OS proc 0 maps to package 0 core 0 
OMP: Info #171: KMP_AFFINITY: OS proc 2 maps to package 0 core 1 
OMP: Info #171: KMP_AFFINITY: OS proc 4 maps to package 0 core 2 
OMP: Info #171: KMP_AFFINITY: OS proc 6 maps to package 0 core 3 
OMP: Info #171: KMP_AFFINITY: OS proc 8 maps to package 0 core 4 
OMP: Info #171: KMP_AFFINITY: OS proc 10 maps to package 0 core 8 
OMP: Info #171: KMP_AFFINITY: OS proc 12 maps to package 0 core 9 
OMP: Info #171: KMP_AFFINITY: OS proc 14 maps to package 0 core 10 
OMP: Info #171: KMP_AFFINITY: OS proc 16 maps to package 0 core 11 
OMP: Info #171: KMP_AFFINITY: OS proc 18 maps to package 0 core 16 
OMP: Info #171: KMP_AFFINITY: OS proc 20 maps to package 0 core 17 
OMP: Info #171: KMP_AFFINITY: OS proc 22 maps to package 0 core 18 
OMP: Info #171: KMP_AFFINITY: OS proc 24 maps to package 0 core 19 
OMP: Info #171: KMP_AFFINITY: OS proc 26 maps to package 0 core 20 
OMP: Info #171: KMP_AFFINITY: OS proc 28 maps to package 0 core 24 
OMP: Info #171: KMP_AFFINITY: OS proc 30 maps to package 0 core 25 
OMP: Info #171: KMP_AFFINITY: OS proc 32 maps to package 0 core 26 
OMP: Info #171: KMP_AFFINITY: OS proc 34 maps to package 0 core 27 
OMP: Info #171: KMP_AFFINITY: OS proc 1 maps to package 1 core 0 
OMP: Info #171: KMP_AFFINITY: OS proc 3 maps to package 1 core 1 
OMP: Info #171: KMP_AFFINITY: OS proc 5 maps to package 1 core 2 
OMP: Info #171: KMP_AFFINITY: OS proc 7 maps to package 1 core 3 
OMP: Info #171: KMP_AFFINITY: OS proc 9 maps to package 1 core 4 
OMP: Info #171: KMP_AFFINITY: OS proc 11 maps to package 1 core 8 
OMP: Info #171: KMP_AFFINITY: OS proc 13 maps to package 1 core 9 
OMP: Info #171: KMP_AFFINITY: OS proc 15 maps to package 1 core 10 
OMP: Info #171: KMP_AFFINITY: OS proc 17 maps to package 1 core 11 
OMP: Info #171: KMP_AFFINITY: OS proc 19 maps to package 1 core 16 
OMP: Info #171: KMP_AFFINITY: OS proc 21 maps to package 1 core 17 
OMP: Info #171: KMP_AFFINITY: OS proc 23 maps to package 1 core 18 
OMP: Info #171: KMP_AFFINITY: OS proc 25 maps to package 1 core 19 
OMP: Info #171: KMP_AFFINITY: OS proc 27 maps to package 1 core 20 
OMP: Info #250: KMP_AFFINITY: pid 126396 tid 126396 thread 0 bound to OS proc set 0
OMP: Info #250: KMP_AFFINITY: pid 126396 tid 126397 thread 1 bound to OS proc set 2
OMP: Info #250: KMP_AFFINITY: pid 126396 tid 126398 thread 2 bound to OS proc set 4
OMP: Info #250: KMP_AFFINITY: pid 126396 tid 126399 thread 3 bound to OS proc set 6
OMP: Info #250: KMP_AFFINITY: pid 126396 tid 126400 thread 4 bound to OS proc set 8
OMP: Info #250: KMP_AFFINITY: pid 126396 tid 126401 thread 5 bound to OS proc set 10
OMP: Info #250: KMP_AFFINITY: pid 126396 tid 126402 thread 6 bound to OS proc set 12
OMP: Info #250: KMP_AFFINITY: pid 126396 tid 126403 thread 7 bound to OS proc set 14
OMP: Info #250: KMP_AFFINITY: pid 126396 tid 126405 thread 9 bound to OS proc set 18
OMP: Info #250: KMP_AFFINITY: pid 126396 tid 126404 thread 8 bound to OS proc set 16
OMP: Info #250: KMP_AFFINITY: pid 126396 tid 126407 thread 11 bound to OS proc set 22
OMP: Info #250: KMP_AFFINITY: pid 126396 tid 126406 thread 10 bound to OS proc set 20
OMP: Info #250: KMP_AFFINITY: pid 126396 tid 126408 thread 12 bound to OS proc set 24
OMP: Info #250: KMP_AFFINITY: pid 126396 tid 126409 thread 13 bound to OS proc set 26
OMP: Info #250: KMP_AFFINITY: pid 126396 tid 126411 thread 15 bound to OS proc set 30
OMP: Info #250: KMP_AFFINITY: pid 126396 tid 126412 thread 16 bound to OS proc set 32
OMP: Info #250: KMP_AFFINITY: pid 126396 tid 126410 thread 14 bound to OS proc set 28
OMP: Info #250: KMP_AFFINITY: pid 126396 tid 126413 thread 17 bound to OS proc set 34
OMP: Info #250: KMP_AFFINITY: pid 126396 tid 126414 thread 18 bound to OS proc set 1
OMP: Info #250: KMP_AFFINITY: pid 126396 tid 126415 thread 19 bound to OS proc set 3
OMP: Info #250: KMP_AFFINITY: pid 126396 tid 126416 thread 20 bound to OS proc set 5
OMP: Info #250: KMP_AFFINITY: pid 126396 tid 126417 thread 21 bound to OS proc set 7
OMP: Info #250: KMP_AFFINITY: pid 126396 tid 126418 thread 22 bound to OS proc set 9
OMP: Info #250: KMP_AFFINITY: pid 126396 tid 126419 thread 23 bound to OS proc set 11
OMP: Info #250: KMP_AFFINITY: pid 126396 tid 126420 thread 24 bound to OS proc set 13
OMP: Info #250: KMP_AFFINITY: pid 126396 tid 126421 thread 25 bound to OS proc set 15
OMP: Info #250: KMP_AFFINITY: pid 126396 tid 126422 thread 26 bound to OS proc set 17
OMP: Info #250: KMP_AFFINITY: pid 126396 tid 126423 thread 27 bound to OS proc set 19
OMP: Info #250: KMP_AFFINITY: pid 126396 tid 126425 thread 29 bound to OS proc set 23
OMP: Info #250: KMP_AFFINITY: pid 126396 tid 126424 thread 28 bound to OS proc set 21
OMP: Info #250: KMP_AFFINITY: pid 126396 tid 126426 thread 30 bound to OS proc set 25
OMP: Info #250: KMP_AFFINITY: pid 126396 tid 126427 thread 31 bound to OS proc set 27
Elapsed time: 12.43
R: 149.659528, G: 148.049722, B: 139.202555
Parallel version with 16 threads B scatter
OMP: Info #212: KMP_AFFINITY: decoding x2APIC ids.
OMP: Info #210: KMP_AFFINITY: Affinity capable, using global cpuid leaf 11 info
OMP: Info #154: KMP_AFFINITY: Initial OS proc set respected: 0-28,30,32,34
OMP: Info #156: KMP_AFFINITY: 32 available OS procs
OMP: Info #158: KMP_AFFINITY: Nonuniform topology
OMP: Info #179: KMP_AFFINITY: 2 packages x 18 cores/pkg x 1 threads/core (32 total cores)
OMP: Info #214: KMP_AFFINITY: OS proc to physical thread map:
OMP: Info #171: KMP_AFFINITY: OS proc 0 maps to package 0 core 0 
OMP: Info #171: KMP_AFFINITY: OS proc 2 maps to package 0 core 1 
OMP: Info #171: KMP_AFFINITY: OS proc 4 maps to package 0 core 2 
OMP: Info #171: KMP_AFFINITY: OS proc 6 maps to package 0 core 3 
OMP: Info #171: KMP_AFFINITY: OS proc 8 maps to package 0 core 4 
OMP: Info #171: KMP_AFFINITY: OS proc 10 maps to package 0 core 8 
OMP: Info #171: KMP_AFFINITY: OS proc 12 maps to package 0 core 9 
OMP: Info #171: KMP_AFFINITY: OS proc 14 maps to package 0 core 10 
OMP: Info #171: KMP_AFFINITY: OS proc 16 maps to package 0 core 11 
OMP: Info #171: KMP_AFFINITY: OS proc 18 maps to package 0 core 16 
OMP: Info #171: KMP_AFFINITY: OS proc 20 maps to package 0 core 17 
OMP: Info #171: KMP_AFFINITY: OS proc 22 maps to package 0 core 18 
OMP: Info #171: KMP_AFFINITY: OS proc 24 maps to package 0 core 19 
OMP: Info #171: KMP_AFFINITY: OS proc 26 maps to package 0 core 20 
OMP: Info #171: KMP_AFFINITY: OS proc 28 maps to package 0 core 24 
OMP: Info #171: KMP_AFFINITY: OS proc 30 maps to package 0 core 25 
OMP: Info #171: KMP_AFFINITY: OS proc 32 maps to package 0 core 26 
OMP: Info #171: KMP_AFFINITY: OS proc 34 maps to package 0 core 27 
OMP: Info #171: KMP_AFFINITY: OS proc 1 maps to package 1 core 0 
OMP: Info #171: KMP_AFFINITY: OS proc 3 maps to package 1 core 1 
OMP: Info #171: KMP_AFFINITY: OS proc 5 maps to package 1 core 2 
OMP: Info #171: KMP_AFFINITY: OS proc 7 maps to package 1 core 3 
OMP: Info #171: KMP_AFFINITY: OS proc 9 maps to package 1 core 4 
OMP: Info #171: KMP_AFFINITY: OS proc 11 maps to package 1 core 8 
OMP: Info #171: KMP_AFFINITY: OS proc 13 maps to package 1 core 9 
OMP: Info #171: KMP_AFFINITY: OS proc 15 maps to package 1 core 10 
OMP: Info #171: KMP_AFFINITY: OS proc 17 maps to package 1 core 11 
OMP: Info #171: KMP_AFFINITY: OS proc 19 maps to package 1 core 16 
OMP: Info #171: KMP_AFFINITY: OS proc 21 maps to package 1 core 17 
OMP: Info #171: KMP_AFFINITY: OS proc 23 maps to package 1 core 18 
OMP: Info #171: KMP_AFFINITY: OS proc 25 maps to package 1 core 19 
OMP: Info #171: KMP_AFFINITY: OS proc 27 maps to package 1 core 20 
OMP: Info #250: KMP_AFFINITY: pid 126429 tid 126429 thread 0 bound to OS proc set 0
OMP: Info #250: KMP_AFFINITY: pid 126429 tid 126430 thread 1 bound to OS proc set 1
OMP: Info #250: KMP_AFFINITY: pid 126429 tid 126431 thread 2 bound to OS proc set 2
OMP: Info #250: KMP_AFFINITY: pid 126429 tid 126432 thread 3 bound to OS proc set 3
OMP: Info #250: KMP_AFFINITY: pid 126429 tid 126433 thread 4 bound to OS proc set 4
OMP: Info #250: KMP_AFFINITY: pid 126429 tid 126434 thread 5 bound to OS proc set 5
OMP: Info #250: KMP_AFFINITY: pid 126429 tid 126435 thread 6 bound to OS proc set 6
OMP: Info #250: KMP_AFFINITY: pid 126429 tid 126436 thread 7 bound to OS proc set 7
OMP: Info #250: KMP_AFFINITY: pid 126429 tid 126440 thread 11 bound to OS proc set 11
OMP: Info #250: KMP_AFFINITY: pid 126429 tid 126438 thread 9 bound to OS proc set 9
OMP: Info #250: KMP_AFFINITY: pid 126429 tid 126439 thread 10 bound to OS proc set 10
OMP: Info #250: KMP_AFFINITY: pid 126429 tid 126441 thread 12 bound to OS proc set 12
OMP: Info #250: KMP_AFFINITY: pid 126429 tid 126437 thread 8 bound to OS proc set 8
OMP: Info #250: KMP_AFFINITY: pid 126429 tid 126442 thread 13 bound to OS proc set 13
OMP: Info #250: KMP_AFFINITY: pid 126429 tid 126443 thread 14 bound to OS proc set 14
OMP: Info #250: KMP_AFFINITY: pid 126429 tid 126444 thread 15 bound to OS proc set 15
Elapsed time: 12.19
R: 149.659528, G: 148.049722, B: 139.202555
Cilek
Serial version...
Elapsed time: 25.59
R: 151.594597, G: 49.390452, B: 71.300356
Parallel version with 1 threads A
OMP: Info #212: KMP_AFFINITY: decoding x2APIC ids.
OMP: Info #210: KMP_AFFINITY: Affinity capable, using global cpuid leaf 11 info
OMP: Info #154: KMP_AFFINITY: Initial OS proc set respected: 0-28,30,32,34
OMP: Info #156: KMP_AFFINITY: 32 available OS procs
OMP: Info #158: KMP_AFFINITY: Nonuniform topology
OMP: Info #179: KMP_AFFINITY: 2 packages x 18 cores/pkg x 1 threads/core (32 total cores)
OMP: Info #214: KMP_AFFINITY: OS proc to physical thread map:
OMP: Info #171: KMP_AFFINITY: OS proc 0 maps to package 0 core 0 
OMP: Info #171: KMP_AFFINITY: OS proc 2 maps to package 0 core 1 
OMP: Info #171: KMP_AFFINITY: OS proc 4 maps to package 0 core 2 
OMP: Info #171: KMP_AFFINITY: OS proc 6 maps to package 0 core 3 
OMP: Info #171: KMP_AFFINITY: OS proc 8 maps to package 0 core 4 
OMP: Info #171: KMP_AFFINITY: OS proc 10 maps to package 0 core 8 
OMP: Info #171: KMP_AFFINITY: OS proc 12 maps to package 0 core 9 
OMP: Info #171: KMP_AFFINITY: OS proc 14 maps to package 0 core 10 
OMP: Info #171: KMP_AFFINITY: OS proc 16 maps to package 0 core 11 
OMP: Info #171: KMP_AFFINITY: OS proc 18 maps to package 0 core 16 
OMP: Info #171: KMP_AFFINITY: OS proc 20 maps to package 0 core 17 
OMP: Info #171: KMP_AFFINITY: OS proc 22 maps to package 0 core 18 
OMP: Info #171: KMP_AFFINITY: OS proc 24 maps to package 0 core 19 
OMP: Info #171: KMP_AFFINITY: OS proc 26 maps to package 0 core 20 
OMP: Info #171: KMP_AFFINITY: OS proc 28 maps to package 0 core 24 
OMP: Info #171: KMP_AFFINITY: OS proc 30 maps to package 0 core 25 
OMP: Info #171: KMP_AFFINITY: OS proc 32 maps to package 0 core 26 
OMP: Info #171: KMP_AFFINITY: OS proc 34 maps to package 0 core 27 
OMP: Info #171: KMP_AFFINITY: OS proc 1 maps to package 1 core 0 
OMP: Info #171: KMP_AFFINITY: OS proc 3 maps to package 1 core 1 
OMP: Info #171: KMP_AFFINITY: OS proc 5 maps to package 1 core 2 
OMP: Info #171: KMP_AFFINITY: OS proc 7 maps to package 1 core 3 
OMP: Info #171: KMP_AFFINITY: OS proc 9 maps to package 1 core 4 
OMP: Info #171: KMP_AFFINITY: OS proc 11 maps to package 1 core 8 
OMP: Info #171: KMP_AFFINITY: OS proc 13 maps to package 1 core 9 
OMP: Info #171: KMP_AFFINITY: OS proc 15 maps to package 1 core 10 
OMP: Info #171: KMP_AFFINITY: OS proc 17 maps to package 1 core 11 
OMP: Info #171: KMP_AFFINITY: OS proc 19 maps to package 1 core 16 
OMP: Info #171: KMP_AFFINITY: OS proc 21 maps to package 1 core 17 
OMP: Info #171: KMP_AFFINITY: OS proc 23 maps to package 1 core 18 
OMP: Info #171: KMP_AFFINITY: OS proc 25 maps to package 1 core 19 
OMP: Info #171: KMP_AFFINITY: OS proc 27 maps to package 1 core 20 
OMP: Info #250: KMP_AFFINITY: pid 126447 tid 126447 thread 0 bound to OS proc set 0
Elapsed time: 66.69
R: 151.594597, G: 49.390452, B: 71.300356
Parallel version with 2 threads A
OMP: Info #212: KMP_AFFINITY: decoding x2APIC ids.
OMP: Info #210: KMP_AFFINITY: Affinity capable, using global cpuid leaf 11 info
OMP: Info #154: KMP_AFFINITY: Initial OS proc set respected: 0-28,30,32,34
OMP: Info #156: KMP_AFFINITY: 32 available OS procs
OMP: Info #158: KMP_AFFINITY: Nonuniform topology
OMP: Info #179: KMP_AFFINITY: 2 packages x 18 cores/pkg x 1 threads/core (32 total cores)
OMP: Info #214: KMP_AFFINITY: OS proc to physical thread map:
OMP: Info #171: KMP_AFFINITY: OS proc 0 maps to package 0 core 0 
OMP: Info #171: KMP_AFFINITY: OS proc 2 maps to package 0 core 1 
OMP: Info #171: KMP_AFFINITY: OS proc 4 maps to package 0 core 2 
OMP: Info #171: KMP_AFFINITY: OS proc 6 maps to package 0 core 3 
OMP: Info #171: KMP_AFFINITY: OS proc 8 maps to package 0 core 4 
OMP: Info #171: KMP_AFFINITY: OS proc 10 maps to package 0 core 8 
OMP: Info #171: KMP_AFFINITY: OS proc 12 maps to package 0 core 9 
OMP: Info #171: KMP_AFFINITY: OS proc 14 maps to package 0 core 10 
OMP: Info #171: KMP_AFFINITY: OS proc 16 maps to package 0 core 11 
OMP: Info #171: KMP_AFFINITY: OS proc 18 maps to package 0 core 16 
OMP: Info #171: KMP_AFFINITY: OS proc 20 maps to package 0 core 17 
OMP: Info #171: KMP_AFFINITY: OS proc 22 maps to package 0 core 18 
OMP: Info #171: KMP_AFFINITY: OS proc 24 maps to package 0 core 19 
OMP: Info #171: KMP_AFFINITY: OS proc 26 maps to package 0 core 20 
OMP: Info #171: KMP_AFFINITY: OS proc 28 maps to package 0 core 24 
OMP: Info #171: KMP_AFFINITY: OS proc 30 maps to package 0 core 25 
OMP: Info #171: KMP_AFFINITY: OS proc 32 maps to package 0 core 26 
OMP: Info #171: KMP_AFFINITY: OS proc 34 maps to package 0 core 27 
OMP: Info #171: KMP_AFFINITY: OS proc 1 maps to package 1 core 0 
OMP: Info #171: KMP_AFFINITY: OS proc 3 maps to package 1 core 1 
OMP: Info #171: KMP_AFFINITY: OS proc 5 maps to package 1 core 2 
OMP: Info #171: KMP_AFFINITY: OS proc 7 maps to package 1 core 3 
OMP: Info #171: KMP_AFFINITY: OS proc 9 maps to package 1 core 4 
OMP: Info #171: KMP_AFFINITY: OS proc 11 maps to package 1 core 8 
OMP: Info #171: KMP_AFFINITY: OS proc 13 maps to package 1 core 9 
OMP: Info #171: KMP_AFFINITY: OS proc 15 maps to package 1 core 10 
OMP: Info #171: KMP_AFFINITY: OS proc 17 maps to package 1 core 11 
OMP: Info #171: KMP_AFFINITY: OS proc 19 maps to package 1 core 16 
OMP: Info #171: KMP_AFFINITY: OS proc 21 maps to package 1 core 17 
OMP: Info #171: KMP_AFFINITY: OS proc 23 maps to package 1 core 18 
OMP: Info #171: KMP_AFFINITY: OS proc 25 maps to package 1 core 19 
OMP: Info #171: KMP_AFFINITY: OS proc 27 maps to package 1 core 20 
OMP: Info #250: KMP_AFFINITY: pid 126455 tid 126455 thread 0 bound to OS proc set 0
OMP: Info #250: KMP_AFFINITY: pid 126455 tid 126456 thread 1 bound to OS proc set 2
Elapsed time: 45.48
R: 151.594597, G: 49.390452, B: 71.300356
Parallel version with 4 threads A
OMP: Info #212: KMP_AFFINITY: decoding x2APIC ids.
OMP: Info #210: KMP_AFFINITY: Affinity capable, using global cpuid leaf 11 info
OMP: Info #154: KMP_AFFINITY: Initial OS proc set respected: 0-28,30,32,34
OMP: Info #156: KMP_AFFINITY: 32 available OS procs
OMP: Info #158: KMP_AFFINITY: Nonuniform topology
OMP: Info #179: KMP_AFFINITY: 2 packages x 18 cores/pkg x 1 threads/core (32 total cores)
OMP: Info #214: KMP_AFFINITY: OS proc to physical thread map:
OMP: Info #171: KMP_AFFINITY: OS proc 0 maps to package 0 core 0 
OMP: Info #171: KMP_AFFINITY: OS proc 2 maps to package 0 core 1 
OMP: Info #171: KMP_AFFINITY: OS proc 4 maps to package 0 core 2 
OMP: Info #171: KMP_AFFINITY: OS proc 6 maps to package 0 core 3 
OMP: Info #171: KMP_AFFINITY: OS proc 8 maps to package 0 core 4 
OMP: Info #171: KMP_AFFINITY: OS proc 10 maps to package 0 core 8 
OMP: Info #171: KMP_AFFINITY: OS proc 12 maps to package 0 core 9 
OMP: Info #171: KMP_AFFINITY: OS proc 14 maps to package 0 core 10 
OMP: Info #171: KMP_AFFINITY: OS proc 16 maps to package 0 core 11 
OMP: Info #171: KMP_AFFINITY: OS proc 18 maps to package 0 core 16 
OMP: Info #171: KMP_AFFINITY: OS proc 20 maps to package 0 core 17 
OMP: Info #171: KMP_AFFINITY: OS proc 22 maps to package 0 core 18 
OMP: Info #171: KMP_AFFINITY: OS proc 24 maps to package 0 core 19 
OMP: Info #171: KMP_AFFINITY: OS proc 26 maps to package 0 core 20 
OMP: Info #171: KMP_AFFINITY: OS proc 28 maps to package 0 core 24 
OMP: Info #171: KMP_AFFINITY: OS proc 30 maps to package 0 core 25 
OMP: Info #171: KMP_AFFINITY: OS proc 32 maps to package 0 core 26 
OMP: Info #171: KMP_AFFINITY: OS proc 34 maps to package 0 core 27 
OMP: Info #171: KMP_AFFINITY: OS proc 1 maps to package 1 core 0 
OMP: Info #171: KMP_AFFINITY: OS proc 3 maps to package 1 core 1 
OMP: Info #171: KMP_AFFINITY: OS proc 5 maps to package 1 core 2 
OMP: Info #171: KMP_AFFINITY: OS proc 7 maps to package 1 core 3 
OMP: Info #171: KMP_AFFINITY: OS proc 9 maps to package 1 core 4 
OMP: Info #171: KMP_AFFINITY: OS proc 11 maps to package 1 core 8 
OMP: Info #171: KMP_AFFINITY: OS proc 13 maps to package 1 core 9 
OMP: Info #171: KMP_AFFINITY: OS proc 15 maps to package 1 core 10 
OMP: Info #171: KMP_AFFINITY: OS proc 17 maps to package 1 core 11 
OMP: Info #171: KMP_AFFINITY: OS proc 19 maps to package 1 core 16 
OMP: Info #171: KMP_AFFINITY: OS proc 21 maps to package 1 core 17 
OMP: Info #171: KMP_AFFINITY: OS proc 23 maps to package 1 core 18 
OMP: Info #171: KMP_AFFINITY: OS proc 25 maps to package 1 core 19 
OMP: Info #171: KMP_AFFINITY: OS proc 27 maps to package 1 core 20 
OMP: Info #250: KMP_AFFINITY: pid 126457 tid 126457 thread 0 bound to OS proc set 0
OMP: Info #250: KMP_AFFINITY: pid 126457 tid 126458 thread 1 bound to OS proc set 2
OMP: Info #250: KMP_AFFINITY: pid 126457 tid 126459 thread 2 bound to OS proc set 4
OMP: Info #250: KMP_AFFINITY: pid 126457 tid 126460 thread 3 bound to OS proc set 6
Elapsed time: 28.54
R: 151.594597, G: 49.390452, B: 71.300356
Parallel version with 8 threads A
OMP: Info #212: KMP_AFFINITY: decoding x2APIC ids.
OMP: Info #210: KMP_AFFINITY: Affinity capable, using global cpuid leaf 11 info
OMP: Info #154: KMP_AFFINITY: Initial OS proc set respected: 0-28,30,32,34
OMP: Info #156: KMP_AFFINITY: 32 available OS procs
OMP: Info #158: KMP_AFFINITY: Nonuniform topology
OMP: Info #179: KMP_AFFINITY: 2 packages x 18 cores/pkg x 1 threads/core (32 total cores)
OMP: Info #214: KMP_AFFINITY: OS proc to physical thread map:
OMP: Info #171: KMP_AFFINITY: OS proc 0 maps to package 0 core 0 
OMP: Info #171: KMP_AFFINITY: OS proc 2 maps to package 0 core 1 
OMP: Info #171: KMP_AFFINITY: OS proc 4 maps to package 0 core 2 
OMP: Info #171: KMP_AFFINITY: OS proc 6 maps to package 0 core 3 
OMP: Info #171: KMP_AFFINITY: OS proc 8 maps to package 0 core 4 
OMP: Info #171: KMP_AFFINITY: OS proc 10 maps to package 0 core 8 
OMP: Info #171: KMP_AFFINITY: OS proc 12 maps to package 0 core 9 
OMP: Info #171: KMP_AFFINITY: OS proc 14 maps to package 0 core 10 
OMP: Info #171: KMP_AFFINITY: OS proc 16 maps to package 0 core 11 
OMP: Info #171: KMP_AFFINITY: OS proc 18 maps to package 0 core 16 
OMP: Info #171: KMP_AFFINITY: OS proc 20 maps to package 0 core 17 
OMP: Info #171: KMP_AFFINITY: OS proc 22 maps to package 0 core 18 
OMP: Info #171: KMP_AFFINITY: OS proc 24 maps to package 0 core 19 
OMP: Info #171: KMP_AFFINITY: OS proc 26 maps to package 0 core 20 
OMP: Info #171: KMP_AFFINITY: OS proc 28 maps to package 0 core 24 
OMP: Info #171: KMP_AFFINITY: OS proc 30 maps to package 0 core 25 
OMP: Info #171: KMP_AFFINITY: OS proc 32 maps to package 0 core 26 
OMP: Info #171: KMP_AFFINITY: OS proc 34 maps to package 0 core 27 
OMP: Info #171: KMP_AFFINITY: OS proc 1 maps to package 1 core 0 
OMP: Info #171: KMP_AFFINITY: OS proc 3 maps to package 1 core 1 
OMP: Info #171: KMP_AFFINITY: OS proc 5 maps to package 1 core 2 
OMP: Info #171: KMP_AFFINITY: OS proc 7 maps to package 1 core 3 
OMP: Info #171: KMP_AFFINITY: OS proc 9 maps to package 1 core 4 
OMP: Info #171: KMP_AFFINITY: OS proc 11 maps to package 1 core 8 
OMP: Info #171: KMP_AFFINITY: OS proc 13 maps to package 1 core 9 
OMP: Info #171: KMP_AFFINITY: OS proc 15 maps to package 1 core 10 
OMP: Info #171: KMP_AFFINITY: OS proc 17 maps to package 1 core 11 
OMP: Info #171: KMP_AFFINITY: OS proc 19 maps to package 1 core 16 
OMP: Info #171: KMP_AFFINITY: OS proc 21 maps to package 1 core 17 
OMP: Info #171: KMP_AFFINITY: OS proc 23 maps to package 1 core 18 
OMP: Info #171: KMP_AFFINITY: OS proc 25 maps to package 1 core 19 
OMP: Info #171: KMP_AFFINITY: OS proc 27 maps to package 1 core 20 
OMP: Info #250: KMP_AFFINITY: pid 126461 tid 126461 thread 0 bound to OS proc set 0
OMP: Info #250: KMP_AFFINITY: pid 126461 tid 126462 thread 1 bound to OS proc set 2
OMP: Info #250: KMP_AFFINITY: pid 126461 tid 126463 thread 2 bound to OS proc set 4
OMP: Info #250: KMP_AFFINITY: pid 126461 tid 126464 thread 3 bound to OS proc set 6
OMP: Info #250: KMP_AFFINITY: pid 126461 tid 126465 thread 4 bound to OS proc set 8
OMP: Info #250: KMP_AFFINITY: pid 126461 tid 126466 thread 5 bound to OS proc set 10
OMP: Info #250: KMP_AFFINITY: pid 126461 tid 126468 thread 7 bound to OS proc set 14
OMP: Info #250: KMP_AFFINITY: pid 126461 tid 126467 thread 6 bound to OS proc set 12
Elapsed time: 21.47
R: 151.594597, G: 49.390452, B: 71.300356
Parallel version with 16 threads A B
OMP: Info #212: KMP_AFFINITY: decoding x2APIC ids.
OMP: Info #210: KMP_AFFINITY: Affinity capable, using global cpuid leaf 11 info
OMP: Info #154: KMP_AFFINITY: Initial OS proc set respected: 0-28,30,32,34
OMP: Info #156: KMP_AFFINITY: 32 available OS procs
OMP: Info #158: KMP_AFFINITY: Nonuniform topology
OMP: Info #179: KMP_AFFINITY: 2 packages x 18 cores/pkg x 1 threads/core (32 total cores)
OMP: Info #214: KMP_AFFINITY: OS proc to physical thread map:
OMP: Info #171: KMP_AFFINITY: OS proc 0 maps to package 0 core 0 
OMP: Info #171: KMP_AFFINITY: OS proc 2 maps to package 0 core 1 
OMP: Info #171: KMP_AFFINITY: OS proc 4 maps to package 0 core 2 
OMP: Info #171: KMP_AFFINITY: OS proc 6 maps to package 0 core 3 
OMP: Info #171: KMP_AFFINITY: OS proc 8 maps to package 0 core 4 
OMP: Info #171: KMP_AFFINITY: OS proc 10 maps to package 0 core 8 
OMP: Info #171: KMP_AFFINITY: OS proc 12 maps to package 0 core 9 
OMP: Info #171: KMP_AFFINITY: OS proc 14 maps to package 0 core 10 
OMP: Info #171: KMP_AFFINITY: OS proc 16 maps to package 0 core 11 
OMP: Info #171: KMP_AFFINITY: OS proc 18 maps to package 0 core 16 
OMP: Info #171: KMP_AFFINITY: OS proc 20 maps to package 0 core 17 
OMP: Info #171: KMP_AFFINITY: OS proc 22 maps to package 0 core 18 
OMP: Info #171: KMP_AFFINITY: OS proc 24 maps to package 0 core 19 
OMP: Info #171: KMP_AFFINITY: OS proc 26 maps to package 0 core 20 
OMP: Info #171: KMP_AFFINITY: OS proc 28 maps to package 0 core 24 
OMP: Info #171: KMP_AFFINITY: OS proc 30 maps to package 0 core 25 
OMP: Info #171: KMP_AFFINITY: OS proc 32 maps to package 0 core 26 
OMP: Info #171: KMP_AFFINITY: OS proc 34 maps to package 0 core 27 
OMP: Info #171: KMP_AFFINITY: OS proc 1 maps to package 1 core 0 
OMP: Info #171: KMP_AFFINITY: OS proc 3 maps to package 1 core 1 
OMP: Info #171: KMP_AFFINITY: OS proc 5 maps to package 1 core 2 
OMP: Info #171: KMP_AFFINITY: OS proc 7 maps to package 1 core 3 
OMP: Info #171: KMP_AFFINITY: OS proc 9 maps to package 1 core 4 
OMP: Info #171: KMP_AFFINITY: OS proc 11 maps to package 1 core 8 
OMP: Info #171: KMP_AFFINITY: OS proc 13 maps to package 1 core 9 
OMP: Info #171: KMP_AFFINITY: OS proc 15 maps to package 1 core 10 
OMP: Info #171: KMP_AFFINITY: OS proc 17 maps to package 1 core 11 
OMP: Info #171: KMP_AFFINITY: OS proc 19 maps to package 1 core 16 
OMP: Info #171: KMP_AFFINITY: OS proc 21 maps to package 1 core 17 
OMP: Info #171: KMP_AFFINITY: OS proc 23 maps to package 1 core 18 
OMP: Info #171: KMP_AFFINITY: OS proc 25 maps to package 1 core 19 
OMP: Info #171: KMP_AFFINITY: OS proc 27 maps to package 1 core 20 
OMP: Info #250: KMP_AFFINITY: pid 126470 tid 126470 thread 0 bound to OS proc set 0
OMP: Info #250: KMP_AFFINITY: pid 126470 tid 126471 thread 1 bound to OS proc set 2
OMP: Info #250: KMP_AFFINITY: pid 126470 tid 126472 thread 2 bound to OS proc set 4
OMP: Info #250: KMP_AFFINITY: pid 126470 tid 126474 thread 4 bound to OS proc set 8
OMP: Info #250: KMP_AFFINITY: pid 126470 tid 126473 thread 3 bound to OS proc set 6
OMP: Info #250: KMP_AFFINITY: pid 126470 tid 126475 thread 5 bound to OS proc set 10
OMP: Info #250: KMP_AFFINITY: pid 126470 tid 126476 thread 6 bound to OS proc set 12
OMP: Info #250: KMP_AFFINITY: pid 126470 tid 126477 thread 7 bound to OS proc set 14
OMP: Info #250: KMP_AFFINITY: pid 126470 tid 126478 thread 8 bound to OS proc set 16
OMP: Info #250: KMP_AFFINITY: pid 126470 tid 126480 thread 10 bound to OS proc set 20
OMP: Info #250: KMP_AFFINITY: pid 126470 tid 126479 thread 9 bound to OS proc set 18
OMP: Info #250: KMP_AFFINITY: pid 126470 tid 126481 thread 11 bound to OS proc set 22
OMP: Info #250: KMP_AFFINITY: pid 126470 tid 126482 thread 12 bound to OS proc set 24
OMP: Info #250: KMP_AFFINITY: pid 126470 tid 126483 thread 13 bound to OS proc set 26
OMP: Info #250: KMP_AFFINITY: pid 126470 tid 126484 thread 14 bound to OS proc set 28
OMP: Info #250: KMP_AFFINITY: pid 126470 tid 126485 thread 15 bound to OS proc set 30
Elapsed time: 15.48
R: 151.594597, G: 49.390452, B: 71.300356
Parallel version with 32 threads A
OMP: Info #212: KMP_AFFINITY: decoding x2APIC ids.
OMP: Info #210: KMP_AFFINITY: Affinity capable, using global cpuid leaf 11 info
OMP: Info #154: KMP_AFFINITY: Initial OS proc set respected: 0-28,30,32,34
OMP: Info #156: KMP_AFFINITY: 32 available OS procs
OMP: Info #158: KMP_AFFINITY: Nonuniform topology
OMP: Info #179: KMP_AFFINITY: 2 packages x 18 cores/pkg x 1 threads/core (32 total cores)
OMP: Info #214: KMP_AFFINITY: OS proc to physical thread map:
OMP: Info #171: KMP_AFFINITY: OS proc 0 maps to package 0 core 0 
OMP: Info #171: KMP_AFFINITY: OS proc 2 maps to package 0 core 1 
OMP: Info #171: KMP_AFFINITY: OS proc 4 maps to package 0 core 2 
OMP: Info #171: KMP_AFFINITY: OS proc 6 maps to package 0 core 3 
OMP: Info #171: KMP_AFFINITY: OS proc 8 maps to package 0 core 4 
OMP: Info #171: KMP_AFFINITY: OS proc 10 maps to package 0 core 8 
OMP: Info #171: KMP_AFFINITY: OS proc 12 maps to package 0 core 9 
OMP: Info #171: KMP_AFFINITY: OS proc 14 maps to package 0 core 10 
OMP: Info #171: KMP_AFFINITY: OS proc 16 maps to package 0 core 11 
OMP: Info #171: KMP_AFFINITY: OS proc 18 maps to package 0 core 16 
OMP: Info #171: KMP_AFFINITY: OS proc 20 maps to package 0 core 17 
OMP: Info #171: KMP_AFFINITY: OS proc 22 maps to package 0 core 18 
OMP: Info #171: KMP_AFFINITY: OS proc 24 maps to package 0 core 19 
OMP: Info #171: KMP_AFFINITY: OS proc 26 maps to package 0 core 20 
OMP: Info #171: KMP_AFFINITY: OS proc 28 maps to package 0 core 24 
OMP: Info #171: KMP_AFFINITY: OS proc 30 maps to package 0 core 25 
OMP: Info #171: KMP_AFFINITY: OS proc 32 maps to package 0 core 26 
OMP: Info #171: KMP_AFFINITY: OS proc 34 maps to package 0 core 27 
OMP: Info #171: KMP_AFFINITY: OS proc 1 maps to package 1 core 0 
OMP: Info #171: KMP_AFFINITY: OS proc 3 maps to package 1 core 1 
OMP: Info #171: KMP_AFFINITY: OS proc 5 maps to package 1 core 2 
OMP: Info #171: KMP_AFFINITY: OS proc 7 maps to package 1 core 3 
OMP: Info #171: KMP_AFFINITY: OS proc 9 maps to package 1 core 4 
OMP: Info #171: KMP_AFFINITY: OS proc 11 maps to package 1 core 8 
OMP: Info #171: KMP_AFFINITY: OS proc 13 maps to package 1 core 9 
OMP: Info #171: KMP_AFFINITY: OS proc 15 maps to package 1 core 10 
OMP: Info #171: KMP_AFFINITY: OS proc 17 maps to package 1 core 11 
OMP: Info #171: KMP_AFFINITY: OS proc 19 maps to package 1 core 16 
OMP: Info #171: KMP_AFFINITY: OS proc 21 maps to package 1 core 17 
OMP: Info #171: KMP_AFFINITY: OS proc 23 maps to package 1 core 18 
OMP: Info #171: KMP_AFFINITY: OS proc 25 maps to package 1 core 19 
OMP: Info #171: KMP_AFFINITY: OS proc 27 maps to package 1 core 20 
OMP: Info #250: KMP_AFFINITY: pid 126486 tid 126486 thread 0 bound to OS proc set 0
OMP: Info #250: KMP_AFFINITY: pid 126486 tid 126487 thread 1 bound to OS proc set 2
OMP: Info #250: KMP_AFFINITY: pid 126486 tid 126488 thread 2 bound to OS proc set 4
OMP: Info #250: KMP_AFFINITY: pid 126486 tid 126489 thread 3 bound to OS proc set 6
OMP: Info #250: KMP_AFFINITY: pid 126486 tid 126490 thread 4 bound to OS proc set 8
OMP: Info #250: KMP_AFFINITY: pid 126486 tid 126491 thread 5 bound to OS proc set 10
OMP: Info #250: KMP_AFFINITY: pid 126486 tid 126492 thread 6 bound to OS proc set 12
OMP: Info #250: KMP_AFFINITY: pid 126486 tid 126493 thread 7 bound to OS proc set 14
OMP: Info #250: KMP_AFFINITY: pid 126486 tid 126494 thread 8 bound to OS proc set 16
OMP: Info #250: KMP_AFFINITY: pid 126486 tid 126496 thread 10 bound to OS proc set 20
OMP: Info #250: KMP_AFFINITY: pid 126486 tid 126497 thread 11 bound to OS proc set 22
OMP: Info #250: KMP_AFFINITY: pid 126486 tid 126495 thread 9 bound to OS proc set 18
OMP: Info #250: KMP_AFFINITY: pid 126486 tid 126498 thread 12 bound to OS proc set 24
OMP: Info #250: KMP_AFFINITY: pid 126486 tid 126499 thread 13 bound to OS proc set 26
OMP: Info #250: KMP_AFFINITY: pid 126486 tid 126500 thread 14 bound to OS proc set 28
OMP: Info #250: KMP_AFFINITY: pid 126486 tid 126502 thread 16 bound to OS proc set 32
OMP: Info #250: KMP_AFFINITY: pid 126486 tid 126501 thread 15 bound to OS proc set 30
OMP: Info #250: KMP_AFFINITY: pid 126486 tid 126503 thread 17 bound to OS proc set 34
OMP: Info #250: KMP_AFFINITY: pid 126486 tid 126504 thread 18 bound to OS proc set 1
OMP: Info #250: KMP_AFFINITY: pid 126486 tid 126505 thread 19 bound to OS proc set 3
OMP: Info #250: KMP_AFFINITY: pid 126486 tid 126506 thread 20 bound to OS proc set 5
OMP: Info #250: KMP_AFFINITY: pid 126486 tid 126507 thread 21 bound to OS proc set 7
OMP: Info #250: KMP_AFFINITY: pid 126486 tid 126508 thread 22 bound to OS proc set 9
OMP: Info #250: KMP_AFFINITY: pid 126486 tid 126509 thread 23 bound to OS proc set 11
OMP: Info #250: KMP_AFFINITY: pid 126486 tid 126511 thread 25 bound to OS proc set 15
OMP: Info #250: KMP_AFFINITY: pid 126486 tid 126510 thread 24 bound to OS proc set 13
OMP: Info #250: KMP_AFFINITY: pid 126486 tid 126512 thread 26 bound to OS proc set 17
OMP: Info #250: KMP_AFFINITY: pid 126486 tid 126513 thread 27 bound to OS proc set 19
OMP: Info #250: KMP_AFFINITY: pid 126486 tid 126514 thread 28 bound to OS proc set 21
OMP: Info #250: KMP_AFFINITY: pid 126486 tid 126515 thread 29 bound to OS proc set 23
OMP: Info #250: KMP_AFFINITY: pid 126486 tid 126517 thread 31 bound to OS proc set 27
OMP: Info #250: KMP_AFFINITY: pid 126486 tid 126516 thread 30 bound to OS proc set 25
Elapsed time: 21.19
R: 151.594597, G: 49.390452, B: 71.300356
Parallel version with 16 threads B scatter
OMP: Info #212: KMP_AFFINITY: decoding x2APIC ids.
OMP: Info #210: KMP_AFFINITY: Affinity capable, using global cpuid leaf 11 info
OMP: Info #154: KMP_AFFINITY: Initial OS proc set respected: 0-28,30,32,34
OMP: Info #156: KMP_AFFINITY: 32 available OS procs
OMP: Info #158: KMP_AFFINITY: Nonuniform topology
OMP: Info #179: KMP_AFFINITY: 2 packages x 18 cores/pkg x 1 threads/core (32 total cores)
OMP: Info #214: KMP_AFFINITY: OS proc to physical thread map:
OMP: Info #171: KMP_AFFINITY: OS proc 0 maps to package 0 core 0 
OMP: Info #171: KMP_AFFINITY: OS proc 2 maps to package 0 core 1 
OMP: Info #171: KMP_AFFINITY: OS proc 4 maps to package 0 core 2 
OMP: Info #171: KMP_AFFINITY: OS proc 6 maps to package 0 core 3 
OMP: Info #171: KMP_AFFINITY: OS proc 8 maps to package 0 core 4 
OMP: Info #171: KMP_AFFINITY: OS proc 10 maps to package 0 core 8 
OMP: Info #171: KMP_AFFINITY: OS proc 12 maps to package 0 core 9 
OMP: Info #171: KMP_AFFINITY: OS proc 14 maps to package 0 core 10 
OMP: Info #171: KMP_AFFINITY: OS proc 16 maps to package 0 core 11 
OMP: Info #171: KMP_AFFINITY: OS proc 18 maps to package 0 core 16 
OMP: Info #171: KMP_AFFINITY: OS proc 20 maps to package 0 core 17 
OMP: Info #171: KMP_AFFINITY: OS proc 22 maps to package 0 core 18 
OMP: Info #171: KMP_AFFINITY: OS proc 24 maps to package 0 core 19 
OMP: Info #171: KMP_AFFINITY: OS proc 26 maps to package 0 core 20 
OMP: Info #171: KMP_AFFINITY: OS proc 28 maps to package 0 core 24 
OMP: Info #171: KMP_AFFINITY: OS proc 30 maps to package 0 core 25 
OMP: Info #171: KMP_AFFINITY: OS proc 32 maps to package 0 core 26 
OMP: Info #171: KMP_AFFINITY: OS proc 34 maps to package 0 core 27 
OMP: Info #171: KMP_AFFINITY: OS proc 1 maps to package 1 core 0 
OMP: Info #171: KMP_AFFINITY: OS proc 3 maps to package 1 core 1 
OMP: Info #171: KMP_AFFINITY: OS proc 5 maps to package 1 core 2 
OMP: Info #171: KMP_AFFINITY: OS proc 7 maps to package 1 core 3 
OMP: Info #171: KMP_AFFINITY: OS proc 9 maps to package 1 core 4 
OMP: Info #171: KMP_AFFINITY: OS proc 11 maps to package 1 core 8 
OMP: Info #171: KMP_AFFINITY: OS proc 13 maps to package 1 core 9 
OMP: Info #171: KMP_AFFINITY: OS proc 15 maps to package 1 core 10 
OMP: Info #171: KMP_AFFINITY: OS proc 17 maps to package 1 core 11 
OMP: Info #171: KMP_AFFINITY: OS proc 19 maps to package 1 core 16 
OMP: Info #171: KMP_AFFINITY: OS proc 21 maps to package 1 core 17 
OMP: Info #171: KMP_AFFINITY: OS proc 23 maps to package 1 core 18 
OMP: Info #171: KMP_AFFINITY: OS proc 25 maps to package 1 core 19 
OMP: Info #171: KMP_AFFINITY: OS proc 27 maps to package 1 core 20 
OMP: Info #250: KMP_AFFINITY: pid 126519 tid 126519 thread 0 bound to OS proc set 0
OMP: Info #250: KMP_AFFINITY: pid 126519 tid 126520 thread 1 bound to OS proc set 1
OMP: Info #250: KMP_AFFINITY: pid 126519 tid 126521 thread 2 bound to OS proc set 2
OMP: Info #250: KMP_AFFINITY: pid 126519 tid 126522 thread 3 bound to OS proc set 3
OMP: Info #250: KMP_AFFINITY: pid 126519 tid 126523 thread 4 bound to OS proc set 4
OMP: Info #250: KMP_AFFINITY: pid 126519 tid 126524 thread 5 bound to OS proc set 5
OMP: Info #250: KMP_AFFINITY: pid 126519 tid 126525 thread 6 bound to OS proc set 6
OMP: Info #250: KMP_AFFINITY: pid 126519 tid 126526 thread 7 bound to OS proc set 7
OMP: Info #250: KMP_AFFINITY: pid 126519 tid 126528 thread 9 bound to OS proc set 9
OMP: Info #250: KMP_AFFINITY: pid 126519 tid 126527 thread 8 bound to OS proc set 8
OMP: Info #250: KMP_AFFINITY: pid 126519 tid 126529 thread 10 bound to OS proc set 10
OMP: Info #250: KMP_AFFINITY: pid 126519 tid 126530 thread 11 bound to OS proc set 11
OMP: Info #250: KMP_AFFINITY: pid 126519 tid 126531 thread 12 bound to OS proc set 12
OMP: Info #250: KMP_AFFINITY: pid 126519 tid 126532 thread 13 bound to OS proc set 13
OMP: Info #250: KMP_AFFINITY: pid 126519 tid 126533 thread 14 bound to OS proc set 14
OMP: Info #250: KMP_AFFINITY: pid 126519 tid 126534 thread 15 bound to OS proc set 15
Elapsed time: 21.35
R: 151.594597, G: 49.390452, B: 71.300356
