Setting stack size to unlimited...
core file size          (blocks, -c) 0
data seg size           (kbytes, -d) unlimited
scheduling priority             (-e) 0
file size               (blocks, -f) unlimited
pending signals                 (-i) 1030873
max locked memory       (kbytes, -l) unlimited
max memory size         (kbytes, -m) 253952000
open files                      (-n) 1024
pipe size            (512 bytes, -p) 8
POSIX message queues     (bytes, -q) 819200
real-time priority              (-r) 0
stack size              (kbytes, -s) unlimited
cpu time               (seconds, -t) unlimited
max user processes              (-u) 4096
virtual memory          (kbytes, -v) unlimited
file locks                      (-x) unlimited

Running Job...!
===============================================================================
Running compiled binary...
Serial version...
Elapsed time: 13.64
R: 149.659528, G: 148.049722, B: 139.202555
Parallel version with 1 threads A coffee
OMP: Info #212: KMP_AFFINITY: decoding x2APIC ids.
OMP: Info #210: KMP_AFFINITY: Affinity capable, using global cpuid leaf 11 info
OMP: Info #154: KMP_AFFINITY: Initial OS proc set respected: 0-15
OMP: Info #156: KMP_AFFINITY: 16 available OS procs
OMP: Info #158: KMP_AFFINITY: Nonuniform topology
OMP: Info #179: KMP_AFFINITY: 2 packages x 10 cores/pkg x 1 threads/core (16 total cores)
OMP: Info #214: KMP_AFFINITY: OS proc to physical thread map:
OMP: Info #171: KMP_AFFINITY: OS proc 0 maps to package 0 core 0 
OMP: Info #171: KMP_AFFINITY: OS proc 1 maps to package 0 core 1 
OMP: Info #171: KMP_AFFINITY: OS proc 2 maps to package 0 core 2 
OMP: Info #171: KMP_AFFINITY: OS proc 3 maps to package 0 core 3 
OMP: Info #171: KMP_AFFINITY: OS proc 4 maps to package 0 core 4 
OMP: Info #171: KMP_AFFINITY: OS proc 5 maps to package 0 core 8 
OMP: Info #171: KMP_AFFINITY: OS proc 6 maps to package 0 core 9 
OMP: Info #171: KMP_AFFINITY: OS proc 7 maps to package 0 core 10 
OMP: Info #171: KMP_AFFINITY: OS proc 8 maps to package 0 core 11 
OMP: Info #171: KMP_AFFINITY: OS proc 9 maps to package 0 core 12 
OMP: Info #171: KMP_AFFINITY: OS proc 10 maps to package 1 core 0 
OMP: Info #171: KMP_AFFINITY: OS proc 11 maps to package 1 core 1 
OMP: Info #171: KMP_AFFINITY: OS proc 12 maps to package 1 core 2 
OMP: Info #171: KMP_AFFINITY: OS proc 13 maps to package 1 core 3 
OMP: Info #171: KMP_AFFINITY: OS proc 14 maps to package 1 core 4 
OMP: Info #171: KMP_AFFINITY: OS proc 15 maps to package 1 core 8 
OMP: Info #250: KMP_AFFINITY: pid 57366 tid 57366 thread 0 bound to OS proc set 0
Elapsed time: 30.88
R: 149.659528, G: 148.049722, B: 139.202555
Parallel version with 2 threads A coffee
OMP: Info #212: KMP_AFFINITY: decoding x2APIC ids.
OMP: Info #210: KMP_AFFINITY: Affinity capable, using global cpuid leaf 11 info
OMP: Info #154: KMP_AFFINITY: Initial OS proc set respected: 0-15
OMP: Info #156: KMP_AFFINITY: 16 available OS procs
OMP: Info #158: KMP_AFFINITY: Nonuniform topology
OMP: Info #179: KMP_AFFINITY: 2 packages x 10 cores/pkg x 1 threads/core (16 total cores)
OMP: Info #214: KMP_AFFINITY: OS proc to physical thread map:
OMP: Info #171: KMP_AFFINITY: OS proc 0 maps to package 0 core 0 
OMP: Info #171: KMP_AFFINITY: OS proc 1 maps to package 0 core 1 
OMP: Info #171: KMP_AFFINITY: OS proc 2 maps to package 0 core 2 
OMP: Info #171: KMP_AFFINITY: OS proc 3 maps to package 0 core 3 
OMP: Info #171: KMP_AFFINITY: OS proc 4 maps to package 0 core 4 
OMP: Info #171: KMP_AFFINITY: OS proc 5 maps to package 0 core 8 
OMP: Info #171: KMP_AFFINITY: OS proc 6 maps to package 0 core 9 
OMP: Info #171: KMP_AFFINITY: OS proc 7 maps to package 0 core 10 
OMP: Info #171: KMP_AFFINITY: OS proc 8 maps to package 0 core 11 
OMP: Info #171: KMP_AFFINITY: OS proc 9 maps to package 0 core 12 
OMP: Info #171: KMP_AFFINITY: OS proc 10 maps to package 1 core 0 
OMP: Info #171: KMP_AFFINITY: OS proc 11 maps to package 1 core 1 
OMP: Info #171: KMP_AFFINITY: OS proc 12 maps to package 1 core 2 
OMP: Info #171: KMP_AFFINITY: OS proc 13 maps to package 1 core 3 
OMP: Info #171: KMP_AFFINITY: OS proc 14 maps to package 1 core 4 
OMP: Info #171: KMP_AFFINITY: OS proc 15 maps to package 1 core 8 
OMP: Info #250: KMP_AFFINITY: pid 57368 tid 57368 thread 0 bound to OS proc set 0
OMP: Info #250: KMP_AFFINITY: pid 57368 tid 57369 thread 1 bound to OS proc set 1
Elapsed time: 18.57
R: 149.659528, G: 148.049722, B: 139.202555
Parallel version with 4 threads A coffee
OMP: Info #212: KMP_AFFINITY: decoding x2APIC ids.
OMP: Info #210: KMP_AFFINITY: Affinity capable, using global cpuid leaf 11 info
OMP: Info #154: KMP_AFFINITY: Initial OS proc set respected: 0-15
OMP: Info #156: KMP_AFFINITY: 16 available OS procs
OMP: Info #158: KMP_AFFINITY: Nonuniform topology
OMP: Info #179: KMP_AFFINITY: 2 packages x 10 cores/pkg x 1 threads/core (16 total cores)
OMP: Info #214: KMP_AFFINITY: OS proc to physical thread map:
OMP: Info #171: KMP_AFFINITY: OS proc 0 maps to package 0 core 0 
OMP: Info #171: KMP_AFFINITY: OS proc 1 maps to package 0 core 1 
OMP: Info #171: KMP_AFFINITY: OS proc 2 maps to package 0 core 2 
OMP: Info #171: KMP_AFFINITY: OS proc 3 maps to package 0 core 3 
OMP: Info #171: KMP_AFFINITY: OS proc 4 maps to package 0 core 4 
OMP: Info #171: KMP_AFFINITY: OS proc 5 maps to package 0 core 8 
OMP: Info #171: KMP_AFFINITY: OS proc 6 maps to package 0 core 9 
OMP: Info #171: KMP_AFFINITY: OS proc 7 maps to package 0 core 10 
OMP: Info #171: KMP_AFFINITY: OS proc 8 maps to package 0 core 11 
OMP: Info #171: KMP_AFFINITY: OS proc 9 maps to package 0 core 12 
OMP: Info #171: KMP_AFFINITY: OS proc 10 maps to package 1 core 0 
OMP: Info #171: KMP_AFFINITY: OS proc 11 maps to package 1 core 1 
OMP: Info #171: KMP_AFFINITY: OS proc 12 maps to package 1 core 2 
OMP: Info #171: KMP_AFFINITY: OS proc 13 maps to package 1 core 3 
OMP: Info #171: KMP_AFFINITY: OS proc 14 maps to package 1 core 4 
OMP: Info #171: KMP_AFFINITY: OS proc 15 maps to package 1 core 8 
OMP: Info #250: KMP_AFFINITY: pid 57371 tid 57371 thread 0 bound to OS proc set 0
OMP: Info #250: KMP_AFFINITY: pid 57371 tid 57373 thread 1 bound to OS proc set 1
OMP: Info #250: KMP_AFFINITY: pid 57371 tid 57374 thread 2 bound to OS proc set 2
OMP: Info #250: KMP_AFFINITY: pid 57371 tid 57375 thread 3 bound to OS proc set 3
Elapsed time: 12.12
R: 149.659528, G: 148.049722, B: 139.202555
Parallel version with 8 threads A coffee
OMP: Info #212: KMP_AFFINITY: decoding x2APIC ids.
OMP: Info #210: KMP_AFFINITY: Affinity capable, using global cpuid leaf 11 info
OMP: Info #154: KMP_AFFINITY: Initial OS proc set respected: 0-15
OMP: Info #156: KMP_AFFINITY: 16 available OS procs
OMP: Info #158: KMP_AFFINITY: Nonuniform topology
OMP: Info #179: KMP_AFFINITY: 2 packages x 10 cores/pkg x 1 threads/core (16 total cores)
OMP: Info #214: KMP_AFFINITY: OS proc to physical thread map:
OMP: Info #171: KMP_AFFINITY: OS proc 0 maps to package 0 core 0 
OMP: Info #171: KMP_AFFINITY: OS proc 1 maps to package 0 core 1 
OMP: Info #171: KMP_AFFINITY: OS proc 2 maps to package 0 core 2 
OMP: Info #171: KMP_AFFINITY: OS proc 3 maps to package 0 core 3 
OMP: Info #171: KMP_AFFINITY: OS proc 4 maps to package 0 core 4 
OMP: Info #171: KMP_AFFINITY: OS proc 5 maps to package 0 core 8 
OMP: Info #171: KMP_AFFINITY: OS proc 6 maps to package 0 core 9 
OMP: Info #171: KMP_AFFINITY: OS proc 7 maps to package 0 core 10 
OMP: Info #171: KMP_AFFINITY: OS proc 8 maps to package 0 core 11 
OMP: Info #171: KMP_AFFINITY: OS proc 9 maps to package 0 core 12 
OMP: Info #171: KMP_AFFINITY: OS proc 10 maps to package 1 core 0 
OMP: Info #171: KMP_AFFINITY: OS proc 11 maps to package 1 core 1 
OMP: Info #171: KMP_AFFINITY: OS proc 12 maps to package 1 core 2 
OMP: Info #171: KMP_AFFINITY: OS proc 13 maps to package 1 core 3 
OMP: Info #171: KMP_AFFINITY: OS proc 14 maps to package 1 core 4 
OMP: Info #171: KMP_AFFINITY: OS proc 15 maps to package 1 core 8 
OMP: Info #250: KMP_AFFINITY: pid 57376 tid 57376 thread 0 bound to OS proc set 0
OMP: Info #250: KMP_AFFINITY: pid 57376 tid 57377 thread 1 bound to OS proc set 1
OMP: Info #250: KMP_AFFINITY: pid 57376 tid 57378 thread 2 bound to OS proc set 2
OMP: Info #250: KMP_AFFINITY: pid 57376 tid 57380 thread 4 bound to OS proc set 4
OMP: Info #250: KMP_AFFINITY: pid 57376 tid 57379 thread 3 bound to OS proc set 3
OMP: Info #250: KMP_AFFINITY: pid 57376 tid 57381 thread 5 bound to OS proc set 5
OMP: Info #250: KMP_AFFINITY: pid 57376 tid 57382 thread 6 bound to OS proc set 6
OMP: Info #250: KMP_AFFINITY: pid 57376 tid 57383 thread 7 bound to OS proc set 7
Elapsed time: 8.55
R: 149.659528, G: 148.049722, B: 139.202555
Parallel version with 16 threads A B coffee
OMP: Info #212: KMP_AFFINITY: decoding x2APIC ids.
OMP: Info #210: KMP_AFFINITY: Affinity capable, using global cpuid leaf 11 info
OMP: Info #154: KMP_AFFINITY: Initial OS proc set respected: 0-15
OMP: Info #156: KMP_AFFINITY: 16 available OS procs
OMP: Info #158: KMP_AFFINITY: Nonuniform topology
OMP: Info #179: KMP_AFFINITY: 2 packages x 10 cores/pkg x 1 threads/core (16 total cores)
OMP: Info #214: KMP_AFFINITY: OS proc to physical thread map:
OMP: Info #171: KMP_AFFINITY: OS proc 0 maps to package 0 core 0 
OMP: Info #171: KMP_AFFINITY: OS proc 1 maps to package 0 core 1 
OMP: Info #171: KMP_AFFINITY: OS proc 2 maps to package 0 core 2 
OMP: Info #171: KMP_AFFINITY: OS proc 3 maps to package 0 core 3 
OMP: Info #171: KMP_AFFINITY: OS proc 4 maps to package 0 core 4 
OMP: Info #171: KMP_AFFINITY: OS proc 5 maps to package 0 core 8 
OMP: Info #171: KMP_AFFINITY: OS proc 6 maps to package 0 core 9 
OMP: Info #171: KMP_AFFINITY: OS proc 7 maps to package 0 core 10 
OMP: Info #171: KMP_AFFINITY: OS proc 8 maps to package 0 core 11 
OMP: Info #171: KMP_AFFINITY: OS proc 9 maps to package 0 core 12 
OMP: Info #171: KMP_AFFINITY: OS proc 10 maps to package 1 core 0 
OMP: Info #171: KMP_AFFINITY: OS proc 11 maps to package 1 core 1 
OMP: Info #171: KMP_AFFINITY: OS proc 12 maps to package 1 core 2 
OMP: Info #171: KMP_AFFINITY: OS proc 13 maps to package 1 core 3 
OMP: Info #171: KMP_AFFINITY: OS proc 14 maps to package 1 core 4 
OMP: Info #171: KMP_AFFINITY: OS proc 15 maps to package 1 core 8 
OMP: Info #250: KMP_AFFINITY: pid 57384 tid 57384 thread 0 bound to OS proc set 0
OMP: Info #250: KMP_AFFINITY: pid 57384 tid 57386 thread 2 bound to OS proc set 2
OMP: Info #250: KMP_AFFINITY: pid 57384 tid 57385 thread 1 bound to OS proc set 1
OMP: Info #250: KMP_AFFINITY: pid 57384 tid 57387 thread 3 bound to OS proc set 3
OMP: Info #250: KMP_AFFINITY: pid 57384 tid 57388 thread 4 bound to OS proc set 4
OMP: Info #250: KMP_AFFINITY: pid 57384 tid 57390 thread 6 bound to OS proc set 6
OMP: Info #250: KMP_AFFINITY: pid 57384 tid 57389 thread 5 bound to OS proc set 5
OMP: Info #250: KMP_AFFINITY: pid 57384 tid 57391 thread 7 bound to OS proc set 7
OMP: Info #250: KMP_AFFINITY: pid 57384 tid 57393 thread 9 bound to OS proc set 9
OMP: Info #250: KMP_AFFINITY: pid 57384 tid 57397 thread 13 bound to OS proc set 13
OMP: Info #250: KMP_AFFINITY: pid 57384 tid 57396 thread 12 bound to OS proc set 12
OMP: Info #250: KMP_AFFINITY: pid 57384 tid 57392 thread 8 bound to OS proc set 8
OMP: Info #250: KMP_AFFINITY: pid 57384 tid 57394 thread 10 bound to OS proc set 10
OMP: Info #250: KMP_AFFINITY: pid 57384 tid 57395 thread 11 bound to OS proc set 11
OMP: Info #250: KMP_AFFINITY: pid 57384 tid 57398 thread 14 bound to OS proc set 14
OMP: Info #250: KMP_AFFINITY: pid 57384 tid 57399 thread 15 bound to OS proc set 15
Elapsed time: 8.01
R: 149.659528, G: 148.049722, B: 139.202555
Parallel version with 32 threads A coffee
OMP: Info #212: KMP_AFFINITY: decoding x2APIC ids.
OMP: Info #210: KMP_AFFINITY: Affinity capable, using global cpuid leaf 11 info
OMP: Info #154: KMP_AFFINITY: Initial OS proc set respected: 0-15
OMP: Info #156: KMP_AFFINITY: 16 available OS procs
OMP: Info #158: KMP_AFFINITY: Nonuniform topology
OMP: Info #179: KMP_AFFINITY: 2 packages x 10 cores/pkg x 1 threads/core (16 total cores)
OMP: Info #214: KMP_AFFINITY: OS proc to physical thread map:
OMP: Info #171: KMP_AFFINITY: OS proc 0 maps to package 0 core 0 
OMP: Info #171: KMP_AFFINITY: OS proc 1 maps to package 0 core 1 
OMP: Info #171: KMP_AFFINITY: OS proc 2 maps to package 0 core 2 
OMP: Info #171: KMP_AFFINITY: OS proc 3 maps to package 0 core 3 
OMP: Info #171: KMP_AFFINITY: OS proc 4 maps to package 0 core 4 
OMP: Info #171: KMP_AFFINITY: OS proc 5 maps to package 0 core 8 
OMP: Info #171: KMP_AFFINITY: OS proc 6 maps to package 0 core 9 
OMP: Info #171: KMP_AFFINITY: OS proc 7 maps to package 0 core 10 
OMP: Info #171: KMP_AFFINITY: OS proc 8 maps to package 0 core 11 
OMP: Info #171: KMP_AFFINITY: OS proc 9 maps to package 0 core 12 
OMP: Info #171: KMP_AFFINITY: OS proc 10 maps to package 1 core 0 
OMP: Info #171: KMP_AFFINITY: OS proc 11 maps to package 1 core 1 
OMP: Info #171: KMP_AFFINITY: OS proc 12 maps to package 1 core 2 
OMP: Info #171: KMP_AFFINITY: OS proc 13 maps to package 1 core 3 
OMP: Info #171: KMP_AFFINITY: OS proc 14 maps to package 1 core 4 
OMP: Info #171: KMP_AFFINITY: OS proc 15 maps to package 1 core 8 
OMP: Info #250: KMP_AFFINITY: pid 57400 tid 57400 thread 0 bound to OS proc set 0
OMP: Info #250: KMP_AFFINITY: pid 57400 tid 57404 thread 1 bound to OS proc set 1
OMP: Info #250: KMP_AFFINITY: pid 57400 tid 57405 thread 2 bound to OS proc set 2
OMP: Info #250: KMP_AFFINITY: pid 57400 tid 57406 thread 3 bound to OS proc set 3
OMP: Info #250: KMP_AFFINITY: pid 57400 tid 57407 thread 4 bound to OS proc set 4
OMP: Info #250: KMP_AFFINITY: pid 57400 tid 57408 thread 5 bound to OS proc set 5
OMP: Info #250: KMP_AFFINITY: pid 57400 tid 57409 thread 6 bound to OS proc set 6
OMP: Info #250: KMP_AFFINITY: pid 57400 tid 57410 thread 7 bound to OS proc set 7
OMP: Info #250: KMP_AFFINITY: pid 57400 tid 57413 thread 10 bound to OS proc set 10
OMP: Info #250: KMP_AFFINITY: pid 57400 tid 57411 thread 8 bound to OS proc set 8
OMP: Info #250: KMP_AFFINITY: pid 57400 tid 57412 thread 9 bound to OS proc set 9
OMP: Info #250: KMP_AFFINITY: pid 57400 tid 57414 thread 11 bound to OS proc set 11
OMP: Info #250: KMP_AFFINITY: pid 57400 tid 57415 thread 12 bound to OS proc set 12
OMP: Info #250: KMP_AFFINITY: pid 57400 tid 57416 thread 13 bound to OS proc set 13
OMP: Info #250: KMP_AFFINITY: pid 57400 tid 57417 thread 14 bound to OS proc set 14
OMP: Info #250: KMP_AFFINITY: pid 57400 tid 57418 thread 15 bound to OS proc set 15
OMP: Info #250: KMP_AFFINITY: pid 57400 tid 57420 thread 17 bound to OS proc set 1
OMP: Info #250: KMP_AFFINITY: pid 57400 tid 57421 thread 18 bound to OS proc set 2
OMP: Info #250: KMP_AFFINITY: pid 57400 tid 57423 thread 20 bound to OS proc set 4
OMP: Info #250: KMP_AFFINITY: pid 57400 tid 57422 thread 19 bound to OS proc set 3
OMP: Info #250: KMP_AFFINITY: pid 57400 tid 57424 thread 21 bound to OS proc set 5
OMP: Info #250: KMP_AFFINITY: pid 57400 tid 57427 thread 24 bound to OS proc set 8
OMP: Info #250: KMP_AFFINITY: pid 57400 tid 57434 thread 31 bound to OS proc set 15
OMP: Info #250: KMP_AFFINITY: pid 57400 tid 57429 thread 26 bound to OS proc set 10
OMP: Info #250: KMP_AFFINITY: pid 57400 tid 57431 thread 28 bound to OS proc set 12
OMP: Info #250: KMP_AFFINITY: pid 57400 tid 57419 thread 16 bound to OS proc set 0
OMP: Info #250: KMP_AFFINITY: pid 57400 tid 57433 thread 30 bound to OS proc set 14
OMP: Info #250: KMP_AFFINITY: pid 57400 tid 57425 thread 22 bound to OS proc set 6
OMP: Info #250: KMP_AFFINITY: pid 57400 tid 57426 thread 23 bound to OS proc set 7
OMP: Info #250: KMP_AFFINITY: pid 57400 tid 57432 thread 29 bound to OS proc set 13
OMP: Info #250: KMP_AFFINITY: pid 57400 tid 57430 thread 27 bound to OS proc set 11
OMP: Info #250: KMP_AFFINITY: pid 57400 tid 57428 thread 25 bound to OS proc set 9
Elapsed time: 8.16
R: 149.659528, G: 148.049722, B: 139.202555
Parallel version with 16 threads B scatter coffee
OMP: Info #212: KMP_AFFINITY: decoding x2APIC ids.
OMP: Info #210: KMP_AFFINITY: Affinity capable, using global cpuid leaf 11 info
OMP: Info #154: KMP_AFFINITY: Initial OS proc set respected: 0-15
OMP: Info #156: KMP_AFFINITY: 16 available OS procs
OMP: Info #158: KMP_AFFINITY: Nonuniform topology
OMP: Info #179: KMP_AFFINITY: 2 packages x 10 cores/pkg x 1 threads/core (16 total cores)
OMP: Info #214: KMP_AFFINITY: OS proc to physical thread map:
OMP: Info #171: KMP_AFFINITY: OS proc 0 maps to package 0 core 0 
OMP: Info #171: KMP_AFFINITY: OS proc 1 maps to package 0 core 1 
OMP: Info #171: KMP_AFFINITY: OS proc 2 maps to package 0 core 2 
OMP: Info #171: KMP_AFFINITY: OS proc 3 maps to package 0 core 3 
OMP: Info #171: KMP_AFFINITY: OS proc 4 maps to package 0 core 4 
OMP: Info #171: KMP_AFFINITY: OS proc 5 maps to package 0 core 8 
OMP: Info #171: KMP_AFFINITY: OS proc 6 maps to package 0 core 9 
OMP: Info #171: KMP_AFFINITY: OS proc 7 maps to package 0 core 10 
OMP: Info #171: KMP_AFFINITY: OS proc 8 maps to package 0 core 11 
OMP: Info #171: KMP_AFFINITY: OS proc 9 maps to package 0 core 12 
OMP: Info #171: KMP_AFFINITY: OS proc 10 maps to package 1 core 0 
OMP: Info #171: KMP_AFFINITY: OS proc 11 maps to package 1 core 1 
OMP: Info #171: KMP_AFFINITY: OS proc 12 maps to package 1 core 2 
OMP: Info #171: KMP_AFFINITY: OS proc 13 maps to package 1 core 3 
OMP: Info #171: KMP_AFFINITY: OS proc 14 maps to package 1 core 4 
OMP: Info #171: KMP_AFFINITY: OS proc 15 maps to package 1 core 8 
OMP: Info #250: KMP_AFFINITY: pid 57435 tid 57435 thread 0 bound to OS proc set 0
OMP: Info #250: KMP_AFFINITY: pid 57435 tid 57436 thread 1 bound to OS proc set 10
OMP: Info #250: KMP_AFFINITY: pid 57435 tid 57437 thread 2 bound to OS proc set 1
OMP: Info #250: KMP_AFFINITY: pid 57435 tid 57438 thread 3 bound to OS proc set 11
OMP: Info #250: KMP_AFFINITY: pid 57435 tid 57439 thread 4 bound to OS proc set 2
OMP: Info #250: KMP_AFFINITY: pid 57435 tid 57440 thread 5 bound to OS proc set 12
OMP: Info #250: KMP_AFFINITY: pid 57435 tid 57441 thread 6 bound to OS proc set 3
OMP: Info #250: KMP_AFFINITY: pid 57435 tid 57442 thread 7 bound to OS proc set 13
OMP: Info #250: KMP_AFFINITY: pid 57435 tid 57443 thread 8 bound to OS proc set 4
OMP: Info #250: KMP_AFFINITY: pid 57435 tid 57444 thread 9 bound to OS proc set 14
OMP: Info #250: KMP_AFFINITY: pid 57435 tid 57446 thread 11 bound to OS proc set 15
OMP: Info #250: KMP_AFFINITY: pid 57435 tid 57445 thread 10 bound to OS proc set 5
OMP: Info #250: KMP_AFFINITY: pid 57435 tid 57447 thread 12 bound to OS proc set 6
OMP: Info #250: KMP_AFFINITY: pid 57435 tid 57449 thread 14 bound to OS proc set 8
OMP: Info #250: KMP_AFFINITY: pid 57435 tid 57448 thread 13 bound to OS proc set 7
OMP: Info #250: KMP_AFFINITY: pid 57435 tid 57450 thread 15 bound to OS proc set 9
Elapsed time: 8.15
R: 149.659528, G: 148.049722, B: 139.202555
Cilek
Serial version...
Elapsed time: 27.56
R: 151.594597, G: 49.390452, B: 71.300356
Parallel version with 1 threads A
OMP: Info #212: KMP_AFFINITY: decoding x2APIC ids.
OMP: Info #210: KMP_AFFINITY: Affinity capable, using global cpuid leaf 11 info
OMP: Info #154: KMP_AFFINITY: Initial OS proc set respected: 0-15
OMP: Info #156: KMP_AFFINITY: 16 available OS procs
OMP: Info #158: KMP_AFFINITY: Nonuniform topology
OMP: Info #179: KMP_AFFINITY: 2 packages x 10 cores/pkg x 1 threads/core (16 total cores)
OMP: Info #214: KMP_AFFINITY: OS proc to physical thread map:
OMP: Info #171: KMP_AFFINITY: OS proc 0 maps to package 0 core 0 
OMP: Info #171: KMP_AFFINITY: OS proc 1 maps to package 0 core 1 
OMP: Info #171: KMP_AFFINITY: OS proc 2 maps to package 0 core 2 
OMP: Info #171: KMP_AFFINITY: OS proc 3 maps to package 0 core 3 
OMP: Info #171: KMP_AFFINITY: OS proc 4 maps to package 0 core 4 
OMP: Info #171: KMP_AFFINITY: OS proc 5 maps to package 0 core 8 
OMP: Info #171: KMP_AFFINITY: OS proc 6 maps to package 0 core 9 
OMP: Info #171: KMP_AFFINITY: OS proc 7 maps to package 0 core 10 
OMP: Info #171: KMP_AFFINITY: OS proc 8 maps to package 0 core 11 
OMP: Info #171: KMP_AFFINITY: OS proc 9 maps to package 0 core 12 
OMP: Info #171: KMP_AFFINITY: OS proc 10 maps to package 1 core 0 
OMP: Info #171: KMP_AFFINITY: OS proc 11 maps to package 1 core 1 
OMP: Info #171: KMP_AFFINITY: OS proc 12 maps to package 1 core 2 
OMP: Info #171: KMP_AFFINITY: OS proc 13 maps to package 1 core 3 
OMP: Info #171: KMP_AFFINITY: OS proc 14 maps to package 1 core 4 
OMP: Info #171: KMP_AFFINITY: OS proc 15 maps to package 1 core 8 
OMP: Info #250: KMP_AFFINITY: pid 57453 tid 57453 thread 0 bound to OS proc set 0
Elapsed time: 55.93
R: 151.594597, G: 49.390452, B: 71.300356
Parallel version with 2 threads A
OMP: Info #212: KMP_AFFINITY: decoding x2APIC ids.
OMP: Info #210: KMP_AFFINITY: Affinity capable, using global cpuid leaf 11 info
OMP: Info #154: KMP_AFFINITY: Initial OS proc set respected: 0-15
OMP: Info #156: KMP_AFFINITY: 16 available OS procs
OMP: Info #158: KMP_AFFINITY: Nonuniform topology
OMP: Info #179: KMP_AFFINITY: 2 packages x 10 cores/pkg x 1 threads/core (16 total cores)
OMP: Info #214: KMP_AFFINITY: OS proc to physical thread map:
OMP: Info #171: KMP_AFFINITY: OS proc 0 maps to package 0 core 0 
OMP: Info #171: KMP_AFFINITY: OS proc 1 maps to package 0 core 1 
OMP: Info #171: KMP_AFFINITY: OS proc 2 maps to package 0 core 2 
OMP: Info #171: KMP_AFFINITY: OS proc 3 maps to package 0 core 3 
OMP: Info #171: KMP_AFFINITY: OS proc 4 maps to package 0 core 4 
OMP: Info #171: KMP_AFFINITY: OS proc 5 maps to package 0 core 8 
OMP: Info #171: KMP_AFFINITY: OS proc 6 maps to package 0 core 9 
OMP: Info #171: KMP_AFFINITY: OS proc 7 maps to package 0 core 10 
OMP: Info #171: KMP_AFFINITY: OS proc 8 maps to package 0 core 11 
OMP: Info #171: KMP_AFFINITY: OS proc 9 maps to package 0 core 12 
OMP: Info #171: KMP_AFFINITY: OS proc 10 maps to package 1 core 0 
OMP: Info #171: KMP_AFFINITY: OS proc 11 maps to package 1 core 1 
OMP: Info #171: KMP_AFFINITY: OS proc 12 maps to package 1 core 2 
OMP: Info #171: KMP_AFFINITY: OS proc 13 maps to package 1 core 3 
OMP: Info #171: KMP_AFFINITY: OS proc 14 maps to package 1 core 4 
OMP: Info #171: KMP_AFFINITY: OS proc 15 maps to package 1 core 8 
OMP: Info #250: KMP_AFFINITY: pid 57461 tid 57461 thread 0 bound to OS proc set 0
OMP: Info #250: KMP_AFFINITY: pid 57461 tid 57462 thread 1 bound to OS proc set 1
Elapsed time: 33.92
R: 151.594597, G: 49.390452, B: 71.300356
Parallel version with 4 threads A
OMP: Info #212: KMP_AFFINITY: decoding x2APIC ids.
OMP: Info #210: KMP_AFFINITY: Affinity capable, using global cpuid leaf 11 info
OMP: Info #154: KMP_AFFINITY: Initial OS proc set respected: 0-15
OMP: Info #156: KMP_AFFINITY: 16 available OS procs
OMP: Info #158: KMP_AFFINITY: Nonuniform topology
OMP: Info #179: KMP_AFFINITY: 2 packages x 10 cores/pkg x 1 threads/core (16 total cores)
OMP: Info #214: KMP_AFFINITY: OS proc to physical thread map:
OMP: Info #171: KMP_AFFINITY: OS proc 0 maps to package 0 core 0 
OMP: Info #171: KMP_AFFINITY: OS proc 1 maps to package 0 core 1 
OMP: Info #171: KMP_AFFINITY: OS proc 2 maps to package 0 core 2 
OMP: Info #171: KMP_AFFINITY: OS proc 3 maps to package 0 core 3 
OMP: Info #171: KMP_AFFINITY: OS proc 4 maps to package 0 core 4 
OMP: Info #171: KMP_AFFINITY: OS proc 5 maps to package 0 core 8 
OMP: Info #171: KMP_AFFINITY: OS proc 6 maps to package 0 core 9 
OMP: Info #171: KMP_AFFINITY: OS proc 7 maps to package 0 core 10 
OMP: Info #171: KMP_AFFINITY: OS proc 8 maps to package 0 core 11 
OMP: Info #171: KMP_AFFINITY: OS proc 9 maps to package 0 core 12 
OMP: Info #171: KMP_AFFINITY: OS proc 10 maps to package 1 core 0 
OMP: Info #171: KMP_AFFINITY: OS proc 11 maps to package 1 core 1 
OMP: Info #171: KMP_AFFINITY: OS proc 12 maps to package 1 core 2 
OMP: Info #171: KMP_AFFINITY: OS proc 13 maps to package 1 core 3 
OMP: Info #171: KMP_AFFINITY: OS proc 14 maps to package 1 core 4 
OMP: Info #171: KMP_AFFINITY: OS proc 15 maps to package 1 core 8 
OMP: Info #250: KMP_AFFINITY: pid 57463 tid 57463 thread 0 bound to OS proc set 0
OMP: Info #250: KMP_AFFINITY: pid 57463 tid 57464 thread 1 bound to OS proc set 1
OMP: Info #250: KMP_AFFINITY: pid 57463 tid 57465 thread 2 bound to OS proc set 2
OMP: Info #250: KMP_AFFINITY: pid 57463 tid 57466 thread 3 bound to OS proc set 3
Elapsed time: 22.49
R: 151.594597, G: 49.390452, B: 71.300356
Parallel version with 8 threads A
OMP: Info #212: KMP_AFFINITY: decoding x2APIC ids.
OMP: Info #210: KMP_AFFINITY: Affinity capable, using global cpuid leaf 11 info
OMP: Info #154: KMP_AFFINITY: Initial OS proc set respected: 0-15
OMP: Info #156: KMP_AFFINITY: 16 available OS procs
OMP: Info #158: KMP_AFFINITY: Nonuniform topology
OMP: Info #179: KMP_AFFINITY: 2 packages x 10 cores/pkg x 1 threads/core (16 total cores)
OMP: Info #214: KMP_AFFINITY: OS proc to physical thread map:
OMP: Info #171: KMP_AFFINITY: OS proc 0 maps to package 0 core 0 
OMP: Info #171: KMP_AFFINITY: OS proc 1 maps to package 0 core 1 
OMP: Info #171: KMP_AFFINITY: OS proc 2 maps to package 0 core 2 
OMP: Info #171: KMP_AFFINITY: OS proc 3 maps to package 0 core 3 
OMP: Info #171: KMP_AFFINITY: OS proc 4 maps to package 0 core 4 
OMP: Info #171: KMP_AFFINITY: OS proc 5 maps to package 0 core 8 
OMP: Info #171: KMP_AFFINITY: OS proc 6 maps to package 0 core 9 
OMP: Info #171: KMP_AFFINITY: OS proc 7 maps to package 0 core 10 
OMP: Info #171: KMP_AFFINITY: OS proc 8 maps to package 0 core 11 
OMP: Info #171: KMP_AFFINITY: OS proc 9 maps to package 0 core 12 
OMP: Info #171: KMP_AFFINITY: OS proc 10 maps to package 1 core 0 
OMP: Info #171: KMP_AFFINITY: OS proc 11 maps to package 1 core 1 
OMP: Info #171: KMP_AFFINITY: OS proc 12 maps to package 1 core 2 
OMP: Info #171: KMP_AFFINITY: OS proc 13 maps to package 1 core 3 
OMP: Info #171: KMP_AFFINITY: OS proc 14 maps to package 1 core 4 
OMP: Info #171: KMP_AFFINITY: OS proc 15 maps to package 1 core 8 
OMP: Info #250: KMP_AFFINITY: pid 57468 tid 57468 thread 0 bound to OS proc set 0
OMP: Info #250: KMP_AFFINITY: pid 57468 tid 57471 thread 3 bound to OS proc set 3
OMP: Info #250: KMP_AFFINITY: pid 57468 tid 57470 thread 2 bound to OS proc set 2
OMP: Info #250: KMP_AFFINITY: pid 57468 tid 57469 thread 1 bound to OS proc set 1
OMP: Info #250: KMP_AFFINITY: pid 57468 tid 57472 thread 4 bound to OS proc set 4
OMP: Info #250: KMP_AFFINITY: pid 57468 tid 57473 thread 5 bound to OS proc set 5
OMP: Info #250: KMP_AFFINITY: pid 57468 tid 57474 thread 6 bound to OS proc set 6
OMP: Info #250: KMP_AFFINITY: pid 57468 tid 57475 thread 7 bound to OS proc set 7
Elapsed time: 15.93
R: 151.594597, G: 49.390452, B: 71.300356
Parallel version with 16 threads A B
OMP: Info #212: KMP_AFFINITY: decoding x2APIC ids.
OMP: Info #210: KMP_AFFINITY: Affinity capable, using global cpuid leaf 11 info
OMP: Info #154: KMP_AFFINITY: Initial OS proc set respected: 0-15
OMP: Info #156: KMP_AFFINITY: 16 available OS procs
OMP: Info #158: KMP_AFFINITY: Nonuniform topology
OMP: Info #179: KMP_AFFINITY: 2 packages x 10 cores/pkg x 1 threads/core (16 total cores)
OMP: Info #214: KMP_AFFINITY: OS proc to physical thread map:
OMP: Info #171: KMP_AFFINITY: OS proc 0 maps to package 0 core 0 
OMP: Info #171: KMP_AFFINITY: OS proc 1 maps to package 0 core 1 
OMP: Info #171: KMP_AFFINITY: OS proc 2 maps to package 0 core 2 
OMP: Info #171: KMP_AFFINITY: OS proc 3 maps to package 0 core 3 
OMP: Info #171: KMP_AFFINITY: OS proc 4 maps to package 0 core 4 
OMP: Info #171: KMP_AFFINITY: OS proc 5 maps to package 0 core 8 
OMP: Info #171: KMP_AFFINITY: OS proc 6 maps to package 0 core 9 
OMP: Info #171: KMP_AFFINITY: OS proc 7 maps to package 0 core 10 
OMP: Info #171: KMP_AFFINITY: OS proc 8 maps to package 0 core 11 
OMP: Info #171: KMP_AFFINITY: OS proc 9 maps to package 0 core 12 
OMP: Info #171: KMP_AFFINITY: OS proc 10 maps to package 1 core 0 
OMP: Info #171: KMP_AFFINITY: OS proc 11 maps to package 1 core 1 
OMP: Info #171: KMP_AFFINITY: OS proc 12 maps to package 1 core 2 
OMP: Info #171: KMP_AFFINITY: OS proc 13 maps to package 1 core 3 
OMP: Info #171: KMP_AFFINITY: OS proc 14 maps to package 1 core 4 
OMP: Info #171: KMP_AFFINITY: OS proc 15 maps to package 1 core 8 
OMP: Info #250: KMP_AFFINITY: pid 57476 tid 57476 thread 0 bound to OS proc set 0
OMP: Info #250: KMP_AFFINITY: pid 57476 tid 57477 thread 1 bound to OS proc set 1
OMP: Info #250: KMP_AFFINITY: pid 57476 tid 57478 thread 2 bound to OS proc set 2
OMP: Info #250: KMP_AFFINITY: pid 57476 tid 57479 thread 3 bound to OS proc set 3
OMP: Info #250: KMP_AFFINITY: pid 57476 tid 57480 thread 4 bound to OS proc set 4
OMP: Info #250: KMP_AFFINITY: pid 57476 tid 57481 thread 5 bound to OS proc set 5
OMP: Info #250: KMP_AFFINITY: pid 57476 tid 57482 thread 6 bound to OS proc set 6
OMP: Info #250: KMP_AFFINITY: pid 57476 tid 57483 thread 7 bound to OS proc set 7
OMP: Info #250: KMP_AFFINITY: pid 57476 tid 57484 thread 8 bound to OS proc set 8
OMP: Info #250: KMP_AFFINITY: pid 57476 tid 57485 thread 9 bound to OS proc set 9
OMP: Info #250: KMP_AFFINITY: pid 57476 tid 57486 thread 10 bound to OS proc set 10
OMP: Info #250: KMP_AFFINITY: pid 57476 tid 57487 thread 11 bound to OS proc set 11
OMP: Info #250: KMP_AFFINITY: pid 57476 tid 57488 thread 12 bound to OS proc set 12
OMP: Info #250: KMP_AFFINITY: pid 57476 tid 57489 thread 13 bound to OS proc set 13
OMP: Info #250: KMP_AFFINITY: pid 57476 tid 57490 thread 14 bound to OS proc set 14
OMP: Info #250: KMP_AFFINITY: pid 57476 tid 57491 thread 15 bound to OS proc set 15
Elapsed time: 14.79
R: 151.594597, G: 49.390452, B: 71.300356
Parallel version with 32 threads A
OMP: Info #212: KMP_AFFINITY: decoding x2APIC ids.
OMP: Info #210: KMP_AFFINITY: Affinity capable, using global cpuid leaf 11 info
OMP: Info #154: KMP_AFFINITY: Initial OS proc set respected: 0-15
OMP: Info #156: KMP_AFFINITY: 16 available OS procs
OMP: Info #158: KMP_AFFINITY: Nonuniform topology
OMP: Info #179: KMP_AFFINITY: 2 packages x 10 cores/pkg x 1 threads/core (16 total cores)
OMP: Info #214: KMP_AFFINITY: OS proc to physical thread map:
OMP: Info #171: KMP_AFFINITY: OS proc 0 maps to package 0 core 0 
OMP: Info #171: KMP_AFFINITY: OS proc 1 maps to package 0 core 1 
OMP: Info #171: KMP_AFFINITY: OS proc 2 maps to package 0 core 2 
OMP: Info #171: KMP_AFFINITY: OS proc 3 maps to package 0 core 3 
OMP: Info #171: KMP_AFFINITY: OS proc 4 maps to package 0 core 4 
OMP: Info #171: KMP_AFFINITY: OS proc 5 maps to package 0 core 8 
OMP: Info #171: KMP_AFFINITY: OS proc 6 maps to package 0 core 9 
OMP: Info #171: KMP_AFFINITY: OS proc 7 maps to package 0 core 10 
OMP: Info #171: KMP_AFFINITY: OS proc 8 maps to package 0 core 11 
OMP: Info #171: KMP_AFFINITY: OS proc 9 maps to package 0 core 12 
OMP: Info #171: KMP_AFFINITY: OS proc 10 maps to package 1 core 0 
OMP: Info #171: KMP_AFFINITY: OS proc 11 maps to package 1 core 1 
OMP: Info #171: KMP_AFFINITY: OS proc 12 maps to package 1 core 2 
OMP: Info #171: KMP_AFFINITY: OS proc 13 maps to package 1 core 3 
OMP: Info #171: KMP_AFFINITY: OS proc 14 maps to package 1 core 4 
OMP: Info #171: KMP_AFFINITY: OS proc 15 maps to package 1 core 8 
OMP: Info #250: KMP_AFFINITY: pid 57492 tid 57492 thread 0 bound to OS proc set 0
OMP: Info #250: KMP_AFFINITY: pid 57492 tid 57493 thread 1 bound to OS proc set 1
OMP: Info #250: KMP_AFFINITY: pid 57492 tid 57494 thread 2 bound to OS proc set 2
OMP: Info #250: KMP_AFFINITY: pid 57492 tid 57495 thread 3 bound to OS proc set 3
OMP: Info #250: KMP_AFFINITY: pid 57492 tid 57496 thread 4 bound to OS proc set 4
OMP: Info #250: KMP_AFFINITY: pid 57492 tid 57498 thread 6 bound to OS proc set 6
OMP: Info #250: KMP_AFFINITY: pid 57492 tid 57497 thread 5 bound to OS proc set 5
OMP: Info #250: KMP_AFFINITY: pid 57492 tid 57499 thread 7 bound to OS proc set 7
OMP: Info #250: KMP_AFFINITY: pid 57492 tid 57500 thread 8 bound to OS proc set 8
OMP: Info #250: KMP_AFFINITY: pid 57492 tid 57501 thread 9 bound to OS proc set 9
OMP: Info #250: KMP_AFFINITY: pid 57492 tid 57503 thread 11 bound to OS proc set 11
OMP: Info #250: KMP_AFFINITY: pid 57492 tid 57502 thread 10 bound to OS proc set 10
OMP: Info #250: KMP_AFFINITY: pid 57492 tid 57504 thread 12 bound to OS proc set 12
OMP: Info #250: KMP_AFFINITY: pid 57492 tid 57505 thread 13 bound to OS proc set 13
OMP: Info #250: KMP_AFFINITY: pid 57492 tid 57507 thread 15 bound to OS proc set 15
OMP: Info #250: KMP_AFFINITY: pid 57492 tid 57509 thread 17 bound to OS proc set 1
OMP: Info #250: KMP_AFFINITY: pid 57492 tid 57511 thread 19 bound to OS proc set 3
OMP: Info #250: KMP_AFFINITY: pid 57492 tid 57506 thread 14 bound to OS proc set 14
OMP: Info #250: KMP_AFFINITY: pid 57492 tid 57510 thread 18 bound to OS proc set 2
OMP: Info #250: KMP_AFFINITY: pid 57492 tid 57515 thread 23 bound to OS proc set 7
OMP: Info #250: KMP_AFFINITY: pid 57492 tid 57523 thread 31 bound to OS proc set 15
OMP: Info #250: KMP_AFFINITY: pid 57492 tid 57517 thread 25 bound to OS proc set 9
OMP: Info #250: KMP_AFFINITY: pid 57492 tid 57508 thread 16 bound to OS proc set 0
OMP: Info #250: KMP_AFFINITY: pid 57492 tid 57520 thread 28 bound to OS proc set 12
OMP: Info #250: KMP_AFFINITY: pid 57492 tid 57518 thread 26 bound to OS proc set 10
OMP: Info #250: KMP_AFFINITY: pid 57492 tid 57516 thread 24 bound to OS proc set 8
OMP: Info #250: KMP_AFFINITY: pid 57492 tid 57522 thread 30 bound to OS proc set 14
OMP: Info #250: KMP_AFFINITY: pid 57492 tid 57513 thread 21 bound to OS proc set 5
OMP: Info #250: KMP_AFFINITY: pid 57492 tid 57519 thread 27 bound to OS proc set 11
OMP: Info #250: KMP_AFFINITY: pid 57492 tid 57514 thread 22 bound to OS proc set 6
OMP: Info #250: KMP_AFFINITY: pid 57492 tid 57512 thread 20 bound to OS proc set 4
OMP: Info #250: KMP_AFFINITY: pid 57492 tid 57521 thread 29 bound to OS proc set 13
Elapsed time: 15.00
R: 151.594597, G: 49.390452, B: 71.300356
Parallel version with 16 threads B scatter
OMP: Info #212: KMP_AFFINITY: decoding x2APIC ids.
OMP: Info #210: KMP_AFFINITY: Affinity capable, using global cpuid leaf 11 info
OMP: Info #154: KMP_AFFINITY: Initial OS proc set respected: 0-15
OMP: Info #156: KMP_AFFINITY: 16 available OS procs
OMP: Info #158: KMP_AFFINITY: Nonuniform topology
OMP: Info #179: KMP_AFFINITY: 2 packages x 10 cores/pkg x 1 threads/core (16 total cores)
OMP: Info #214: KMP_AFFINITY: OS proc to physical thread map:
OMP: Info #171: KMP_AFFINITY: OS proc 0 maps to package 0 core 0 
OMP: Info #171: KMP_AFFINITY: OS proc 1 maps to package 0 core 1 
OMP: Info #171: KMP_AFFINITY: OS proc 2 maps to package 0 core 2 
OMP: Info #171: KMP_AFFINITY: OS proc 3 maps to package 0 core 3 
OMP: Info #171: KMP_AFFINITY: OS proc 4 maps to package 0 core 4 
OMP: Info #171: KMP_AFFINITY: OS proc 5 maps to package 0 core 8 
OMP: Info #171: KMP_AFFINITY: OS proc 6 maps to package 0 core 9 
OMP: Info #171: KMP_AFFINITY: OS proc 7 maps to package 0 core 10 
OMP: Info #171: KMP_AFFINITY: OS proc 8 maps to package 0 core 11 
OMP: Info #171: KMP_AFFINITY: OS proc 9 maps to package 0 core 12 
OMP: Info #171: KMP_AFFINITY: OS proc 10 maps to package 1 core 0 
OMP: Info #171: KMP_AFFINITY: OS proc 11 maps to package 1 core 1 
OMP: Info #171: KMP_AFFINITY: OS proc 12 maps to package 1 core 2 
OMP: Info #171: KMP_AFFINITY: OS proc 13 maps to package 1 core 3 
OMP: Info #171: KMP_AFFINITY: OS proc 14 maps to package 1 core 4 
OMP: Info #171: KMP_AFFINITY: OS proc 15 maps to package 1 core 8 
OMP: Info #250: KMP_AFFINITY: pid 57524 tid 57524 thread 0 bound to OS proc set 0
OMP: Info #250: KMP_AFFINITY: pid 57524 tid 57525 thread 1 bound to OS proc set 10
OMP: Info #250: KMP_AFFINITY: pid 57524 tid 57526 thread 2 bound to OS proc set 1
OMP: Info #250: KMP_AFFINITY: pid 57524 tid 57527 thread 3 bound to OS proc set 11
OMP: Info #250: KMP_AFFINITY: pid 57524 tid 57528 thread 4 bound to OS proc set 2
OMP: Info #250: KMP_AFFINITY: pid 57524 tid 57529 thread 5 bound to OS proc set 12
OMP: Info #250: KMP_AFFINITY: pid 57524 tid 57530 thread 6 bound to OS proc set 3
OMP: Info #250: KMP_AFFINITY: pid 57524 tid 57531 thread 7 bound to OS proc set 13
OMP: Info #250: KMP_AFFINITY: pid 57524 tid 57532 thread 8 bound to OS proc set 4
OMP: Info #250: KMP_AFFINITY: pid 57524 tid 57534 thread 10 bound to OS proc set 5
OMP: Info #250: KMP_AFFINITY: pid 57524 tid 57533 thread 9 bound to OS proc set 14
OMP: Info #250: KMP_AFFINITY: pid 57524 tid 57535 thread 11 bound to OS proc set 15
OMP: Info #250: KMP_AFFINITY: pid 57524 tid 57536 thread 12 bound to OS proc set 6
OMP: Info #250: KMP_AFFINITY: pid 57524 tid 57537 thread 13 bound to OS proc set 7
OMP: Info #250: KMP_AFFINITY: pid 57524 tid 57539 thread 15 bound to OS proc set 9
OMP: Info #250: KMP_AFFINITY: pid 57524 tid 57538 thread 14 bound to OS proc set 8
Elapsed time: 14.96
R: 151.594597, G: 49.390452, B: 71.300356
