Setting stack size to unlimited...
core file size          (blocks, -c) 0
data seg size           (kbytes, -d) unlimited
scheduling priority             (-e) 0
file size               (blocks, -f) unlimited
pending signals                 (-i) 2062728
max locked memory       (kbytes, -l) unlimited
max memory size         (kbytes, -m) 253952000
open files                      (-n) 1024
pipe size            (512 bytes, -p) 8
POSIX message queues     (bytes, -q) 819200
real-time priority              (-r) 0
stack size              (kbytes, -s) unlimited
cpu time               (seconds, -t) unlimited
max user processes              (-u) 4096
virtual memory          (kbytes, -v) unlimited
file locks                      (-x) unlimited

Running Job...!
===============================================================================
Running compiled binary...
Serial version...
Elapsed time: 14.81
R: 149.659528, G: 148.049722, B: 139.202555
Parallel version with 1 threads A
OMP: Info #212: KMP_AFFINITY: decoding x2APIC ids.
OMP: Info #210: KMP_AFFINITY: Affinity capable, using global cpuid leaf 11 info
OMP: Info #154: KMP_AFFINITY: Initial OS proc set respected: 0,2,4,6,8,10,12,18,20,22,24,26,28,30,32,34
OMP: Info #156: KMP_AFFINITY: 16 available OS procs
OMP: Info #157: KMP_AFFINITY: Uniform topology
OMP: Info #179: KMP_AFFINITY: 1 packages x 16 cores/pkg x 1 threads/core (16 total cores)
OMP: Info #214: KMP_AFFINITY: OS proc to physical thread map:
OMP: Info #171: KMP_AFFINITY: OS proc 0 maps to package 0 core 0 
OMP: Info #171: KMP_AFFINITY: OS proc 2 maps to package 0 core 1 
OMP: Info #171: KMP_AFFINITY: OS proc 4 maps to package 0 core 2 
OMP: Info #171: KMP_AFFINITY: OS proc 6 maps to package 0 core 3 
OMP: Info #171: KMP_AFFINITY: OS proc 8 maps to package 0 core 4 
OMP: Info #171: KMP_AFFINITY: OS proc 10 maps to package 0 core 8 
OMP: Info #171: KMP_AFFINITY: OS proc 12 maps to package 0 core 9 
OMP: Info #171: KMP_AFFINITY: OS proc 18 maps to package 0 core 16 
OMP: Info #171: KMP_AFFINITY: OS proc 20 maps to package 0 core 17 
OMP: Info #171: KMP_AFFINITY: OS proc 22 maps to package 0 core 18 
OMP: Info #171: KMP_AFFINITY: OS proc 24 maps to package 0 core 19 
OMP: Info #171: KMP_AFFINITY: OS proc 26 maps to package 0 core 20 
OMP: Info #171: KMP_AFFINITY: OS proc 28 maps to package 0 core 24 
OMP: Info #171: KMP_AFFINITY: OS proc 30 maps to package 0 core 25 
OMP: Info #171: KMP_AFFINITY: OS proc 32 maps to package 0 core 26 
OMP: Info #171: KMP_AFFINITY: OS proc 34 maps to package 0 core 27 
OMP: Info #250: KMP_AFFINITY: pid 50395 tid 50395 thread 0 bound to OS proc set 0
Elapsed time: 40.26
R: 149.659528, G: 148.049722, B: 139.202555
Parallel version with 2 threads A
OMP: Info #212: KMP_AFFINITY: decoding x2APIC ids.
OMP: Info #210: KMP_AFFINITY: Affinity capable, using global cpuid leaf 11 info
OMP: Info #154: KMP_AFFINITY: Initial OS proc set respected: 0,2,4,6,8,10,12,18,20,22,24,26,28,30,32,34
OMP: Info #156: KMP_AFFINITY: 16 available OS procs
OMP: Info #157: KMP_AFFINITY: Uniform topology
OMP: Info #179: KMP_AFFINITY: 1 packages x 16 cores/pkg x 1 threads/core (16 total cores)
OMP: Info #214: KMP_AFFINITY: OS proc to physical thread map:
OMP: Info #171: KMP_AFFINITY: OS proc 0 maps to package 0 core 0 
OMP: Info #171: KMP_AFFINITY: OS proc 2 maps to package 0 core 1 
OMP: Info #171: KMP_AFFINITY: OS proc 4 maps to package 0 core 2 
OMP: Info #171: KMP_AFFINITY: OS proc 6 maps to package 0 core 3 
OMP: Info #171: KMP_AFFINITY: OS proc 8 maps to package 0 core 4 
OMP: Info #171: KMP_AFFINITY: OS proc 10 maps to package 0 core 8 
OMP: Info #171: KMP_AFFINITY: OS proc 12 maps to package 0 core 9 
OMP: Info #171: KMP_AFFINITY: OS proc 18 maps to package 0 core 16 
OMP: Info #171: KMP_AFFINITY: OS proc 20 maps to package 0 core 17 
OMP: Info #171: KMP_AFFINITY: OS proc 22 maps to package 0 core 18 
OMP: Info #171: KMP_AFFINITY: OS proc 24 maps to package 0 core 19 
OMP: Info #171: KMP_AFFINITY: OS proc 26 maps to package 0 core 20 
OMP: Info #171: KMP_AFFINITY: OS proc 28 maps to package 0 core 24 
OMP: Info #171: KMP_AFFINITY: OS proc 30 maps to package 0 core 25 
OMP: Info #171: KMP_AFFINITY: OS proc 32 maps to package 0 core 26 
OMP: Info #171: KMP_AFFINITY: OS proc 34 maps to package 0 core 27 
OMP: Info #250: KMP_AFFINITY: pid 50396 tid 50396 thread 0 bound to OS proc set 0
OMP: Info #250: KMP_AFFINITY: pid 50396 tid 50397 thread 1 bound to OS proc set 2
Elapsed time: 27.54
R: 149.659528, G: 148.049722, B: 139.202555
Parallel version with 4 threads A
OMP: Info #212: KMP_AFFINITY: decoding x2APIC ids.
OMP: Info #210: KMP_AFFINITY: Affinity capable, using global cpuid leaf 11 info
OMP: Info #154: KMP_AFFINITY: Initial OS proc set respected: 0,2,4,6,8,10,12,18,20,22,24,26,28,30,32,34
OMP: Info #156: KMP_AFFINITY: 16 available OS procs
OMP: Info #157: KMP_AFFINITY: Uniform topology
OMP: Info #179: KMP_AFFINITY: 1 packages x 16 cores/pkg x 1 threads/core (16 total cores)
OMP: Info #214: KMP_AFFINITY: OS proc to physical thread map:
OMP: Info #171: KMP_AFFINITY: OS proc 0 maps to package 0 core 0 
OMP: Info #171: KMP_AFFINITY: OS proc 2 maps to package 0 core 1 
OMP: Info #171: KMP_AFFINITY: OS proc 4 maps to package 0 core 2 
OMP: Info #171: KMP_AFFINITY: OS proc 6 maps to package 0 core 3 
OMP: Info #171: KMP_AFFINITY: OS proc 8 maps to package 0 core 4 
OMP: Info #171: KMP_AFFINITY: OS proc 10 maps to package 0 core 8 
OMP: Info #171: KMP_AFFINITY: OS proc 12 maps to package 0 core 9 
OMP: Info #171: KMP_AFFINITY: OS proc 18 maps to package 0 core 16 
OMP: Info #171: KMP_AFFINITY: OS proc 20 maps to package 0 core 17 
OMP: Info #171: KMP_AFFINITY: OS proc 22 maps to package 0 core 18 
OMP: Info #171: KMP_AFFINITY: OS proc 24 maps to package 0 core 19 
OMP: Info #171: KMP_AFFINITY: OS proc 26 maps to package 0 core 20 
OMP: Info #171: KMP_AFFINITY: OS proc 28 maps to package 0 core 24 
OMP: Info #171: KMP_AFFINITY: OS proc 30 maps to package 0 core 25 
OMP: Info #171: KMP_AFFINITY: OS proc 32 maps to package 0 core 26 
OMP: Info #171: KMP_AFFINITY: OS proc 34 maps to package 0 core 27 
OMP: Info #250: KMP_AFFINITY: pid 50399 tid 50399 thread 0 bound to OS proc set 0
OMP: Info #250: KMP_AFFINITY: pid 50399 tid 50400 thread 1 bound to OS proc set 2
OMP: Info #250: KMP_AFFINITY: pid 50399 tid 50401 thread 2 bound to OS proc set 4
OMP: Info #250: KMP_AFFINITY: pid 50399 tid 50402 thread 3 bound to OS proc set 6
Elapsed time: 16.51
R: 149.659528, G: 148.049722, B: 139.202555
Parallel version with 8 threads A
OMP: Info #212: KMP_AFFINITY: decoding x2APIC ids.
OMP: Info #210: KMP_AFFINITY: Affinity capable, using global cpuid leaf 11 info
OMP: Info #154: KMP_AFFINITY: Initial OS proc set respected: 0,2,4,6,8,10,12,18,20,22,24,26,28,30,32,34
OMP: Info #156: KMP_AFFINITY: 16 available OS procs
OMP: Info #157: KMP_AFFINITY: Uniform topology
OMP: Info #179: KMP_AFFINITY: 1 packages x 16 cores/pkg x 1 threads/core (16 total cores)
OMP: Info #214: KMP_AFFINITY: OS proc to physical thread map:
OMP: Info #171: KMP_AFFINITY: OS proc 0 maps to package 0 core 0 
OMP: Info #171: KMP_AFFINITY: OS proc 2 maps to package 0 core 1 
OMP: Info #171: KMP_AFFINITY: OS proc 4 maps to package 0 core 2 
OMP: Info #171: KMP_AFFINITY: OS proc 6 maps to package 0 core 3 
OMP: Info #171: KMP_AFFINITY: OS proc 8 maps to package 0 core 4 
OMP: Info #171: KMP_AFFINITY: OS proc 10 maps to package 0 core 8 
OMP: Info #171: KMP_AFFINITY: OS proc 12 maps to package 0 core 9 
OMP: Info #171: KMP_AFFINITY: OS proc 18 maps to package 0 core 16 
OMP: Info #171: KMP_AFFINITY: OS proc 20 maps to package 0 core 17 
OMP: Info #171: KMP_AFFINITY: OS proc 22 maps to package 0 core 18 
OMP: Info #171: KMP_AFFINITY: OS proc 24 maps to package 0 core 19 
OMP: Info #171: KMP_AFFINITY: OS proc 26 maps to package 0 core 20 
OMP: Info #171: KMP_AFFINITY: OS proc 28 maps to package 0 core 24 
OMP: Info #171: KMP_AFFINITY: OS proc 30 maps to package 0 core 25 
OMP: Info #171: KMP_AFFINITY: OS proc 32 maps to package 0 core 26 
OMP: Info #171: KMP_AFFINITY: OS proc 34 maps to package 0 core 27 
OMP: Info #250: KMP_AFFINITY: pid 50404 tid 50404 thread 0 bound to OS proc set 0
OMP: Info #250: KMP_AFFINITY: pid 50404 tid 50405 thread 1 bound to OS proc set 2
OMP: Info #250: KMP_AFFINITY: pid 50404 tid 50406 thread 2 bound to OS proc set 4
OMP: Info #250: KMP_AFFINITY: pid 50404 tid 50407 thread 3 bound to OS proc set 6
OMP: Info #250: KMP_AFFINITY: pid 50404 tid 50408 thread 4 bound to OS proc set 8
OMP: Info #250: KMP_AFFINITY: pid 50404 tid 50409 thread 5 bound to OS proc set 10
OMP: Info #250: KMP_AFFINITY: pid 50404 tid 50410 thread 6 bound to OS proc set 12
OMP: Info #250: KMP_AFFINITY: pid 50404 tid 50411 thread 7 bound to OS proc set 18
Elapsed time: 11.07
R: 149.659528, G: 148.049722, B: 139.202555
Parallel version with 16 threads A B
OMP: Info #212: KMP_AFFINITY: decoding x2APIC ids.
OMP: Info #210: KMP_AFFINITY: Affinity capable, using global cpuid leaf 11 info
OMP: Info #154: KMP_AFFINITY: Initial OS proc set respected: 0,2,4,6,8,10,12,18,20,22,24,26,28,30,32,34
OMP: Info #156: KMP_AFFINITY: 16 available OS procs
OMP: Info #157: KMP_AFFINITY: Uniform topology
OMP: Info #179: KMP_AFFINITY: 1 packages x 16 cores/pkg x 1 threads/core (16 total cores)
OMP: Info #214: KMP_AFFINITY: OS proc to physical thread map:
OMP: Info #171: KMP_AFFINITY: OS proc 0 maps to package 0 core 0 
OMP: Info #171: KMP_AFFINITY: OS proc 2 maps to package 0 core 1 
OMP: Info #171: KMP_AFFINITY: OS proc 4 maps to package 0 core 2 
OMP: Info #171: KMP_AFFINITY: OS proc 6 maps to package 0 core 3 
OMP: Info #171: KMP_AFFINITY: OS proc 8 maps to package 0 core 4 
OMP: Info #171: KMP_AFFINITY: OS proc 10 maps to package 0 core 8 
OMP: Info #171: KMP_AFFINITY: OS proc 12 maps to package 0 core 9 
OMP: Info #171: KMP_AFFINITY: OS proc 18 maps to package 0 core 16 
OMP: Info #171: KMP_AFFINITY: OS proc 20 maps to package 0 core 17 
OMP: Info #171: KMP_AFFINITY: OS proc 22 maps to package 0 core 18 
OMP: Info #171: KMP_AFFINITY: OS proc 24 maps to package 0 core 19 
OMP: Info #171: KMP_AFFINITY: OS proc 26 maps to package 0 core 20 
OMP: Info #171: KMP_AFFINITY: OS proc 28 maps to package 0 core 24 
OMP: Info #171: KMP_AFFINITY: OS proc 30 maps to package 0 core 25 
OMP: Info #171: KMP_AFFINITY: OS proc 32 maps to package 0 core 26 
OMP: Info #171: KMP_AFFINITY: OS proc 34 maps to package 0 core 27 
OMP: Info #250: KMP_AFFINITY: pid 50412 tid 50412 thread 0 bound to OS proc set 0
OMP: Info #250: KMP_AFFINITY: pid 50412 tid 50413 thread 1 bound to OS proc set 2
OMP: Info #250: KMP_AFFINITY: pid 50412 tid 50414 thread 2 bound to OS proc set 4
OMP: Info #250: KMP_AFFINITY: pid 50412 tid 50415 thread 3 bound to OS proc set 6
OMP: Info #250: KMP_AFFINITY: pid 50412 tid 50416 thread 4 bound to OS proc set 8
OMP: Info #250: KMP_AFFINITY: pid 50412 tid 50417 thread 5 bound to OS proc set 10
OMP: Info #250: KMP_AFFINITY: pid 50412 tid 50418 thread 6 bound to OS proc set 12
OMP: Info #250: KMP_AFFINITY: pid 50412 tid 50419 thread 7 bound to OS proc set 18
OMP: Info #250: KMP_AFFINITY: pid 50412 tid 50420 thread 8 bound to OS proc set 20
OMP: Info #250: KMP_AFFINITY: pid 50412 tid 50423 thread 11 bound to OS proc set 26
OMP: Info #250: KMP_AFFINITY: pid 50412 tid 50422 thread 10 bound to OS proc set 24
OMP: Info #250: KMP_AFFINITY: pid 50412 tid 50424 thread 12 bound to OS proc set 28
OMP: Info #250: KMP_AFFINITY: pid 50412 tid 50421 thread 9 bound to OS proc set 22
OMP: Info #250: KMP_AFFINITY: pid 50412 tid 50425 thread 13 bound to OS proc set 30
OMP: Info #250: KMP_AFFINITY: pid 50412 tid 50426 thread 14 bound to OS proc set 32
OMP: Info #250: KMP_AFFINITY: pid 50412 tid 50427 thread 15 bound to OS proc set 34
Elapsed time: 8.51
R: 149.659528, G: 148.049722, B: 139.202555
Parallel version with 32 threads A
OMP: Info #212: KMP_AFFINITY: decoding x2APIC ids.
OMP: Info #210: KMP_AFFINITY: Affinity capable, using global cpuid leaf 11 info
OMP: Info #154: KMP_AFFINITY: Initial OS proc set respected: 0,2,4,6,8,10,12,18,20,22,24,26,28,30,32,34
OMP: Info #156: KMP_AFFINITY: 16 available OS procs
OMP: Info #157: KMP_AFFINITY: Uniform topology
OMP: Info #179: KMP_AFFINITY: 1 packages x 16 cores/pkg x 1 threads/core (16 total cores)
OMP: Info #214: KMP_AFFINITY: OS proc to physical thread map:
OMP: Info #171: KMP_AFFINITY: OS proc 0 maps to package 0 core 0 
OMP: Info #171: KMP_AFFINITY: OS proc 2 maps to package 0 core 1 
OMP: Info #171: KMP_AFFINITY: OS proc 4 maps to package 0 core 2 
OMP: Info #171: KMP_AFFINITY: OS proc 6 maps to package 0 core 3 
OMP: Info #171: KMP_AFFINITY: OS proc 8 maps to package 0 core 4 
OMP: Info #171: KMP_AFFINITY: OS proc 10 maps to package 0 core 8 
OMP: Info #171: KMP_AFFINITY: OS proc 12 maps to package 0 core 9 
OMP: Info #171: KMP_AFFINITY: OS proc 18 maps to package 0 core 16 
OMP: Info #171: KMP_AFFINITY: OS proc 20 maps to package 0 core 17 
OMP: Info #171: KMP_AFFINITY: OS proc 22 maps to package 0 core 18 
OMP: Info #171: KMP_AFFINITY: OS proc 24 maps to package 0 core 19 
OMP: Info #171: KMP_AFFINITY: OS proc 26 maps to package 0 core 20 
OMP: Info #171: KMP_AFFINITY: OS proc 28 maps to package 0 core 24 
OMP: Info #171: KMP_AFFINITY: OS proc 30 maps to package 0 core 25 
OMP: Info #171: KMP_AFFINITY: OS proc 32 maps to package 0 core 26 
OMP: Info #171: KMP_AFFINITY: OS proc 34 maps to package 0 core 27 
OMP: Info #250: KMP_AFFINITY: pid 50428 tid 50428 thread 0 bound to OS proc set 0
OMP: Info #250: KMP_AFFINITY: pid 50428 tid 50429 thread 1 bound to OS proc set 2
OMP: Info #250: KMP_AFFINITY: pid 50428 tid 50430 thread 2 bound to OS proc set 4
OMP: Info #250: KMP_AFFINITY: pid 50428 tid 50432 thread 4 bound to OS proc set 8
OMP: Info #250: KMP_AFFINITY: pid 50428 tid 50431 thread 3 bound to OS proc set 6
OMP: Info #250: KMP_AFFINITY: pid 50428 tid 50433 thread 5 bound to OS proc set 10
OMP: Info #250: KMP_AFFINITY: pid 50428 tid 50434 thread 6 bound to OS proc set 12
OMP: Info #250: KMP_AFFINITY: pid 50428 tid 50435 thread 7 bound to OS proc set 18
OMP: Info #250: KMP_AFFINITY: pid 50428 tid 50436 thread 8 bound to OS proc set 20
OMP: Info #250: KMP_AFFINITY: pid 50428 tid 50437 thread 9 bound to OS proc set 22
OMP: Info #250: KMP_AFFINITY: pid 50428 tid 50439 thread 11 bound to OS proc set 26
OMP: Info #250: KMP_AFFINITY: pid 50428 tid 50438 thread 10 bound to OS proc set 24
OMP: Info #250: KMP_AFFINITY: pid 50428 tid 50440 thread 12 bound to OS proc set 28
OMP: Info #250: KMP_AFFINITY: pid 50428 tid 50441 thread 13 bound to OS proc set 30
OMP: Info #250: KMP_AFFINITY: pid 50428 tid 50442 thread 14 bound to OS proc set 32
OMP: Info #250: KMP_AFFINITY: pid 50428 tid 50443 thread 15 bound to OS proc set 34
OMP: Info #250: KMP_AFFINITY: pid 50428 tid 50444 thread 16 bound to OS proc set 0
OMP: Info #250: KMP_AFFINITY: pid 50428 tid 50445 thread 17 bound to OS proc set 2
OMP: Info #250: KMP_AFFINITY: pid 50428 tid 50450 thread 22 bound to OS proc set 12
OMP: Info #250: KMP_AFFINITY: pid 50428 tid 50446 thread 18 bound to OS proc set 4
OMP: Info #250: KMP_AFFINITY: pid 50428 tid 50447 thread 19 bound to OS proc set 6
OMP: Info #250: KMP_AFFINITY: pid 50428 tid 50448 thread 20 bound to OS proc set 8
OMP: Info #250: KMP_AFFINITY: pid 50428 tid 50457 thread 29 bound to OS proc set 30
OMP: Info #250: KMP_AFFINITY: pid 50428 tid 50456 thread 28 bound to OS proc set 28
OMP: Info #250: KMP_AFFINITY: pid 50428 tid 50454 thread 26 bound to OS proc set 24
OMP: Info #250: KMP_AFFINITY: pid 50428 tid 50455 thread 27 bound to OS proc set 26
OMP: Info #250: KMP_AFFINITY: pid 50428 tid 50453 thread 25 bound to OS proc set 22
OMP: Info #250: KMP_AFFINITY: pid 50428 tid 50452 thread 24 bound to OS proc set 20
OMP: Info #250: KMP_AFFINITY: pid 50428 tid 50458 thread 30 bound to OS proc set 32
OMP: Info #250: KMP_AFFINITY: pid 50428 tid 50459 thread 31 bound to OS proc set 34
OMP: Info #250: KMP_AFFINITY: pid 50428 tid 50451 thread 23 bound to OS proc set 18
OMP: Info #250: KMP_AFFINITY: pid 50428 tid 50449 thread 21 bound to OS proc set 10
Elapsed time: 9.33
R: 149.659528, G: 148.049722, B: 139.202555
Parallel version with 16 threads B scatter
OMP: Info #212: KMP_AFFINITY: decoding x2APIC ids.
OMP: Info #210: KMP_AFFINITY: Affinity capable, using global cpuid leaf 11 info
OMP: Info #154: KMP_AFFINITY: Initial OS proc set respected: 0,2,4,6,8,10,12,18,20,22,24,26,28,30,32,34
OMP: Info #156: KMP_AFFINITY: 16 available OS procs
OMP: Info #157: KMP_AFFINITY: Uniform topology
OMP: Info #179: KMP_AFFINITY: 1 packages x 16 cores/pkg x 1 threads/core (16 total cores)
OMP: Info #214: KMP_AFFINITY: OS proc to physical thread map:
OMP: Info #171: KMP_AFFINITY: OS proc 0 maps to package 0 core 0 
OMP: Info #171: KMP_AFFINITY: OS proc 2 maps to package 0 core 1 
OMP: Info #171: KMP_AFFINITY: OS proc 4 maps to package 0 core 2 
OMP: Info #171: KMP_AFFINITY: OS proc 6 maps to package 0 core 3 
OMP: Info #171: KMP_AFFINITY: OS proc 8 maps to package 0 core 4 
OMP: Info #171: KMP_AFFINITY: OS proc 10 maps to package 0 core 8 
OMP: Info #171: KMP_AFFINITY: OS proc 12 maps to package 0 core 9 
OMP: Info #171: KMP_AFFINITY: OS proc 18 maps to package 0 core 16 
OMP: Info #171: KMP_AFFINITY: OS proc 20 maps to package 0 core 17 
OMP: Info #171: KMP_AFFINITY: OS proc 22 maps to package 0 core 18 
OMP: Info #171: KMP_AFFINITY: OS proc 24 maps to package 0 core 19 
OMP: Info #171: KMP_AFFINITY: OS proc 26 maps to package 0 core 20 
OMP: Info #171: KMP_AFFINITY: OS proc 28 maps to package 0 core 24 
OMP: Info #171: KMP_AFFINITY: OS proc 30 maps to package 0 core 25 
OMP: Info #171: KMP_AFFINITY: OS proc 32 maps to package 0 core 26 
OMP: Info #171: KMP_AFFINITY: OS proc 34 maps to package 0 core 27 
OMP: Info #250: KMP_AFFINITY: pid 50460 tid 50460 thread 0 bound to OS proc set 0
OMP: Info #250: KMP_AFFINITY: pid 50460 tid 50461 thread 1 bound to OS proc set 2
OMP: Info #250: KMP_AFFINITY: pid 50460 tid 50462 thread 2 bound to OS proc set 4
OMP: Info #250: KMP_AFFINITY: pid 50460 tid 50463 thread 3 bound to OS proc set 6
OMP: Info #250: KMP_AFFINITY: pid 50460 tid 50464 thread 4 bound to OS proc set 8
OMP: Info #250: KMP_AFFINITY: pid 50460 tid 50465 thread 5 bound to OS proc set 10
OMP: Info #250: KMP_AFFINITY: pid 50460 tid 50466 thread 6 bound to OS proc set 12
OMP: Info #250: KMP_AFFINITY: pid 50460 tid 50467 thread 7 bound to OS proc set 18
OMP: Info #250: KMP_AFFINITY: pid 50460 tid 50469 thread 9 bound to OS proc set 22
OMP: Info #250: KMP_AFFINITY: pid 50460 tid 50468 thread 8 bound to OS proc set 20
OMP: Info #250: KMP_AFFINITY: pid 50460 tid 50471 thread 11 bound to OS proc set 26
OMP: Info #250: KMP_AFFINITY: pid 50460 tid 50472 thread 12 bound to OS proc set 28
OMP: Info #250: KMP_AFFINITY: pid 50460 tid 50470 thread 10 bound to OS proc set 24
OMP: Info #250: KMP_AFFINITY: pid 50460 tid 50473 thread 13 bound to OS proc set 30
OMP: Info #250: KMP_AFFINITY: pid 50460 tid 50474 thread 14 bound to OS proc set 32
OMP: Info #250: KMP_AFFINITY: pid 50460 tid 50475 thread 15 bound to OS proc set 34
Elapsed time: 8.81
R: 149.659528, G: 148.049722, B: 139.202555
Cilek
Serial version...
Elapsed time: 28.13
R: 151.594597, G: 49.390452, B: 71.300356
Parallel version with 1 threads A
OMP: Info #212: KMP_AFFINITY: decoding x2APIC ids.
OMP: Info #210: KMP_AFFINITY: Affinity capable, using global cpuid leaf 11 info
OMP: Info #154: KMP_AFFINITY: Initial OS proc set respected: 0,2,4,6,8,10,12,18,20,22,24,26,28,30,32,34
OMP: Info #156: KMP_AFFINITY: 16 available OS procs
OMP: Info #157: KMP_AFFINITY: Uniform topology
OMP: Info #179: KMP_AFFINITY: 1 packages x 16 cores/pkg x 1 threads/core (16 total cores)
OMP: Info #214: KMP_AFFINITY: OS proc to physical thread map:
OMP: Info #171: KMP_AFFINITY: OS proc 0 maps to package 0 core 0 
OMP: Info #171: KMP_AFFINITY: OS proc 2 maps to package 0 core 1 
OMP: Info #171: KMP_AFFINITY: OS proc 4 maps to package 0 core 2 
OMP: Info #171: KMP_AFFINITY: OS proc 6 maps to package 0 core 3 
OMP: Info #171: KMP_AFFINITY: OS proc 8 maps to package 0 core 4 
OMP: Info #171: KMP_AFFINITY: OS proc 10 maps to package 0 core 8 
OMP: Info #171: KMP_AFFINITY: OS proc 12 maps to package 0 core 9 
OMP: Info #171: KMP_AFFINITY: OS proc 18 maps to package 0 core 16 
OMP: Info #171: KMP_AFFINITY: OS proc 20 maps to package 0 core 17 
OMP: Info #171: KMP_AFFINITY: OS proc 22 maps to package 0 core 18 
OMP: Info #171: KMP_AFFINITY: OS proc 24 maps to package 0 core 19 
OMP: Info #171: KMP_AFFINITY: OS proc 26 maps to package 0 core 20 
OMP: Info #171: KMP_AFFINITY: OS proc 28 maps to package 0 core 24 
OMP: Info #171: KMP_AFFINITY: OS proc 30 maps to package 0 core 25 
OMP: Info #171: KMP_AFFINITY: OS proc 32 maps to package 0 core 26 
OMP: Info #171: KMP_AFFINITY: OS proc 34 maps to package 0 core 27 
OMP: Info #250: KMP_AFFINITY: pid 50483 tid 50483 thread 0 bound to OS proc set 0
Elapsed time: 72.17
R: 151.594597, G: 49.390452, B: 71.300356
Parallel version with 2 threads A
OMP: Info #212: KMP_AFFINITY: decoding x2APIC ids.
OMP: Info #210: KMP_AFFINITY: Affinity capable, using global cpuid leaf 11 info
OMP: Info #154: KMP_AFFINITY: Initial OS proc set respected: 0,2,4,6,8,10,12,18,20,22,24,26,28,30,32,34
OMP: Info #156: KMP_AFFINITY: 16 available OS procs
OMP: Info #157: KMP_AFFINITY: Uniform topology
OMP: Info #179: KMP_AFFINITY: 1 packages x 16 cores/pkg x 1 threads/core (16 total cores)
OMP: Info #214: KMP_AFFINITY: OS proc to physical thread map:
OMP: Info #171: KMP_AFFINITY: OS proc 0 maps to package 0 core 0 
OMP: Info #171: KMP_AFFINITY: OS proc 2 maps to package 0 core 1 
OMP: Info #171: KMP_AFFINITY: OS proc 4 maps to package 0 core 2 
OMP: Info #171: KMP_AFFINITY: OS proc 6 maps to package 0 core 3 
OMP: Info #171: KMP_AFFINITY: OS proc 8 maps to package 0 core 4 
OMP: Info #171: KMP_AFFINITY: OS proc 10 maps to package 0 core 8 
OMP: Info #171: KMP_AFFINITY: OS proc 12 maps to package 0 core 9 
OMP: Info #171: KMP_AFFINITY: OS proc 18 maps to package 0 core 16 
OMP: Info #171: KMP_AFFINITY: OS proc 20 maps to package 0 core 17 
OMP: Info #171: KMP_AFFINITY: OS proc 22 maps to package 0 core 18 
OMP: Info #171: KMP_AFFINITY: OS proc 24 maps to package 0 core 19 
OMP: Info #171: KMP_AFFINITY: OS proc 26 maps to package 0 core 20 
OMP: Info #171: KMP_AFFINITY: OS proc 28 maps to package 0 core 24 
OMP: Info #171: KMP_AFFINITY: OS proc 30 maps to package 0 core 25 
OMP: Info #171: KMP_AFFINITY: OS proc 32 maps to package 0 core 26 
OMP: Info #171: KMP_AFFINITY: OS proc 34 maps to package 0 core 27 
OMP: Info #250: KMP_AFFINITY: pid 50485 tid 50485 thread 0 bound to OS proc set 0
OMP: Info #250: KMP_AFFINITY: pid 50485 tid 50486 thread 1 bound to OS proc set 2
Elapsed time: 50.26
R: 151.594597, G: 49.390452, B: 71.300356
Parallel version with 4 threads A
OMP: Info #212: KMP_AFFINITY: decoding x2APIC ids.
OMP: Info #210: KMP_AFFINITY: Affinity capable, using global cpuid leaf 11 info
OMP: Info #154: KMP_AFFINITY: Initial OS proc set respected: 0,2,4,6,8,10,12,18,20,22,24,26,28,30,32,34
OMP: Info #156: KMP_AFFINITY: 16 available OS procs
OMP: Info #157: KMP_AFFINITY: Uniform topology
OMP: Info #179: KMP_AFFINITY: 1 packages x 16 cores/pkg x 1 threads/core (16 total cores)
OMP: Info #214: KMP_AFFINITY: OS proc to physical thread map:
OMP: Info #171: KMP_AFFINITY: OS proc 0 maps to package 0 core 0 
OMP: Info #171: KMP_AFFINITY: OS proc 2 maps to package 0 core 1 
OMP: Info #171: KMP_AFFINITY: OS proc 4 maps to package 0 core 2 
OMP: Info #171: KMP_AFFINITY: OS proc 6 maps to package 0 core 3 
OMP: Info #171: KMP_AFFINITY: OS proc 8 maps to package 0 core 4 
OMP: Info #171: KMP_AFFINITY: OS proc 10 maps to package 0 core 8 
OMP: Info #171: KMP_AFFINITY: OS proc 12 maps to package 0 core 9 
OMP: Info #171: KMP_AFFINITY: OS proc 18 maps to package 0 core 16 
OMP: Info #171: KMP_AFFINITY: OS proc 20 maps to package 0 core 17 
OMP: Info #171: KMP_AFFINITY: OS proc 22 maps to package 0 core 18 
OMP: Info #171: KMP_AFFINITY: OS proc 24 maps to package 0 core 19 
OMP: Info #171: KMP_AFFINITY: OS proc 26 maps to package 0 core 20 
OMP: Info #171: KMP_AFFINITY: OS proc 28 maps to package 0 core 24 
OMP: Info #171: KMP_AFFINITY: OS proc 30 maps to package 0 core 25 
OMP: Info #171: KMP_AFFINITY: OS proc 32 maps to package 0 core 26 
OMP: Info #171: KMP_AFFINITY: OS proc 34 maps to package 0 core 27 
OMP: Info #250: KMP_AFFINITY: pid 50487 tid 50487 thread 0 bound to OS proc set 0
OMP: Info #250: KMP_AFFINITY: pid 50487 tid 50488 thread 1 bound to OS proc set 2
OMP: Info #250: KMP_AFFINITY: pid 50487 tid 50489 thread 2 bound to OS proc set 4
OMP: Info #250: KMP_AFFINITY: pid 50487 tid 50490 thread 3 bound to OS proc set 6
Elapsed time: 30.10
R: 151.594597, G: 49.390452, B: 71.300356
Parallel version with 8 threads A
OMP: Info #212: KMP_AFFINITY: decoding x2APIC ids.
OMP: Info #210: KMP_AFFINITY: Affinity capable, using global cpuid leaf 11 info
OMP: Info #154: KMP_AFFINITY: Initial OS proc set respected: 0,2,4,6,8,10,12,18,20,22,24,26,28,30,32,34
OMP: Info #156: KMP_AFFINITY: 16 available OS procs
OMP: Info #157: KMP_AFFINITY: Uniform topology
OMP: Info #179: KMP_AFFINITY: 1 packages x 16 cores/pkg x 1 threads/core (16 total cores)
OMP: Info #214: KMP_AFFINITY: OS proc to physical thread map:
OMP: Info #171: KMP_AFFINITY: OS proc 0 maps to package 0 core 0 
OMP: Info #171: KMP_AFFINITY: OS proc 2 maps to package 0 core 1 
OMP: Info #171: KMP_AFFINITY: OS proc 4 maps to package 0 core 2 
OMP: Info #171: KMP_AFFINITY: OS proc 6 maps to package 0 core 3 
OMP: Info #171: KMP_AFFINITY: OS proc 8 maps to package 0 core 4 
OMP: Info #171: KMP_AFFINITY: OS proc 10 maps to package 0 core 8 
OMP: Info #171: KMP_AFFINITY: OS proc 12 maps to package 0 core 9 
OMP: Info #171: KMP_AFFINITY: OS proc 18 maps to package 0 core 16 
OMP: Info #171: KMP_AFFINITY: OS proc 20 maps to package 0 core 17 
OMP: Info #171: KMP_AFFINITY: OS proc 22 maps to package 0 core 18 
OMP: Info #171: KMP_AFFINITY: OS proc 24 maps to package 0 core 19 
OMP: Info #171: KMP_AFFINITY: OS proc 26 maps to package 0 core 20 
OMP: Info #171: KMP_AFFINITY: OS proc 28 maps to package 0 core 24 
OMP: Info #171: KMP_AFFINITY: OS proc 30 maps to package 0 core 25 
OMP: Info #171: KMP_AFFINITY: OS proc 32 maps to package 0 core 26 
OMP: Info #171: KMP_AFFINITY: OS proc 34 maps to package 0 core 27 
OMP: Info #250: KMP_AFFINITY: pid 50491 tid 50491 thread 0 bound to OS proc set 0
OMP: Info #250: KMP_AFFINITY: pid 50491 tid 50492 thread 1 bound to OS proc set 2
OMP: Info #250: KMP_AFFINITY: pid 50491 tid 50493 thread 2 bound to OS proc set 4
OMP: Info #250: KMP_AFFINITY: pid 50491 tid 50494 thread 3 bound to OS proc set 6
OMP: Info #250: KMP_AFFINITY: pid 50491 tid 50495 thread 4 bound to OS proc set 8
OMP: Info #250: KMP_AFFINITY: pid 50491 tid 50496 thread 5 bound to OS proc set 10
OMP: Info #250: KMP_AFFINITY: pid 50491 tid 50498 thread 7 bound to OS proc set 18
OMP: Info #250: KMP_AFFINITY: pid 50491 tid 50497 thread 6 bound to OS proc set 12
Elapsed time: 20.66
R: 151.594597, G: 49.390452, B: 71.300356
Parallel version with 16 threads A B
OMP: Info #212: KMP_AFFINITY: decoding x2APIC ids.
OMP: Info #210: KMP_AFFINITY: Affinity capable, using global cpuid leaf 11 info
OMP: Info #154: KMP_AFFINITY: Initial OS proc set respected: 0,2,4,6,8,10,12,18,20,22,24,26,28,30,32,34
OMP: Info #156: KMP_AFFINITY: 16 available OS procs
OMP: Info #157: KMP_AFFINITY: Uniform topology
OMP: Info #179: KMP_AFFINITY: 1 packages x 16 cores/pkg x 1 threads/core (16 total cores)
OMP: Info #214: KMP_AFFINITY: OS proc to physical thread map:
OMP: Info #171: KMP_AFFINITY: OS proc 0 maps to package 0 core 0 
OMP: Info #171: KMP_AFFINITY: OS proc 2 maps to package 0 core 1 
OMP: Info #171: KMP_AFFINITY: OS proc 4 maps to package 0 core 2 
OMP: Info #171: KMP_AFFINITY: OS proc 6 maps to package 0 core 3 
OMP: Info #171: KMP_AFFINITY: OS proc 8 maps to package 0 core 4 
OMP: Info #171: KMP_AFFINITY: OS proc 10 maps to package 0 core 8 
OMP: Info #171: KMP_AFFINITY: OS proc 12 maps to package 0 core 9 
OMP: Info #171: KMP_AFFINITY: OS proc 18 maps to package 0 core 16 
OMP: Info #171: KMP_AFFINITY: OS proc 20 maps to package 0 core 17 
OMP: Info #171: KMP_AFFINITY: OS proc 22 maps to package 0 core 18 
OMP: Info #171: KMP_AFFINITY: OS proc 24 maps to package 0 core 19 
OMP: Info #171: KMP_AFFINITY: OS proc 26 maps to package 0 core 20 
OMP: Info #171: KMP_AFFINITY: OS proc 28 maps to package 0 core 24 
OMP: Info #171: KMP_AFFINITY: OS proc 30 maps to package 0 core 25 
OMP: Info #171: KMP_AFFINITY: OS proc 32 maps to package 0 core 26 
OMP: Info #171: KMP_AFFINITY: OS proc 34 maps to package 0 core 27 
OMP: Info #250: KMP_AFFINITY: pid 50499 tid 50499 thread 0 bound to OS proc set 0
OMP: Info #250: KMP_AFFINITY: pid 50499 tid 50500 thread 1 bound to OS proc set 2
OMP: Info #250: KMP_AFFINITY: pid 50499 tid 50501 thread 2 bound to OS proc set 4
OMP: Info #250: KMP_AFFINITY: pid 50499 tid 50502 thread 3 bound to OS proc set 6
OMP: Info #250: KMP_AFFINITY: pid 50499 tid 50503 thread 4 bound to OS proc set 8
OMP: Info #250: KMP_AFFINITY: pid 50499 tid 50504 thread 5 bound to OS proc set 10
OMP: Info #250: KMP_AFFINITY: pid 50499 tid 50505 thread 6 bound to OS proc set 12
OMP: Info #250: KMP_AFFINITY: pid 50499 tid 50506 thread 7 bound to OS proc set 18
OMP: Info #250: KMP_AFFINITY: pid 50499 tid 50507 thread 8 bound to OS proc set 20
OMP: Info #250: KMP_AFFINITY: pid 50499 tid 50511 thread 12 bound to OS proc set 28
OMP: Info #250: KMP_AFFINITY: pid 50499 tid 50508 thread 9 bound to OS proc set 22
OMP: Info #250: KMP_AFFINITY: pid 50499 tid 50512 thread 13 bound to OS proc set 30
OMP: Info #250: KMP_AFFINITY: pid 50499 tid 50510 thread 11 bound to OS proc set 26
OMP: Info #250: KMP_AFFINITY: pid 50499 tid 50509 thread 10 bound to OS proc set 24
OMP: Info #250: KMP_AFFINITY: pid 50499 tid 50513 thread 14 bound to OS proc set 32
OMP: Info #250: KMP_AFFINITY: pid 50499 tid 50514 thread 15 bound to OS proc set 34
Elapsed time: 15.91
R: 151.594597, G: 49.390452, B: 71.300356
Parallel version with 32 threads A
OMP: Info #212: KMP_AFFINITY: decoding x2APIC ids.
OMP: Info #210: KMP_AFFINITY: Affinity capable, using global cpuid leaf 11 info
OMP: Info #154: KMP_AFFINITY: Initial OS proc set respected: 0,2,4,6,8,10,12,18,20,22,24,26,28,30,32,34
OMP: Info #156: KMP_AFFINITY: 16 available OS procs
OMP: Info #157: KMP_AFFINITY: Uniform topology
OMP: Info #179: KMP_AFFINITY: 1 packages x 16 cores/pkg x 1 threads/core (16 total cores)
OMP: Info #214: KMP_AFFINITY: OS proc to physical thread map:
OMP: Info #171: KMP_AFFINITY: OS proc 0 maps to package 0 core 0 
OMP: Info #171: KMP_AFFINITY: OS proc 2 maps to package 0 core 1 
OMP: Info #171: KMP_AFFINITY: OS proc 4 maps to package 0 core 2 
OMP: Info #171: KMP_AFFINITY: OS proc 6 maps to package 0 core 3 
OMP: Info #171: KMP_AFFINITY: OS proc 8 maps to package 0 core 4 
OMP: Info #171: KMP_AFFINITY: OS proc 10 maps to package 0 core 8 
OMP: Info #171: KMP_AFFINITY: OS proc 12 maps to package 0 core 9 
OMP: Info #171: KMP_AFFINITY: OS proc 18 maps to package 0 core 16 
OMP: Info #171: KMP_AFFINITY: OS proc 20 maps to package 0 core 17 
OMP: Info #171: KMP_AFFINITY: OS proc 22 maps to package 0 core 18 
OMP: Info #171: KMP_AFFINITY: OS proc 24 maps to package 0 core 19 
OMP: Info #171: KMP_AFFINITY: OS proc 26 maps to package 0 core 20 
OMP: Info #171: KMP_AFFINITY: OS proc 28 maps to package 0 core 24 
OMP: Info #171: KMP_AFFINITY: OS proc 30 maps to package 0 core 25 
OMP: Info #171: KMP_AFFINITY: OS proc 32 maps to package 0 core 26 
OMP: Info #171: KMP_AFFINITY: OS proc 34 maps to package 0 core 27 
OMP: Info #250: KMP_AFFINITY: pid 50520 tid 50520 thread 0 bound to OS proc set 0
OMP: Info #250: KMP_AFFINITY: pid 50520 tid 50521 thread 1 bound to OS proc set 2
OMP: Info #250: KMP_AFFINITY: pid 50520 tid 50522 thread 2 bound to OS proc set 4
OMP: Info #250: KMP_AFFINITY: pid 50520 tid 50523 thread 3 bound to OS proc set 6
OMP: Info #250: KMP_AFFINITY: pid 50520 tid 50524 thread 4 bound to OS proc set 8
OMP: Info #250: KMP_AFFINITY: pid 50520 tid 50526 thread 6 bound to OS proc set 12
OMP: Info #250: KMP_AFFINITY: pid 50520 tid 50525 thread 5 bound to OS proc set 10
OMP: Info #250: KMP_AFFINITY: pid 50520 tid 50527 thread 7 bound to OS proc set 18
OMP: Info #250: KMP_AFFINITY: pid 50520 tid 50529 thread 9 bound to OS proc set 22
OMP: Info #250: KMP_AFFINITY: pid 50520 tid 50528 thread 8 bound to OS proc set 20
OMP: Info #250: KMP_AFFINITY: pid 50520 tid 50531 thread 11 bound to OS proc set 26
OMP: Info #250: KMP_AFFINITY: pid 50520 tid 50530 thread 10 bound to OS proc set 24
OMP: Info #250: KMP_AFFINITY: pid 50520 tid 50532 thread 12 bound to OS proc set 28
OMP: Info #250: KMP_AFFINITY: pid 50520 tid 50533 thread 13 bound to OS proc set 30
OMP: Info #250: KMP_AFFINITY: pid 50520 tid 50534 thread 14 bound to OS proc set 32
OMP: Info #250: KMP_AFFINITY: pid 50520 tid 50535 thread 15 bound to OS proc set 34
OMP: Info #250: KMP_AFFINITY: pid 50520 tid 50536 thread 16 bound to OS proc set 0
OMP: Info #250: KMP_AFFINITY: pid 50520 tid 50537 thread 17 bound to OS proc set 2
OMP: Info #250: KMP_AFFINITY: pid 50520 tid 50538 thread 18 bound to OS proc set 4
OMP: Info #250: KMP_AFFINITY: pid 50520 tid 50539 thread 19 bound to OS proc set 6
OMP: Info #250: KMP_AFFINITY: pid 50520 tid 50541 thread 21 bound to OS proc set 10
OMP: Info #250: KMP_AFFINITY: pid 50520 tid 50540 thread 20 bound to OS proc set 8
OMP: Info #250: KMP_AFFINITY: pid 50520 tid 50550 thread 30 bound to OS proc set 32
OMP: Info #250: KMP_AFFINITY: pid 50520 tid 50551 thread 31 bound to OS proc set 34
OMP: Info #250: KMP_AFFINITY: pid 50520 tid 50548 thread 28 bound to OS proc set 28
OMP: Info #250: KMP_AFFINITY: pid 50520 tid 50545 thread 25 bound to OS proc set 22
OMP: Info #250: KMP_AFFINITY: pid 50520 tid 50549 thread 29 bound to OS proc set 30
OMP: Info #250: KMP_AFFINITY: pid 50520 tid 50544 thread 24 bound to OS proc set 20
OMP: Info #250: KMP_AFFINITY: pid 50520 tid 50546 thread 26 bound to OS proc set 24
OMP: Info #250: KMP_AFFINITY: pid 50520 tid 50547 thread 27 bound to OS proc set 26
OMP: Info #250: KMP_AFFINITY: pid 50520 tid 50543 thread 23 bound to OS proc set 18
OMP: Info #250: KMP_AFFINITY: pid 50520 tid 50542 thread 22 bound to OS proc set 12
Elapsed time: 16.13
R: 151.594597, G: 49.390452, B: 71.300356
Parallel version with 16 threads B scatter
OMP: Info #212: KMP_AFFINITY: decoding x2APIC ids.
OMP: Info #210: KMP_AFFINITY: Affinity capable, using global cpuid leaf 11 info
OMP: Info #154: KMP_AFFINITY: Initial OS proc set respected: 0,2,4,6,8,10,12,18,20,22,24,26,28,30,32,34
OMP: Info #156: KMP_AFFINITY: 16 available OS procs
OMP: Info #157: KMP_AFFINITY: Uniform topology
OMP: Info #179: KMP_AFFINITY: 1 packages x 16 cores/pkg x 1 threads/core (16 total cores)
OMP: Info #214: KMP_AFFINITY: OS proc to physical thread map:
OMP: Info #171: KMP_AFFINITY: OS proc 0 maps to package 0 core 0 
OMP: Info #171: KMP_AFFINITY: OS proc 2 maps to package 0 core 1 
OMP: Info #171: KMP_AFFINITY: OS proc 4 maps to package 0 core 2 
OMP: Info #171: KMP_AFFINITY: OS proc 6 maps to package 0 core 3 
OMP: Info #171: KMP_AFFINITY: OS proc 8 maps to package 0 core 4 
OMP: Info #171: KMP_AFFINITY: OS proc 10 maps to package 0 core 8 
OMP: Info #171: KMP_AFFINITY: OS proc 12 maps to package 0 core 9 
OMP: Info #171: KMP_AFFINITY: OS proc 18 maps to package 0 core 16 
OMP: Info #171: KMP_AFFINITY: OS proc 20 maps to package 0 core 17 
OMP: Info #171: KMP_AFFINITY: OS proc 22 maps to package 0 core 18 
OMP: Info #171: KMP_AFFINITY: OS proc 24 maps to package 0 core 19 
OMP: Info #171: KMP_AFFINITY: OS proc 26 maps to package 0 core 20 
OMP: Info #171: KMP_AFFINITY: OS proc 28 maps to package 0 core 24 
OMP: Info #171: KMP_AFFINITY: OS proc 30 maps to package 0 core 25 
OMP: Info #171: KMP_AFFINITY: OS proc 32 maps to package 0 core 26 
OMP: Info #171: KMP_AFFINITY: OS proc 34 maps to package 0 core 27 
OMP: Info #250: KMP_AFFINITY: pid 50552 tid 50552 thread 0 bound to OS proc set 0
OMP: Info #250: KMP_AFFINITY: pid 50552 tid 50553 thread 1 bound to OS proc set 2
OMP: Info #250: KMP_AFFINITY: pid 50552 tid 50554 thread 2 bound to OS proc set 4
OMP: Info #250: KMP_AFFINITY: pid 50552 tid 50555 thread 3 bound to OS proc set 6
OMP: Info #250: KMP_AFFINITY: pid 50552 tid 50556 thread 4 bound to OS proc set 8
OMP: Info #250: KMP_AFFINITY: pid 50552 tid 50557 thread 5 bound to OS proc set 10
OMP: Info #250: KMP_AFFINITY: pid 50552 tid 50558 thread 6 bound to OS proc set 12
OMP: Info #250: KMP_AFFINITY: pid 50552 tid 50559 thread 7 bound to OS proc set 18
OMP: Info #250: KMP_AFFINITY: pid 50552 tid 50560 thread 8 bound to OS proc set 20
OMP: Info #250: KMP_AFFINITY: pid 50552 tid 50564 thread 12 bound to OS proc set 28
OMP: Info #250: KMP_AFFINITY: pid 50552 tid 50563 thread 11 bound to OS proc set 26
OMP: Info #250: KMP_AFFINITY: pid 50552 tid 50561 thread 9 bound to OS proc set 22
OMP: Info #250: KMP_AFFINITY: pid 50552 tid 50562 thread 10 bound to OS proc set 24
OMP: Info #250: KMP_AFFINITY: pid 50552 tid 50565 thread 13 bound to OS proc set 30
OMP: Info #250: KMP_AFFINITY: pid 50552 tid 50566 thread 14 bound to OS proc set 32
OMP: Info #250: KMP_AFFINITY: pid 50552 tid 50567 thread 15 bound to OS proc set 34
Elapsed time: 16.22
R: 151.594597, G: 49.390452, B: 71.300356
