slurmstepd: error: task/cgroup: unable to add task[pid=101788] to memory cg '(null)'
Loading openmpi module ...
Loading GCC module ...

======================================================================================
Setting stack size to unlimited...
core file size          (blocks, -c) 0
data seg size           (kbytes, -d) unlimited
scheduling priority             (-e) 0
file size               (blocks, -f) unlimited
pending signals                 (-i) 2062728
max locked memory       (kbytes, -l) unlimited
max memory size         (kbytes, -m) 229376000
open files                      (-n) 1024
pipe size            (512 bytes, -p) 8
POSIX message queues     (bytes, -q) 819200
real-time priority              (-r) 0
stack size              (kbytes, -s) unlimited
cpu time               (seconds, -t) unlimited
max user processes              (-u) 4096
virtual memory          (kbytes, -v) unlimited
file locks                      (-x) unlimited

Serial version ...
Grid Size       : 400
Duration of Sim : 100
Time step dt    : 0.0515744
Process geometry: 1 x 1

Number of Iterations        : 1939
Elapsed Time (sec)          : 1.2463
Sustained Gflops Rate       : 6.97
Sustained Bandwidth (GB/sec): 7.96572

Max: 0.991272 L2norm: 0.592597
1 MPI
Grid Size       : 1024
Duration of Sim : 100
Time step dt    : 0.0515744
Process geometry: 1 x 1

Number of Iterations        : 1939
Elapsed Time (sec)          : 11.8945
Sustained Gflops Rate       : 4.78618
Sustained Bandwidth (GB/sec): 5.46992

Max: 0.992891 L2norm: 0.288324
2 MPI
Grid Size       : 1024
Duration of Sim : 100
Time step dt    : 0.0515744
Process geometry: 2 x 1

Number of Iterations        : 1939
Elapsed Time (sec)          : 6.81658
Sustained Gflops Rate       : 8.35159
Sustained Bandwidth (GB/sec): 9.54467

Max: 0.992891 L2norm: 0.288324
4 MPI
Grid Size       : 1024
Duration of Sim : 100
Time step dt    : 0.0515744
Process geometry: 2 x 2

Number of Iterations        : 1939
Elapsed Time (sec)          : 3.55775
Sustained Gflops Rate       : 16.0015
Sustained Bandwidth (GB/sec): 18.2874

Max: 0.992891 L2norm: 0.288324
8 MPI
Grid Size       : 1024
Duration of Sim : 100
Time step dt    : 0.0515744
Process geometry: 2 x 4

[ke08:101917] *** Process received signal ***
[ke08:101918] *** Process received signal ***
[ke08:101918] Signal: Segmentation fault (11)
[ke08:101918] Signal code: Address not mapped (1)
[ke08:101918] Failing at address: 0xfffffffffffffffa
[ke08:101918] [ 0] /usr/lib64/libpthread.so.0(+0xf5e0)[0x2b2aa63d85e0]
[ke08:101918] [ 1] /usr/lib64/libc.so.6(cfree+0x1c)[0x2b2aa66654dc]
[ke08:101918] [ 2] ./cardiacsim[0x401c97]
[ke08:101918] [ 3] /usr/lib64/libc.so.6(__libc_start_main+0xf5)[0x2b2aa6606c05]
[ke08:101918] [ke08:101917] Signal: Segmentation fault (11)
[ke08:101917] Signal code: Address not mapped (1)
[ke08:101917] Failing at address: 0xfffffffffffffffa
[ke08:101917] [ 0] /usr/lib64/libpthread.so.0(+0xf5e0)[0x2ad8f3b8d5e0]
[ke08:101917] [ 1] /usr/lib64/libc.so.6(cfree+0x1c)[0x2ad8f3e1a4dc]
[ke08:101917] [ 2] ./cardiacsim[0x401c97]
[ke08:101917] [ 3] /usr/lib64/libc.so.6(__libc_start_main+0xf5)[0x2ad8f3dbbc05]
[ke08:101917] [ 4] ./cardiacsim[0x40257f]
[ke08:101917] *** End of error message ***
[ 4] ./cardiacsim[0x40257f]
[ke08:101918] *** End of error message ***
Number of Iterations        : 1939
Elapsed Time (sec)          : 1.76622
Sustained Gflops Rate       : 32.2323
Sustained Bandwidth (GB/sec): 36.8369

Max: 0.992891 L2norm: 0.288324
-------------------------------------------------------
Primary job  terminated normally, but 1 process returned
a non-zero exit code. Per user-direction, the job has been aborted.
-------------------------------------------------------
--------------------------------------------------------------------------
mpirun noticed that process rank 1 with PID 101917 on node ke08 exited on signal 11 (Segmentation fault).
--------------------------------------------------------------------------
16 MPI
Grid Size       : 1024
Duration of Sim : 100
Time step dt    : 0.0515744
Process geometry: 4 x 4

[ke08:102024] *** Process received signal ***
[ke08:102024] Signal: Segmentation fault (11)
[ke08:102024] Signal code: Address not mapped (1)
[ke08:102024] Failing at address: 0xfffffffffffffffa
[ke08:102024] [ 0] /usr/lib64/libpthread.so.0(+0xf5e0)[0x2b817579d5e0]
[ke08:102024] [ 1] /usr/lib64/libc.so.6(cfree+0x1c)[0x2b8175a2a4dc]
[ke08:102024] [ 2] ./cardiacsim[0x401c97]
[ke08:102024] [ 3] /usr/lib64/libc.so.6(__libc_start_main+0xf5)[0x2b81759cbc05]
[ke08:102024] [ 4] ./cardiacsim[0x40257f]
[ke08:102024] *** End of error message ***
[ke08:102028] *** Process received signal ***
[ke08:102028] Signal: Segmentation fault (11)
[ke08:102028] Signal code: Address not mapped (1)
[ke08:102028] Failing at address: 0xfffffffffffffffa
[ke08:102028] [ 0] /usr/lib64/libpthread.so.0(+0xf5e0)[0x2b9458ca35e0]
[ke08:102028] [ 1] [ke08:102031] *** Process received signal ***
[ke08:102031] Signal: Segmentation fault (11)
[ke08:102031] Signal code: Address not mapped (1)
[ke08:102031] Failing at address: 0xfffffffffffffffa
[ke08:102031] [ 0] /usr/lib64/libpthread.so.0(+0xf5e0)[0x2ab007f755e0]
[ke08:102031] [ 1] /usr/lib64/libc.so.6(cfree+0x1c)[0x2ab0082024dc]
[ke08:102031] [ 2] ./cardiacsim[0x401c97]
[ke08:102031] [ 3] /usr/lib64/libc.so.6(__libc_start_main+0xf5)[0x2ab0081a3c05]
[ke08:102031] [ 4] ./cardiacsim[0x40257f]
[ke08:102031] *** End of error message ***
/usr/lib64/libc.so.6(cfree+0x1c)[0x2b9458f304dc]
[ke08:102028] [ 2] ./cardiacsim[0x401c97]
[ke08:102028] [ 3] /usr/lib64/libc.so.6(__libc_start_main+0xf5)[0x2b9458ed1c05]
[ke08:102028] [ 4] ./cardiacsim[0x40257f]
[ke08:102028] *** End of error message ***
Number of Iterations        : 1939
Elapsed Time (sec)          : 1.22713
Sustained Gflops Rate       : 46.3921
Sustained Bandwidth (GB/sec): 53.0196

Max: 0.992891 L2norm: 0.288324
-------------------------------------------------------
Primary job  terminated normally, but 1 process returned
a non-zero exit code. Per user-direction, the job has been aborted.
-------------------------------------------------------
--------------------------------------------------------------------------
mpirun noticed that process rank 7 with PID 102024 on node ke08 exited on signal 11 (Segmentation fault).
--------------------------------------------------------------------------
32 MPI
--------------------------------------------------------------------------
There are not enough slots available in the system to satisfy the 32 slots
that were requested by the application:
  ./cardiacsim

Either request fewer slots for your application, or make more slots available
for use.
--------------------------------------------------------------------------
1 MPI + 32 OpenMP
2 MPI + 16 OpenMP
Finished with execution!
