Loading openmpi module ...
Loading GCC module ...

======================================================================================
======================================================================================

Setting stack size to unlimited...
core file size          (blocks, -c) 0
data seg size           (kbytes, -d) unlimited
scheduling priority             (-e) 0
file size               (blocks, -f) unlimited
pending signals                 (-i) 1030562
max locked memory       (kbytes, -l) unlimited
max memory size         (kbytes, -m) 16384000
open files                      (-n) 1024
pipe size            (512 bytes, -p) 8
POSIX message queues     (bytes, -q) 819200
real-time priority              (-r) 0
stack size              (kbytes, -s) unlimited
cpu time               (seconds, -t) unlimited
max user processes              (-u) 4096
virtual memory          (kbytes, -v) unlimited
file locks                      (-x) unlimited

Serial version ...
--------------------------------------------------------------------------
The library attempted to open the following supporting CUDA libraries,
but each of them failed.  CUDA-aware support is disabled.
libcuda.so.1: cannot open shared object file: No such file or directory
libcuda.dylib: cannot open shared object file: No such file or directory
/usr/lib64/libcuda.so.1: cannot open shared object file: No such file or directory
/usr/lib64/libcuda.dylib: cannot open shared object file: No such file or directory
If you are not interested in CUDA-aware support, then run with
--mca mpi_cuda_support 0 to suppress this message.  If you are interested
in CUDA-aware support, then try setting LD_LIBRARY_PATH to the location
of libcuda.so.1 to get passed this issue.
--------------------------------------------------------------------------
Grid Size       : 1024
Duration of Sim : 100
Time step dt    : 0.0515744
Process geometry: 1 x 1

Number of Iterations        : 1939
Elapsed Time (sec)          : 9.54104
Sustained Gflops Rate       : 5.96678
Sustained Bandwidth (GB/sec): 6.81918

Max: 0.992891 L2norm: 0.288324
1 MPI
--------------------------------------------------------------------------
The library attempted to open the following supporting CUDA libraries,
but each of them failed.  CUDA-aware support is disabled.
libcuda.so.1: cannot open shared object file: No such file or directory
libcuda.dylib: cannot open shared object file: No such file or directory
/usr/lib64/libcuda.so.1: cannot open shared object file: No such file or directory
/usr/lib64/libcuda.dylib: cannot open shared object file: No such file or directory
If you are not interested in CUDA-aware support, then run with
--mca mpi_cuda_support 0 to suppress this message.  If you are interested
in CUDA-aware support, then try setting LD_LIBRARY_PATH to the location
of libcuda.so.1 to get passed this issue.
--------------------------------------------------------------------------
Grid Size       : 1024
Duration of Sim : 100
Time step dt    : 0.0515744
Process geometry: 1 x 1

Number of Iterations        : 1939
Elapsed Time (sec)          : 9.6046
Sustained Gflops Rate       : 5.92729
Sustained Bandwidth (GB/sec): 6.77405

Max: 0.992891 L2norm: 0.288324
2 MPI 2 1
--------------------------------------------------------------------------
The library attempted to open the following supporting CUDA libraries,
but each of them failed.  CUDA-aware support is disabled.
libcuda.so.1: cannot open shared object file: No such file or directory
libcuda.dylib: cannot open shared object file: No such file or directory
/usr/lib64/libcuda.so.1: cannot open shared object file: No such file or directory
/usr/lib64/libcuda.dylib: cannot open shared object file: No such file or directory
If you are not interested in CUDA-aware support, then run with
--mca mpi_cuda_support 0 to suppress this message.  If you are interested
in CUDA-aware support, then try setting LD_LIBRARY_PATH to the location
of libcuda.so.1 to get passed this issue.
--------------------------------------------------------------------------
Grid Size       : 1024
Duration of Sim : 100
Time step dt    : 0.0515744
Process geometry: 2 x 1

[buyukliman.kuacc.ku.edu.tr:50980] 1 more process has sent help message help-mpi-common-cuda.txt / dlopen failed
[buyukliman.kuacc.ku.edu.tr:50980] Set MCA parameter "orte_base_help_aggregate" to 0 to see all help / error messages
Number of Iterations        : 1939
Elapsed Time (sec)          : 5.84459
Sustained Gflops Rate       : 9.7405
Sustained Bandwidth (GB/sec): 11.132

Max: 0.992891 L2norm: 0.288324
2 MPI 1 2
--------------------------------------------------------------------------
The library attempted to open the following supporting CUDA libraries,
but each of them failed.  CUDA-aware support is disabled.
libcuda.so.1: cannot open shared object file: No such file or directory
libcuda.dylib: cannot open shared object file: No such file or directory
/usr/lib64/libcuda.so.1: cannot open shared object file: No such file or directory
/usr/lib64/libcuda.dylib: cannot open shared object file: No such file or directory
If you are not interested in CUDA-aware support, then run with
--mca mpi_cuda_support 0 to suppress this message.  If you are interested
in CUDA-aware support, then try setting LD_LIBRARY_PATH to the location
of libcuda.so.1 to get passed this issue.
--------------------------------------------------------------------------
Grid Size       : 1024
Duration of Sim : 100
Time step dt    : 0.0515744
Process geometry: 2 x 1

[buyukliman.kuacc.ku.edu.tr:51009] 1 more process has sent help message help-mpi-common-cuda.txt / dlopen failed
[buyukliman.kuacc.ku.edu.tr:51009] Set MCA parameter "orte_base_help_aggregate" to 0 to see all help / error messages
Number of Iterations        : 1939
Elapsed Time (sec)          : 5.97993
Sustained Gflops Rate       : 9.52006
Sustained Bandwidth (GB/sec): 10.8801

Max: 0.992891 L2norm: 0.288324
4 MPI 2 2
--------------------------------------------------------------------------
The library attempted to open the following supporting CUDA libraries,
but each of them failed.  CUDA-aware support is disabled.
libcuda.so.1: cannot open shared object file: No such file or directory
libcuda.dylib: cannot open shared object file: No such file or directory
/usr/lib64/libcuda.so.1: cannot open shared object file: No such file or directory
/usr/lib64/libcuda.dylib: cannot open shared object file: No such file or directory
If you are not interested in CUDA-aware support, then run with
--mca mpi_cuda_support 0 to suppress this message.  If you are interested
in CUDA-aware support, then try setting LD_LIBRARY_PATH to the location
of libcuda.so.1 to get passed this issue.
--------------------------------------------------------------------------
Grid Size       : 1024
Duration of Sim : 100
Time step dt    : 0.0515744
Process geometry: 2 x 2

Number of Iterations        : 1939
Elapsed Time (sec)          : 3.45484
Sustained Gflops Rate       : 16.4781
Sustained Bandwidth (GB/sec): 18.8322

Max: 0.992891 L2norm: 0.288324
[buyukliman.kuacc.ku.edu.tr:51038] 3 more processes have sent help message help-mpi-common-cuda.txt / dlopen failed
[buyukliman.kuacc.ku.edu.tr:51038] Set MCA parameter "orte_base_help_aggregate" to 0 to see all help / error messages
4 MPI 1 4
--------------------------------------------------------------------------
The library attempted to open the following supporting CUDA libraries,
but each of them failed.  CUDA-aware support is disabled.
libcuda.so.1: cannot open shared object file: No such file or directory
libcuda.dylib: cannot open shared object file: No such file or directory
/usr/lib64/libcuda.so.1: cannot open shared object file: No such file or directory
/usr/lib64/libcuda.dylib: cannot open shared object file: No such file or directory
If you are not interested in CUDA-aware support, then run with
--mca mpi_cuda_support 0 to suppress this message.  If you are interested
in CUDA-aware support, then try setting LD_LIBRARY_PATH to the location
of libcuda.so.1 to get passed this issue.
--------------------------------------------------------------------------
Grid Size       : 1024
Duration of Sim : 100
Time step dt    : 0.0515744
Process geometry: 1 x 4

Number of Iterations        : 1939
Elapsed Time (sec)          : 2.79857
Sustained Gflops Rate       : 20.3423
Sustained Bandwidth (GB/sec): 23.2483

Max: 0.992891 L2norm: 0.288324
[buyukliman.kuacc.ku.edu.tr:51091] 3 more processes have sent help message help-mpi-common-cuda.txt / dlopen failed
[buyukliman.kuacc.ku.edu.tr:51091] Set MCA parameter "orte_base_help_aggregate" to 0 to see all help / error messages
4 MPI 4 1
--------------------------------------------------------------------------
The library attempted to open the following supporting CUDA libraries,
but each of them failed.  CUDA-aware support is disabled.
libcuda.so.1: cannot open shared object file: No such file or directory
libcuda.dylib: cannot open shared object file: No such file or directory
/usr/lib64/libcuda.so.1: cannot open shared object file: No such file or directory
/usr/lib64/libcuda.dylib: cannot open shared object file: No such file or directory
If you are not interested in CUDA-aware support, then run with
--mca mpi_cuda_support 0 to suppress this message.  If you are interested
in CUDA-aware support, then try setting LD_LIBRARY_PATH to the location
of libcuda.so.1 to get passed this issue.
--------------------------------------------------------------------------
Grid Size       : 1024
Duration of Sim : 100
Time step dt    : 0.0515744
Process geometry: 4 x 1

Number of Iterations        : 1939
Elapsed Time (sec)          : 4.22652
Sustained Gflops Rate       : 13.4695
Sustained Bandwidth (GB/sec): 15.3938

Max: 0.992891 L2norm: 0.288324
[buyukliman.kuacc.ku.edu.tr:51144] 3 more processes have sent help message help-mpi-common-cuda.txt / dlopen failed
[buyukliman.kuacc.ku.edu.tr:51144] Set MCA parameter "orte_base_help_aggregate" to 0 to see all help / error messages
8 MPI 1 8
--------------------------------------------------------------------------
The library attempted to open the following supporting CUDA libraries,
but each of them failed.  CUDA-aware support is disabled.
libcuda.so.1: cannot open shared object file: No such file or directory
libcuda.dylib: cannot open shared object file: No such file or directory
/usr/lib64/libcuda.so.1: cannot open shared object file: No such file or directory
/usr/lib64/libcuda.dylib: cannot open shared object file: No such file or directory
If you are not interested in CUDA-aware support, then run with
--mca mpi_cuda_support 0 to suppress this message.  If you are interested
in CUDA-aware support, then try setting LD_LIBRARY_PATH to the location
of libcuda.so.1 to get passed this issue.
--------------------------------------------------------------------------
Grid Size       : 1024
Duration of Sim : 100
Time step dt    : 0.0515744
Process geometry: 1 x 8

Number of Iterations        : 1939
Elapsed Time (sec)          : 2.23234
Sustained Gflops Rate       : 25.502
Sustained Bandwidth (GB/sec): 29.1452

Max: 0.992891 L2norm: 0.288324
[buyukliman.kuacc.ku.edu.tr:51197] 7 more processes have sent help message help-mpi-common-cuda.txt / dlopen failed
[buyukliman.kuacc.ku.edu.tr:51197] Set MCA parameter "orte_base_help_aggregate" to 0 to see all help / error messages
8 MPI 8 1
--------------------------------------------------------------------------
The library attempted to open the following supporting CUDA libraries,
but each of them failed.  CUDA-aware support is disabled.
libcuda.so.1: cannot open shared object file: No such file or directory
libcuda.dylib: cannot open shared object file: No such file or directory
/usr/lib64/libcuda.so.1: cannot open shared object file: No such file or directory
/usr/lib64/libcuda.dylib: cannot open shared object file: No such file or directory
If you are not interested in CUDA-aware support, then run with
--mca mpi_cuda_support 0 to suppress this message.  If you are interested
in CUDA-aware support, then try setting LD_LIBRARY_PATH to the location
of libcuda.so.1 to get passed this issue.
--------------------------------------------------------------------------
Grid Size       : 1024
Duration of Sim : 100
Time step dt    : 0.0515744
Process geometry: 8 x 1

Number of Iterations        : 1939
Elapsed Time (sec)          : 3.12798
Sustained Gflops Rate       : 18.2
Sustained Bandwidth (GB/sec): 20.8

Max: 0.992891 L2norm: 0.288324
[buyukliman.kuacc.ku.edu.tr:51298] 7 more processes have sent help message help-mpi-common-cuda.txt / dlopen failed
[buyukliman.kuacc.ku.edu.tr:51298] Set MCA parameter "orte_base_help_aggregate" to 0 to see all help / error messages
8 MPI 2 4
--------------------------------------------------------------------------
The library attempted to open the following supporting CUDA libraries,
but each of them failed.  CUDA-aware support is disabled.
libcuda.so.1: cannot open shared object file: No such file or directory
libcuda.dylib: cannot open shared object file: No such file or directory
/usr/lib64/libcuda.so.1: cannot open shared object file: No such file or directory
/usr/lib64/libcuda.dylib: cannot open shared object file: No such file or directory
If you are not interested in CUDA-aware support, then run with
--mca mpi_cuda_support 0 to suppress this message.  If you are interested
in CUDA-aware support, then try setting LD_LIBRARY_PATH to the location
of libcuda.so.1 to get passed this issue.
--------------------------------------------------------------------------
Grid Size       : 1024
Duration of Sim : 100
Time step dt    : 0.0515744
Process geometry: 2 x 4

Number of Iterations        : 1939
Elapsed Time (sec)          : 1.73659
Sustained Gflops Rate       : 32.7822
Sustained Bandwidth (GB/sec): 37.4654

Max: 0.992891 L2norm: 0.288324
[buyukliman.kuacc.ku.edu.tr:51399] 7 more processes have sent help message help-mpi-common-cuda.txt / dlopen failed
[buyukliman.kuacc.ku.edu.tr:51399] Set MCA parameter "orte_base_help_aggregate" to 0 to see all help / error messages
16 MPI 4 4
--------------------------------------------------------------------------
The library attempted to open the following supporting CUDA libraries,
but each of them failed.  CUDA-aware support is disabled.
libcuda.so.1: cannot open shared object file: No such file or directory
libcuda.dylib: cannot open shared object file: No such file or directory
/usr/lib64/libcuda.so.1: cannot open shared object file: No such file or directory
/usr/lib64/libcuda.dylib: cannot open shared object file: No such file or directory
If you are not interested in CUDA-aware support, then run with
--mca mpi_cuda_support 0 to suppress this message.  If you are interested
in CUDA-aware support, then try setting LD_LIBRARY_PATH to the location
of libcuda.so.1 to get passed this issue.
--------------------------------------------------------------------------
Grid Size       : 1024
Duration of Sim : 100
Time step dt    : 0.0515744
Process geometry: 4 x 4

Number of Iterations        : 1939
Elapsed Time (sec)          : 1.72904
Sustained Gflops Rate       : 32.9253
Sustained Bandwidth (GB/sec): 37.6289

Max: 0.992891 L2norm: 0.288324
[buyukliman.kuacc.ku.edu.tr:51501] 15 more processes have sent help message help-mpi-common-cuda.txt / dlopen failed
[buyukliman.kuacc.ku.edu.tr:51501] Set MCA parameter "orte_base_help_aggregate" to 0 to see all help / error messages
16 MPI 8 2
--------------------------------------------------------------------------
The library attempted to open the following supporting CUDA libraries,
but each of them failed.  CUDA-aware support is disabled.
libcuda.so.1: cannot open shared object file: No such file or directory
libcuda.dylib: cannot open shared object file: No such file or directory
/usr/lib64/libcuda.so.1: cannot open shared object file: No such file or directory
/usr/lib64/libcuda.dylib: cannot open shared object file: No such file or directory
If you are not interested in CUDA-aware support, then run with
--mca mpi_cuda_support 0 to suppress this message.  If you are interested
in CUDA-aware support, then try setting LD_LIBRARY_PATH to the location
of libcuda.so.1 to get passed this issue.
--------------------------------------------------------------------------
Grid Size       : 1024
Duration of Sim : 100
Time step dt    : 0.0515744
Process geometry: 8 x 2

Number of Iterations        : 1939
Elapsed Time (sec)          : 2.54945
Sustained Gflops Rate       : 22.33
Sustained Bandwidth (GB/sec): 25.52

Max: 0.992891 L2norm: 0.288324
[buyukliman.kuacc.ku.edu.tr:51698] 15 more processes have sent help message help-mpi-common-cuda.txt / dlopen failed
[buyukliman.kuacc.ku.edu.tr:51698] Set MCA parameter "orte_base_help_aggregate" to 0 to see all help / error messages
16 MPI 2 8
--------------------------------------------------------------------------
The library attempted to open the following supporting CUDA libraries,
but each of them failed.  CUDA-aware support is disabled.
libcuda.so.1: cannot open shared object file: No such file or directory
libcuda.dylib: cannot open shared object file: No such file or directory
/usr/lib64/libcuda.so.1: cannot open shared object file: No such file or directory
/usr/lib64/libcuda.dylib: cannot open shared object file: No such file or directory
If you are not interested in CUDA-aware support, then run with
--mca mpi_cuda_support 0 to suppress this message.  If you are interested
in CUDA-aware support, then try setting LD_LIBRARY_PATH to the location
of libcuda.so.1 to get passed this issue.
--------------------------------------------------------------------------
Grid Size       : 1024
Duration of Sim : 100
Time step dt    : 0.0515744
Process geometry: 2 x 8

Number of Iterations        : 1939
Elapsed Time (sec)          : 1.62487
Sustained Gflops Rate       : 35.0363
Sustained Bandwidth (GB/sec): 40.0415

Max: 0.992891 L2norm: 0.288324
[buyukliman.kuacc.ku.edu.tr:51895] 15 more processes have sent help message help-mpi-common-cuda.txt / dlopen failed
[buyukliman.kuacc.ku.edu.tr:51895] Set MCA parameter "orte_base_help_aggregate" to 0 to see all help / error messages
16 MPI 2 8
--------------------------------------------------------------------------
The library attempted to open the following supporting CUDA libraries,
but each of them failed.  CUDA-aware support is disabled.
libcuda.so.1: cannot open shared object file: No such file or directory
libcuda.dylib: cannot open shared object file: No such file or directory
/usr/lib64/libcuda.so.1: cannot open shared object file: No such file or directory
/usr/lib64/libcuda.dylib: cannot open shared object file: No such file or directory
If you are not interested in CUDA-aware support, then run with
--mca mpi_cuda_support 0 to suppress this message.  If you are interested
in CUDA-aware support, then try setting LD_LIBRARY_PATH to the location
of libcuda.so.1 to get passed this issue.
--------------------------------------------------------------------------
Grid Size       : 1024
Duration of Sim : 100
Time step dt    : 0.0515744
Process geometry: 1 x 16

Number of Iterations        : 1939
Elapsed Time (sec)          : 1.22569
Sustained Gflops Rate       : 46.4469
Sustained Bandwidth (GB/sec): 53.0822

Max: 0.992891 L2norm: 0.288324
[buyukliman.kuacc.ku.edu.tr:52092] 15 more processes have sent help message help-mpi-common-cuda.txt / dlopen failed
[buyukliman.kuacc.ku.edu.tr:52092] Set MCA parameter "orte_base_help_aggregate" to 0 to see all help / error messages
32 MPI 1 32
--------------------------------------------------------------------------
There are not enough slots available in the system to satisfy the 32 slots
that were requested by the application:
  ./cardiacsim

Either request fewer slots for your application, or make more slots available
for use.
--------------------------------------------------------------------------
32 MPI 2 16
--------------------------------------------------------------------------
There are not enough slots available in the system to satisfy the 32 slots
that were requested by the application:
  ./cardiacsim

Either request fewer slots for your application, or make more slots available
for use.
--------------------------------------------------------------------------
32 MPI 4 8
--------------------------------------------------------------------------
There are not enough slots available in the system to satisfy the 32 slots
that were requested by the application:
  ./cardiacsim

Either request fewer slots for your application, or make more slots available
for use.
--------------------------------------------------------------------------
32 MPI 8 4
--------------------------------------------------------------------------
There are not enough slots available in the system to satisfy the 32 slots
that were requested by the application:
  ./cardiacsim

Either request fewer slots for your application, or make more slots available
for use.
--------------------------------------------------------------------------
32 MPI 16 2
--------------------------------------------------------------------------
There are not enough slots available in the system to satisfy the 32 slots
that were requested by the application:
  ./cardiacsim

Either request fewer slots for your application, or make more slots available
for use.
--------------------------------------------------------------------------
32 MPI 32 1
--------------------------------------------------------------------------
There are not enough slots available in the system to satisfy the 32 slots
that were requested by the application:
  ./cardiacsim

Either request fewer slots for your application, or make more slots available
for use.
--------------------------------------------------------------------------
Finished with execution!
