Loading openmpi module ...
Loading GCC module ...

======================================================================================
======================================================================================

Setting stack size to unlimited...
core file size          (blocks, -c) 0
data seg size           (kbytes, -d) unlimited
scheduling priority             (-e) 0
file size               (blocks, -f) unlimited
pending signals                 (-i) 191388
max locked memory       (kbytes, -l) unlimited
max memory size         (kbytes, -m) 16384000
open files                      (-n) 1024
pipe size            (512 bytes, -p) 8
POSIX message queues     (bytes, -q) 819200
real-time priority              (-r) 0
stack size              (kbytes, -s) unlimited
cpu time               (seconds, -t) unlimited
max user processes              (-u) 4096
virtual memory          (kbytes, -v) unlimited
file locks                      (-x) unlimited

Serial version ...
Grid Size       : 400
Duration of Sim : 100
Time step dt    : 0.0515744
Process geometry: 1 x 1

Number of Iterations        : 1939
Elapsed Time (sec)          : 1.33594
Sustained Gflops Rate       : 6.50234
Sustained Bandwidth (GB/sec): 7.43125

Max: 0.991272 L2norm: 0.592597
Serial version ...
Grid Size       : 1024
Duration of Sim : 100
Time step dt    : 0.0515744
Process geometry: 1 x 1

Number of Iterations        : 1939
Elapsed Time (sec)          : 9.97318
Sustained Gflops Rate       : 5.70824
Sustained Bandwidth (GB/sec): 6.5237

Max: 0.992891 L2norm: 0.288324
1 MPI + 2 OpenMP
Grid Size       : 1024
Duration of Sim : 100
Time step dt    : 0.0515744
Process geometry: 1 x 1

Number of Iterations        : 1939
Elapsed Time (sec)          : 10.4101
Sustained Gflops Rate       : 5.46865
Sustained Bandwidth (GB/sec): 6.24989

Max: 0.992891 L2norm: 0.288324
2 MPI + 2 OpenMP
Grid Size       : 1024
Duration of Sim : 100
Time step dt    : 0.0515744
Process geometry: 1 x 2

Number of Iterations        : 1939
Elapsed Time (sec)          : 5.67798
Sustained Gflops Rate       : 10.0263
Sustained Bandwidth (GB/sec): 11.4587

Max: 0.992891 L2norm: 0.288324
4 MPI + 2 OpenMP
Grid Size       : 1024
Duration of Sim : 100
Time step dt    : 0.0515744
Process geometry: 1 x 4

Number of Iterations        : 1939
Elapsed Time (sec)          : 2.87458
Sustained Gflops Rate       : 19.8044
Sustained Bandwidth (GB/sec): 22.6336

Max: 0.992891 L2norm: 0.288324
8 MPI + 2 OpenMP
Grid Size       : 1024
Duration of Sim : 100
Time step dt    : 0.0515744
Process geometry: 1 x 8

Number of Iterations        : 1939
Elapsed Time (sec)          : 1.56238
Sustained Gflops Rate       : 36.4376
Sustained Bandwidth (GB/sec): 41.643

Max: 0.992891 L2norm: 0.288324
16 MPI + 2 OpenMP
Grid Size       : 1024
Duration of Sim : 100
Time step dt    : 0.0515744
Process geometry: 1 x 16

Number of Iterations        : 1939
Elapsed Time (sec)          : 0.789344
Sustained Gflops Rate       : 72.1223
Sustained Bandwidth (GB/sec): 82.4255

Max: 0.992891 L2norm: 0.288324
1 MPI + 4 OpenMP
Grid Size       : 1024
Duration of Sim : 100
Time step dt    : 0.0515744
Process geometry: 1 x 1

Number of Iterations        : 1939
Elapsed Time (sec)          : 10.4596
Sustained Gflops Rate       : 5.44277
Sustained Bandwidth (GB/sec): 6.22031

Max: 0.992891 L2norm: 0.288324
2 MPI + 4 OpenMP
Grid Size       : 1024
Duration of Sim : 100
Time step dt    : 0.0515744
Process geometry: 1 x 2

Number of Iterations        : 1939
Elapsed Time (sec)          : 5.67787
Sustained Gflops Rate       : 10.0265
Sustained Bandwidth (GB/sec): 11.4589

Max: 0.992891 L2norm: 0.288324
4 MPI + 4 OpenMP
Grid Size       : 1024
Duration of Sim : 100
Time step dt    : 0.0515744
Process geometry: 1 x 4

Number of Iterations        : 1939
Elapsed Time (sec)          : 2.80989
Sustained Gflops Rate       : 20.2603
Sustained Bandwidth (GB/sec): 23.1547

Max: 0.992891 L2norm: 0.288324
8 MPI + 4 OpenMP
Grid Size       : 1024
Duration of Sim : 100
Time step dt    : 0.0515744
Process geometry: 1 x 8

Number of Iterations        : 1939
Elapsed Time (sec)          : 1.55534
Sustained Gflops Rate       : 36.6026
Sustained Bandwidth (GB/sec): 41.8315

Max: 0.992891 L2norm: 0.288324
1 MPI + 8 OpenMP
Grid Size       : 1024
Duration of Sim : 100
Time step dt    : 0.0515744
Process geometry: 1 x 1

Number of Iterations        : 1939
Elapsed Time (sec)          : 10.5008
Sustained Gflops Rate       : 5.4214
Sustained Bandwidth (GB/sec): 6.19589

Max: 0.992891 L2norm: 0.288324
2 MPI + 8 OpenMP
Grid Size       : 1024
Duration of Sim : 100
Time step dt    : 0.0515744
Process geometry: 1 x 2

Number of Iterations        : 1939
Elapsed Time (sec)          : 5.77036
Sustained Gflops Rate       : 9.8658
Sustained Bandwidth (GB/sec): 11.2752

Max: 0.992891 L2norm: 0.288324
4 MPI + 8 OpenMP
Grid Size       : 1024
Duration of Sim : 100
Time step dt    : 0.0515744
Process geometry: 1 x 4

Number of Iterations        : 1939
Elapsed Time (sec)          : 2.82779
Sustained Gflops Rate       : 20.1321
Sustained Bandwidth (GB/sec): 23.0081

Max: 0.992891 L2norm: 0.288324
1 MPI + 16 OpenMP
Grid Size       : 1024
Duration of Sim : 100
Time step dt    : 0.0515744
Process geometry: 1 x 1

Number of Iterations        : 1939
Elapsed Time (sec)          : 10.5316
Sustained Gflops Rate       : 5.40555
Sustained Bandwidth (GB/sec): 6.17777

Max: 0.992891 L2norm: 0.288324
2 MPI + 16 OpenMP
Grid Size       : 1024
Duration of Sim : 100
Time step dt    : 0.0515744
Process geometry: 1 x 2

Number of Iterations        : 1939
Elapsed Time (sec)          : 5.68611
Sustained Gflops Rate       : 10.012
Sustained Bandwidth (GB/sec): 11.4423

Max: 0.992891 L2norm: 0.288324
Finished with execution!
