Loading openmpi module ...
Loading GCC module ...

======================================================================================
======================================================================================

Setting stack size to unlimited...
core file size          (blocks, -c) 0
data seg size           (kbytes, -d) unlimited
scheduling priority             (-e) 0
file size               (blocks, -f) unlimited
pending signals                 (-i) 1030562
max locked memory       (kbytes, -l) unlimited
max memory size         (kbytes, -m) 16384000
open files                      (-n) 1024
pipe size            (512 bytes, -p) 8
POSIX message queues     (bytes, -q) 819200
real-time priority              (-r) 0
stack size              (kbytes, -s) unlimited
cpu time               (seconds, -t) unlimited
max user processes              (-u) 4096
virtual memory          (kbytes, -v) unlimited
file locks                      (-x) unlimited

Serial version ...
--------------------------------------------------------------------------
The library attempted to open the following supporting CUDA libraries,
but each of them failed.  CUDA-aware support is disabled.
libcuda.so.1: cannot open shared object file: No such file or directory
libcuda.dylib: cannot open shared object file: No such file or directory
/usr/lib64/libcuda.so.1: cannot open shared object file: No such file or directory
/usr/lib64/libcuda.dylib: cannot open shared object file: No such file or directory
If you are not interested in CUDA-aware support, then run with
--mca mpi_cuda_support 0 to suppress this message.  If you are interested
in CUDA-aware support, then try setting LD_LIBRARY_PATH to the location
of libcuda.so.1 to get passed this issue.
--------------------------------------------------------------------------
Grid Size       : 400
Duration of Sim : 100
Time step dt    : 0.0515744
Process geometry: 1 x 1

Number of Iterations        : 1939
Elapsed Time (sec)          : 1.35613
Sustained Gflops Rate       : 6.40554
Sustained Bandwidth (GB/sec): 7.32062

Max: 0.991272 L2norm: 0.592597
Serial version ...
--------------------------------------------------------------------------
The library attempted to open the following supporting CUDA libraries,
but each of them failed.  CUDA-aware support is disabled.
libcuda.so.1: cannot open shared object file: No such file or directory
libcuda.dylib: cannot open shared object file: No such file or directory
/usr/lib64/libcuda.so.1: cannot open shared object file: No such file or directory
/usr/lib64/libcuda.dylib: cannot open shared object file: No such file or directory
If you are not interested in CUDA-aware support, then run with
--mca mpi_cuda_support 0 to suppress this message.  If you are interested
in CUDA-aware support, then try setting LD_LIBRARY_PATH to the location
of libcuda.so.1 to get passed this issue.
--------------------------------------------------------------------------
Grid Size       : 1024
Duration of Sim : 100
Time step dt    : 0.0515744
Process geometry: 1 x 1

Number of Iterations        : 1939
Elapsed Time (sec)          : 9.77195
Sustained Gflops Rate       : 5.82578
Sustained Bandwidth (GB/sec): 6.65804

Max: 0.992891 L2norm: 0.288324
1 MPI n=256
--------------------------------------------------------------------------
The library attempted to open the following supporting CUDA libraries,
but each of them failed.  CUDA-aware support is disabled.
libcuda.so.1: cannot open shared object file: No such file or directory
libcuda.dylib: cannot open shared object file: No such file or directory
/usr/lib64/libcuda.so.1: cannot open shared object file: No such file or directory
/usr/lib64/libcuda.dylib: cannot open shared object file: No such file or directory
If you are not interested in CUDA-aware support, then run with
--mca mpi_cuda_support 0 to suppress this message.  If you are interested
in CUDA-aware support, then try setting LD_LIBRARY_PATH to the location
of libcuda.so.1 to get passed this issue.
--------------------------------------------------------------------------
Grid Size       : 256
Duration of Sim : 10000
Time step dt    : 0.0515744
Process geometry: 1 x 4

Number of Iterations        : 193895
Elapsed Time (sec)          : 546.452
Sustained Gflops Rate       : 0.651107
Sustained Bandwidth (GB/sec): 0.744122

Max: 5.43472e-323 L2norm: 0
2 MPI n=256
--------------------------------------------------------------------------
The library attempted to open the following supporting CUDA libraries,
but each of them failed.  CUDA-aware support is disabled.
libcuda.so.1: cannot open shared object file: No such file or directory
libcuda.dylib: cannot open shared object file: No such file or directory
/usr/lib64/libcuda.so.1: cannot open shared object file: No such file or directory
/usr/lib64/libcuda.dylib: cannot open shared object file: No such file or directory
If you are not interested in CUDA-aware support, then run with
--mca mpi_cuda_support 0 to suppress this message.  If you are interested
in CUDA-aware support, then try setting LD_LIBRARY_PATH to the location
of libcuda.so.1 to get passed this issue.
--------------------------------------------------------------------------
Grid Size       : 512
Duration of Sim : 5000
Time step dt    : 0.0515744
Process geometry: 1 x 2

[buyukliman.kuacc.ku.edu.tr:54619] 1 more process has sent help message help-mpi-common-cuda.txt / dlopen failed
[buyukliman.kuacc.ku.edu.tr:54619] Set MCA parameter "orte_base_help_aggregate" to 0 to see all help / error messages
Number of Iterations        : 96948
Elapsed Time (sec)          : 48.6958
Sustained Gflops Rate       : 14.6132
Sustained Bandwidth (GB/sec): 16.7008

Max: 0.983968 L2norm: 0.602024
4 MPI n=256
--------------------------------------------------------------------------
The library attempted to open the following supporting CUDA libraries,
but each of them failed.  CUDA-aware support is disabled.
libcuda.so.1: cannot open shared object file: No such file or directory
libcuda.dylib: cannot open shared object file: No such file or directory
/usr/lib64/libcuda.so.1: cannot open shared object file: No such file or directory
/usr/lib64/libcuda.dylib: cannot open shared object file: No such file or directory
If you are not interested in CUDA-aware support, then run with
--mca mpi_cuda_support 0 to suppress this message.  If you are interested
in CUDA-aware support, then try setting LD_LIBRARY_PATH to the location
of libcuda.so.1 to get passed this issue.
--------------------------------------------------------------------------
Grid Size       : 1024
Duration of Sim : 2500
Time step dt    : 0.0515744
Process geometry: 1 x 4

[buyukliman.kuacc.ku.edu.tr:54656] 3 more processes have sent help message help-mpi-common-cuda.txt / dlopen failed
[buyukliman.kuacc.ku.edu.tr:54656] Set MCA parameter "orte_base_help_aggregate" to 0 to see all help / error messages
Number of Iterations        : 48474
Elapsed Time (sec)          : 50.8113
Sustained Gflops Rate       : 28.0096
Sustained Bandwidth (GB/sec): 32.0109

Max: 0.983819 L2norm: 0.633518
8 MPI n=256
--------------------------------------------------------------------------
The library attempted to open the following supporting CUDA libraries,
but each of them failed.  CUDA-aware support is disabled.
libcuda.so.1: cannot open shared object file: No such file or directory
libcuda.dylib: cannot open shared object file: No such file or directory
/usr/lib64/libcuda.so.1: cannot open shared object file: No such file or directory
/usr/lib64/libcuda.dylib: cannot open shared object file: No such file or directory
If you are not interested in CUDA-aware support, then run with
--mca mpi_cuda_support 0 to suppress this message.  If you are interested
in CUDA-aware support, then try setting LD_LIBRARY_PATH to the location
of libcuda.so.1 to get passed this issue.
--------------------------------------------------------------------------
Grid Size       : 2048
Duration of Sim : 1250
Time step dt    : 0.0515744
Process geometry: 1 x 8

[buyukliman.kuacc.ku.edu.tr:54720] 7 more processes have sent help message help-mpi-common-cuda.txt / dlopen failed
[buyukliman.kuacc.ku.edu.tr:54720] Set MCA parameter "orte_base_help_aggregate" to 0 to see all help / error messages
Number of Iterations        : 24237
Elapsed Time (sec)          : 123
Sustained Gflops Rate       : 23.1416
Sustained Bandwidth (GB/sec): 26.4475

Max: 0.97616 L2norm: 0.638694
16 MPI n=256
--------------------------------------------------------------------------
The library attempted to open the following supporting CUDA libraries,
but each of them failed.  CUDA-aware support is disabled.
libcuda.so.1: cannot open shared object file: No such file or directory
libcuda.dylib: cannot open shared object file: No such file or directory
/usr/lib64/libcuda.so.1: cannot open shared object file: No such file or directory
/usr/lib64/libcuda.dylib: cannot open shared object file: No such file or directory
If you are not interested in CUDA-aware support, then run with
--mca mpi_cuda_support 0 to suppress this message.  If you are interested
in CUDA-aware support, then try setting LD_LIBRARY_PATH to the location
of libcuda.so.1 to get passed this issue.
--------------------------------------------------------------------------
Grid Size       : 4096
Duration of Sim : 725
Time step dt    : 0.0515744
Process geometry: 1 x 16

[buyukliman.kuacc.ku.edu.tr:54831] 15 more processes have sent help message help-mpi-common-cuda.txt / dlopen failed
[buyukliman.kuacc.ku.edu.tr:54831] Set MCA parameter "orte_base_help_aggregate" to 0 to see all help / error messages
Number of Iterations        : 14058
Elapsed Time (sec)          : 300.109
Sustained Gflops Rate       : 22.005
Sustained Bandwidth (GB/sec): 25.1486

Max: 0.993055 L2norm: 0.443322
32 MPI n=256
--------------------------------------------------------------------------
The library attempted to open the following supporting CUDA libraries,
but each of them failed.  CUDA-aware support is disabled.
libcuda.so.1: cannot open shared object file: No such file or directory
libcuda.dylib: cannot open shared object file: No such file or directory
/usr/lib64/libcuda.so.1: cannot open shared object file: No such file or directory
/usr/lib64/libcuda.dylib: cannot open shared object file: No such file or directory
If you are not interested in CUDA-aware support, then run with
--mca mpi_cuda_support 0 to suppress this message.  If you are interested
in CUDA-aware support, then try setting LD_LIBRARY_PATH to the location
of libcuda.so.1 to get passed this issue.
--------------------------------------------------------------------------
Grid Size       : 8192
Duration of Sim : 15
Time step dt    : 0.0515744
Process geometry: 1 x 32

[buyukliman.kuacc.ku.edu.tr:55046] 15 more processes have sent help message help-mpi-common-cuda.txt / dlopen failed
[buyukliman.kuacc.ku.edu.tr:55046] Set MCA parameter "orte_base_help_aggregate" to 0 to see all help / error messages
Number of Iterations        : 291
Elapsed Time (sec)          : 13.8149
Sustained Gflops Rate       : 39.5807
Sustained Bandwidth (GB/sec): 45.2351

Max: 0.992892 L2norm: 0.490048
Finished with execution!
