Loading openmpi module ...
Loading GCC module ...

======================================================================================
======================================================================================

Setting stack size to unlimited...
core file size          (blocks, -c) 0
data seg size           (kbytes, -d) unlimited
scheduling priority             (-e) 0
file size               (blocks, -f) unlimited
pending signals                 (-i) 1030872
max locked memory       (kbytes, -l) unlimited
max memory size         (kbytes, -m) 16384000
open files                      (-n) 1024
pipe size            (512 bytes, -p) 8
POSIX message queues     (bytes, -q) 819200
real-time priority              (-r) 0
stack size              (kbytes, -s) unlimited
cpu time               (seconds, -t) unlimited
max user processes              (-u) 4096
virtual memory          (kbytes, -v) unlimited
file locks                      (-x) unlimited

Serial version ...
Grid Size       : 400
Duration of Sim : 100
Time step dt    : 0.0515744
Process geometry: 1 x 1

Number of Iterations        : 1939
Elapsed Time (sec)          : 1.71461
Sustained Gflops Rate       : 5.0663
Sustained Bandwidth (GB/sec): 5.79006

Max: 0.991272 L2norm: 0.592597
Serial version ...
Grid Size       : 1024
Duration of Sim : 100
Time step dt    : 0.0515744
Process geometry: 1 x 1

Number of Iterations        : 1939
Elapsed Time (sec)          : 11.0727
Sustained Gflops Rate       : 5.14139
Sustained Bandwidth (GB/sec): 5.87588

Max: 0.992891 L2norm: 0.288324
1 MPI
Grid Size       : 1024
Duration of Sim : 100
Time step dt    : 0.0515744
Process geometry: 1 x 1

Number of Iterations        : 1939
Elapsed Time (sec)          : 11.1071
Sustained Gflops Rate       : 5.12547
Sustained Bandwidth (GB/sec): 5.85768

Max: 0.992891 L2norm: 0.288324
2 MPI 2 1
Grid Size       : 1024
Duration of Sim : 100
Time step dt    : 0.0515744
Process geometry: 2 x 1

Number of Iterations        : 1939
Elapsed Time (sec)          : 7.06564
Sustained Gflops Rate       : 8.0572
Sustained Bandwidth (GB/sec): 9.20823

Max: 0.992891 L2norm: 0.288324
2 MPI 1 2
Grid Size       : 1024
Duration of Sim : 100
Time step dt    : 0.0515744
Process geometry: 1 x 2

Number of Iterations        : 1939
Elapsed Time (sec)          : 6.37523
Sustained Gflops Rate       : 8.92976
Sustained Bandwidth (GB/sec): 10.2054

Max: 0.992891 L2norm: 0.288324
4 MPI 2 2
Grid Size       : 1024
Duration of Sim : 100
Time step dt    : 0.0515744
Process geometry: 2 x 2

Number of Iterations        : 1939
Elapsed Time (sec)          : 3.95527
Sustained Gflops Rate       : 14.3933
Sustained Bandwidth (GB/sec): 16.4495

Max: 0.992891 L2norm: 0.288324
4 MPI 1 4
Grid Size       : 1024
Duration of Sim : 100
Time step dt    : 0.0515744
Process geometry: 1 x 4

Number of Iterations        : 1939
Elapsed Time (sec)          : 3.27752
Sustained Gflops Rate       : 17.3696
Sustained Bandwidth (GB/sec): 19.851

Max: 0.992891 L2norm: 0.288324
4 MPI 4 1
Grid Size       : 1024
Duration of Sim : 100
Time step dt    : 0.0515744
Process geometry: 4 x 1

Number of Iterations        : 1939
Elapsed Time (sec)          : 4.68153
Sustained Gflops Rate       : 12.1604
Sustained Bandwidth (GB/sec): 13.8976

Max: 0.992891 L2norm: 0.288324
8 MPI 1 8
Grid Size       : 1024
Duration of Sim : 100
Time step dt    : 0.0515744
Process geometry: 1 x 8

Number of Iterations        : 1939
Elapsed Time (sec)          : 1.85727
Sustained Gflops Rate       : 30.6522
Sustained Bandwidth (GB/sec): 35.031

Max: 0.992891 L2norm: 0.288324
8 MPI 8 1
Grid Size       : 1024
Duration of Sim : 100
Time step dt    : 0.0515744
Process geometry: 8 x 1

Number of Iterations        : 1939
Elapsed Time (sec)          : 3.56974
Sustained Gflops Rate       : 15.9477
Sustained Bandwidth (GB/sec): 18.226

Max: 0.992891 L2norm: 0.288324
8 MPI 2 4
Grid Size       : 1024
Duration of Sim : 100
Time step dt    : 0.0515744
Process geometry: 2 x 4

Number of Iterations        : 1939
Elapsed Time (sec)          : 2.18812
Sustained Gflops Rate       : 26.0174
Sustained Bandwidth (GB/sec): 29.7342

Max: 0.992891 L2norm: 0.288324
8 MPI 4 2
Grid Size       : 1024
Duration of Sim : 100
Time step dt    : 0.0515744
Process geometry: 4 x 2

Number of Iterations        : 1939
Elapsed Time (sec)          : 2.80133
Sustained Gflops Rate       : 20.3222
Sustained Bandwidth (GB/sec): 23.2254

Max: 0.992891 L2norm: 0.288324
16 MPI 1 16
Grid Size       : 1024
Duration of Sim : 100
Time step dt    : 0.0515744
Process geometry: 1 x 16

Number of Iterations        : 1939
Elapsed Time (sec)          : 1.07273
Sustained Gflops Rate       : 53.0695
Sustained Bandwidth (GB/sec): 60.6509

Max: 0.992891 L2norm: 0.288324
16 MPI 16 1
Grid Size       : 1024
Duration of Sim : 100
Time step dt    : 0.0515744
Process geometry: 16 x 1

Number of Iterations        : 1939
Elapsed Time (sec)          : 2.96236
Sustained Gflops Rate       : 19.2175
Sustained Bandwidth (GB/sec): 21.9629

Max: 0.992891 L2norm: 0.288324
16 MPI 4 4
Grid Size       : 1024
Duration of Sim : 100
Time step dt    : 0.0515744
Process geometry: 4 x 4

Number of Iterations        : 1939
Elapsed Time (sec)          : 1.56738
Sustained Gflops Rate       : 36.3213
Sustained Bandwidth (GB/sec): 41.51

Max: 0.992891 L2norm: 0.288324
16 MPI 8 2
Grid Size       : 1024
Duration of Sim : 100
Time step dt    : 0.0515744
Process geometry: 8 x 2

Number of Iterations        : 1939
Elapsed Time (sec)          : 2.15013
Sustained Gflops Rate       : 26.4771
Sustained Bandwidth (GB/sec): 30.2596

Max: 0.992891 L2norm: 0.288324
16 MPI 2 8
Grid Size       : 1024
Duration of Sim : 100
Time step dt    : 0.0515744
Process geometry: 2 x 8

Number of Iterations        : 1939
Elapsed Time (sec)          : 1.22641
Sustained Gflops Rate       : 46.4196
Sustained Bandwidth (GB/sec): 53.0509

Max: 0.992891 L2norm: 0.288324
Finished with execution!
