Loading openmpi module ...
Loading GCC module ...

======================================================================================
======================================================================================

Setting stack size to unlimited...
core file size          (blocks, -c) 0
data seg size           (kbytes, -d) unlimited
scheduling priority             (-e) 0
file size               (blocks, -f) unlimited
pending signals                 (-i) 2062696
max locked memory       (kbytes, -l) unlimited
max memory size         (kbytes, -m) 32768000
open files                      (-n) 1024
pipe size            (512 bytes, -p) 8
POSIX message queues     (bytes, -q) 819200
real-time priority              (-r) 0
stack size              (kbytes, -s) unlimited
cpu time               (seconds, -t) unlimited
max user processes              (-u) 4096
virtual memory          (kbytes, -v) unlimited
file locks                      (-x) unlimited

Serial version ...
Grid Size       : 1024
Duration of Sim : 100
Time step dt    : 0.0515744
Process geometry: 1 x 1

Number of Iterations        : 1939
Elapsed Time (sec)          : 8.00168
Sustained Gflops Rate       : 7.11467
Sustained Bandwidth (GB/sec): 8.13105

Max: 0.992891 L2norm: 0.288324
1 MPI + 2 OpenMP
Grid Size       : 1024
Duration of Sim : 100
Time step dt    : 0.0515744
Process geometry: 1 x 1

Number of Iterations        : 1939
Elapsed Time (sec)          : 8.12311
Sustained Gflops Rate       : 7.00832
Sustained Bandwidth (GB/sec): 8.0095

Max: 0.992891 L2norm: 0.288324
2 MPI + 2 OpenMP
Grid Size       : 1024
Duration of Sim : 100
Time step dt    : 0.0515744
Process geometry: 1 x 2

Number of Iterations        : 1939
Elapsed Time (sec)          : 4.3108
Sustained Gflops Rate       : 13.2062
Sustained Bandwidth (GB/sec): 15.0928

Max: 0.992891 L2norm: 0.288324
4 MPI + 2 OpenMP
Grid Size       : 1024
Duration of Sim : 100
Time step dt    : 0.0515744
Process geometry: 1 x 4

Number of Iterations        : 1939
Elapsed Time (sec)          : 2.32965
Sustained Gflops Rate       : 24.4369
Sustained Bandwidth (GB/sec): 27.9279

Max: 0.992891 L2norm: 0.288324
8 MPI + 2 OpenMP
Grid Size       : 1024
Duration of Sim : 100
Time step dt    : 0.0515744
Process geometry: 1 x 8

Number of Iterations        : 1939
Elapsed Time (sec)          : 1.30188
Sustained Gflops Rate       : 43.7284
Sustained Bandwidth (GB/sec): 49.9753

Max: 0.992891 L2norm: 0.288324
16 MPI + 2 OpenMP
Grid Size       : 1024
Duration of Sim : 100
Time step dt    : 0.0515744
Process geometry: 1 x 16

Number of Iterations        : 1939
Elapsed Time (sec)          : 0.788792
Sustained Gflops Rate       : 72.1728
Sustained Bandwidth (GB/sec): 82.4832

Max: 0.992891 L2norm: 0.288324
1 MPI + 4 OpenMP
Grid Size       : 1024
Duration of Sim : 100
Time step dt    : 0.0515744
Process geometry: 1 x 1

Number of Iterations        : 1939
Elapsed Time (sec)          : 7.99667
Sustained Gflops Rate       : 7.11913
Sustained Bandwidth (GB/sec): 8.13614

Max: 0.992891 L2norm: 0.288324
2 MPI + 4 OpenMP
Grid Size       : 1024
Duration of Sim : 100
Time step dt    : 0.0515744
Process geometry: 1 x 2

Number of Iterations        : 1939
Elapsed Time (sec)          : 4.32886
Sustained Gflops Rate       : 13.1511
Sustained Bandwidth (GB/sec): 15.0298

Max: 0.992891 L2norm: 0.288324
4 MPI + 4 OpenMP
Grid Size       : 1024
Duration of Sim : 100
Time step dt    : 0.0515744
Process geometry: 1 x 4

Number of Iterations        : 1939
Elapsed Time (sec)          : 2.27777
Sustained Gflops Rate       : 24.9935
Sustained Bandwidth (GB/sec): 28.564

Max: 0.992891 L2norm: 0.288324
8 MPI + 4 OpenMP
Grid Size       : 1024
Duration of Sim : 100
Time step dt    : 0.0515744
Process geometry: 1 x 8

Number of Iterations        : 1939
Elapsed Time (sec)          : 1.27571
Sustained Gflops Rate       : 44.6257
Sustained Bandwidth (GB/sec): 51.0008

Max: 0.992891 L2norm: 0.288324
1 MPI + 8 OpenMP
Grid Size       : 1024
Duration of Sim : 100
Time step dt    : 0.0515744
Process geometry: 1 x 1

Number of Iterations        : 1939
Elapsed Time (sec)          : 8.02124
Sustained Gflops Rate       : 7.09732
Sustained Bandwidth (GB/sec): 8.11122

Max: 0.992891 L2norm: 0.288324
2 MPI + 8 OpenMP
Grid Size       : 1024
Duration of Sim : 100
Time step dt    : 0.0515744
Process geometry: 1 x 2

Number of Iterations        : 1939
Elapsed Time (sec)          : 4.37472
Sustained Gflops Rate       : 13.0132
Sustained Bandwidth (GB/sec): 14.8723

Max: 0.992891 L2norm: 0.288324
4 MPI + 8 OpenMP
Grid Size       : 1024
Duration of Sim : 100
Time step dt    : 0.0515744
Process geometry: 1 x 4

Number of Iterations        : 1939
Elapsed Time (sec)          : 2.24423
Sustained Gflops Rate       : 25.3669
Sustained Bandwidth (GB/sec): 28.9907

Max: 0.992891 L2norm: 0.288324
1 MPI + 16 OpenMP
Grid Size       : 1024
Duration of Sim : 100
Time step dt    : 0.0515744
Process geometry: 1 x 1

Number of Iterations        : 1939
Elapsed Time (sec)          : 7.94037
Sustained Gflops Rate       : 7.1696
Sustained Bandwidth (GB/sec): 8.19383

Max: 0.992891 L2norm: 0.288324
2 MPI + 16 OpenMP
Grid Size       : 1024
Duration of Sim : 100
Time step dt    : 0.0515744
Process geometry: 1 x 2

Number of Iterations        : 1939
Elapsed Time (sec)          : 4.36268
Sustained Gflops Rate       : 13.0491
Sustained Bandwidth (GB/sec): 14.9133

Max: 0.992891 L2norm: 0.288324
Finished with execution!
